2024-08-13 10:32:27,980 [T1] INFO  EngineStarter
BOT Engine Start - v3.1.100.11228 at 2024-08-13 오전 10:32:27
EngineID: D_20240813_103227_217
PID : 4932
PPID: 8128
Working Directory: C:\Users\2C000013\AppData\Roaming\Brity RPA Designer

2024-08-13 10:32:28,000 [T1] INFO  EngineStarter
System Language: ko-KR
Resolution: 1920 x 1200

2024-08-13 10:32:28,251 [T1] INFO  Config
Initialize Config

2024-08-13 10:32:28,296 [T1] DEBUG Config
Config Loaded

2024-08-13 10:32:28,297 [T1] DEBUG Config
Backup config file.

2024-08-13 10:32:28,307 [T1] INFO  Config
Orchestrator Service => https://bwrpa.samsungsds.com:8777

2024-08-13 10:32:28,311 [T1] INFO  Config
Initialize Resource Config

2024-08-13 10:32:28,337 [T1] DEBUG Config
Refresh Language Information

2024-08-13 10:32:28,412 [T1] INFO  Config
All Config Initialized.

2024-08-13 10:32:28,419 [T1] DEBUG KeyManager
Initialize KeyManager

2024-08-13 10:32:28,421 [T1] DEBUG KeyManager
Load device unique id.

2024-08-13 10:32:28,429 [T1] DEBUG KeyManager
Device ID is initialized.

2024-08-13 10:32:28,466 [T1] INFO  CertLicenseClient
Initialize certificate.

2024-08-13 10:32:28,469 [T1] DEBUG CertLicenseClient
Set Security Protocol: Tls12

2024-08-13 10:32:28,495 [T5] DEBUG JobService
Connect to agent service

2024-08-13 10:32:28,523 [T5] DEBUG JobService
JobService URL : net.tcp://127.0.0.1:59001/rpa/agent

2024-08-13 10:32:28,523 [T5] DEBUG JobService
Open connection

2024-08-13 10:32:28,531 [T1] DEBUG ApplicationInitializer
InitMode: Thread

2024-08-13 10:32:28,538 [T5] DEBUG JobService
Register engine to agent

2024-08-13 10:32:28,540 [T1] INFO  LibraryManager
Load Libraries - Started

2024-08-13 10:32:28,551 [T5] DEBUG JobService
Engine is connected to agent service.

2024-08-13 10:32:28,551 [T5] DEBUG JobService
Owner Process PID: 8128

2024-08-13 10:32:28,554 [T5] INFO  JobService
Start monitoring owner process is terminated.

2024-08-13 10:32:28,555 [T1] DEBUG AddInLoader
Load Assembly : IPA.Lib.Chrome

2024-08-13 10:32:28,823 [T1] DEBUG AddInLoader
Load Assembly : IPA.Lib.Desktop

2024-08-13 10:32:29,021 [T1] DEBUG AddInLoader
Load Assembly : IPA.Lib.Excel

2024-08-13 10:32:29,194 [T1] DEBUG AddInLoader
Load Assembly : IPA.Lib.Flow

2024-08-13 10:32:29,311 [T1] DEBUG AddInLoader
Load Assembly : IPA.Lib.IE

2024-08-13 10:32:29,401 [T1] DEBUG AddInLoader
Load Assembly : IPA.Lib.ImageConverter

2024-08-13 10:32:29,459 [T1] DEBUG AddInLoader
Load Assembly : IPA.Lib.ImageRecognition

2024-08-13 10:32:29,676 [T1] DEBUG AddInLoader
Load Assembly : IPA.Lib.MicrosoftOCR

2024-08-13 10:32:29,742 [T1] DEBUG AddInLoader
Load Assembly : IPA.Lib.Net

2024-08-13 10:32:29,827 [T1] DEBUG AddInLoader
Load Assembly : IPA.Lib.Orchestra

2024-08-13 10:32:29,907 [T1] DEBUG AddInLoader
Load Assembly : IPA.Lib.ProcessFlow

2024-08-13 10:32:29,992 [T1] DEBUG AddInLoader
Load Assembly : IPA.Lib.SAP

2024-08-13 10:32:30,073 [T1] DEBUG AddInLoader
Load Assembly : IPA.Lib.Web

2024-08-13 10:32:30,189 [T1] DEBUG AddInLoader
Load Assembly : IPA.Lib.Win

2024-08-13 10:32:30,319 [T1] INFO  ScreenCapture
Default Screen Capture Bounds: 0,0,1920,1200

2024-08-13 10:32:30,352 [T1] DEBUG AddInLoader
Load Assembly : BrityRPA.AddIn.NativeApp

2024-08-13 10:32:30,460 [T1] DEBUG AddInLoader
Load Assembly : BrityWorks.AddIn.Outlook

2024-08-13 10:32:30,532 [T1] DEBUG AddInLoader
Load Assembly : BrityWorks.AddIn.Pdf

2024-08-13 10:32:30,612 [T1] DEBUG LibraryManager
Load Library - Chrome

2024-08-13 10:32:30,628 [T1] DEBUG LibraryManager
Load Library - Desktop

2024-08-13 10:32:30,643 [T1] DEBUG LibraryManager
Load Library - Excel

2024-08-13 10:32:30,659 [T1] DEBUG LibraryManager
Load Library - Flow

2024-08-13 10:32:30,674 [T1] DEBUG LibraryManager
Load Library - IE

2024-08-13 10:32:30,689 [T1] DEBUG LibraryManager
Load Library - ImageConverter

2024-08-13 10:32:30,705 [T1] DEBUG LibraryManager
Load Library - ImageRecognition

2024-08-13 10:32:30,720 [T1] DEBUG LibraryManager
Load Library - MicrosoftOCR

2024-08-13 10:32:30,736 [T1] DEBUG LibraryManager
Load Library - NativeApp

2024-08-13 10:32:30,752 [T1] DEBUG LibraryManager
Load Library - Net

2024-08-13 10:32:30,767 [T1] DEBUG LibraryManager
Load Library - Orchestra

2024-08-13 10:32:30,783 [T1] DEBUG LibraryManager
Load Library - Outlook

2024-08-13 10:32:30,799 [T1] DEBUG LibraryManager
Load Library - Pdf

2024-08-13 10:32:30,815 [T1] DEBUG LibraryManager
Load Library - SAP

2024-08-13 10:32:30,831 [T1] DEBUG LibraryManager
Load Library - Web

2024-08-13 10:32:30,847 [T1] DEBUG LibraryManager
Load Library - Win

2024-08-13 10:32:30,863 [T1] DEBUG LibraryManager
Load Library - WorkFlow

2024-08-13 10:32:30,868 [T1] DEBUG LibraryManager
Load built-in script libraries

2024-08-13 10:32:31,127 [T1] INFO  LibraryManager
Load Libraries - Completed.

2024-08-13 10:32:31,143 [T1] INFO  App
Launch Arguments: Total: 6 |  -eid D_20240813_103227_217 -runtype ProcRunner -ppid 8128

2024-08-13 10:32:31,143 [T1] DEBUG Config
Refresh Language Information

2024-08-13 10:32:31,144 [T1] DEBUG LibraryManager
LibraryManager Initialized.

2024-08-13 10:41:45,925 [T7] INFO  JobService
Start Job: P_사용기업_재무_자동화 (Foreground)
{
  "JobType": 1,
  "State": 0,
  "IsRunning": false,
  "ResultMessage": null,
  "StartTime": "2024-08-13 10:41:45",
  "EndTime": null,
  "JobId": "Designer_20240813_104145_744",
  "UserAuthentication": null,
  "ProcessPath": "C:\\Users\\2C000013\\Documents\\Brity RPA Projects\\사용기업_재무_자동화1\\P_사용기업_재무_자동화.proc",
  "ProcessId": "6fa0a8cb-38f8-4245-8a47-baa8a7bc7e3b",
  "ProcessVer": "1.0",
  "ProcessArgs": null,
  "RequesterType": 3,
  "RequesterId": "designer",
  "RequesterPID": 8128,
  "OptionsJsonString": null,
  "TimeoutSec": 0,
  "EngineID": "D_20240813_103227_217",
  "EnginePID": 0,
  "EngineRecommededVersion": "",
  "JobWorkDir": "C:\\Users\\2C000013\\Documents\\Brity RPA Projects\\사용기업_재무_자동화1\\Histories\\20240813_104145_P_사용기업_재무_자동화_Designer_20240813_104145_744",
  "JobLogDir": "C:\\Users\\2C000013\\Documents\\Brity RPA Projects\\사용기업_재무_자동화1\\Histories\\20240813_104145_P_사용기업_재무_자동화_Designer_20240813_104145_744\\Log",
  "JobScreenshotDir": "C:\\Users\\2C000013\\Documents\\Brity RPA Projects\\사용기업_재무_자동화1\\Histories\\20240813_104145_P_사용기업_재무_자동화_Designer_20240813_104145_744\\Log\\Screenshot"
}

2024-08-13 10:41:46,074 [T10] DEBUG JobService
Waiting library loading...

2024-08-13 10:41:46,077 [T10] DEBUG Config
Reload User Settings

2024-08-13 10:41:46,078 [T10] INFO  Config
UserSettings Reloaded =>
 - LastExecution : Zpv8clxyKSNJIFxsTOYRW0NgDJtNeLxiWqY0RmsJ6Q8= -> f6McKWQB8G0VMiGBxNni+katcu3IVzxVJ59qAa5QFCc=

2024-08-13 10:41:46,078 [T10] INFO  JobService
Config Loading Completed.

2024-08-13 10:41:46,078 [T10] DEBUG JobService
Config Loading Time: 3 ms.

2024-08-13 10:41:46,082 [T10] DEBUG JobService
Check Shared Token

2024-08-13 10:41:46,083 [T10] DEBUG TokenManager
Load connection token

2024-08-13 10:41:46,084 [T10] DEBUG TokenManager
Clear Connection Token - No Shared Token

2024-08-13 10:41:46,136 [T1] DEBUG ServerInformationClient
Request server feature list

2024-08-13 10:41:46,250 [T1] INFO  ServerInformationClient
Server feature update successful

2024-08-13 10:41:46,252 [T1] INFO  ServerInformationClient
It takes 146 milliseconds to try to update the server feature list.

2024-08-13 10:41:46,253 [T1] INFO  Config
Update server features to config.

2024-08-13 10:41:46,273 [T10] INFO  JobService
Shared Token - No Token

2024-08-13 10:41:46,278 [T10] INFO  JobManager
Create JobManager instance for job P_사용기업_재무_자동화(Designer_20240813_104145_744)

2024-08-13 10:41:46,284 [T10] INFO  JobRequest
Job ID : Designer_20240813_104145_744
Project Path  : C:\Users\2C000013\Documents\Brity RPA Projects\사용기업_재무_자동화1\사용기업_재무_자동화1.proj
Process Name  : P_사용기업_재무_자동화
Engine Mode   : Designer
Requester Type: Designer
Requester PID : 8128

2024-08-13 10:41:46,287 [T11] INFO  JobRequest
Start Callback Sender

2024-08-13 10:41:46,287 [T11] DEBUG JobRequest
Step Callback Interval: 500

2024-08-13 10:41:46,328 [T10] DEBUG ProjectManager
Set Project Information

2024-08-13 10:41:46,352 [T10] INFO  PlayOptionManager
PlayOption
- Step Interval : 1
- Disable DrawBounds : False
- Invoke First : False
- Allow Upload of DumpScreen results : False

2024-08-13 10:41:46,353 [T10] INFO  JobRunner
Initialize Script Engine

2024-08-13 10:41:46,369 [T15-ScriptEngine] INFO  JobRequest
##############################################################
### STATE: Initializing
##############################################################


2024-08-13 10:41:46,388 [T11] DEBUG JobRequest
Callback - State: Initializing


2024-08-13 10:41:47,258 [T15-ScriptEngine] INFO  JobRequest
##############################################################
### STATE: Ready
##############################################################


2024-08-13 10:41:47,262 [T11] DEBUG JobRequest
Callback - State: Ready


2024-08-13 10:41:47,269 [T10] INFO  JobRunnerHook
HotKey Hook Started

2024-08-13 10:41:47,270 [T10] INFO  JobRequest
##############################################################
### STATE: Starting
##############################################################


2024-08-13 10:41:47,272 [T15-ScriptEngine] INFO  JobRunner
RunProcess start

2024-08-13 10:41:47,273 [T15-ScriptEngine] INFO  JobRequest
##############################################################
### STATE: Running
##############################################################


2024-08-13 10:41:47,273 [T15-ScriptEngine] INFO  JobRequest
Last job life cycle state: Running

2024-08-13 10:41:47,278 [T11] DEBUG JobRequest
Callback - State: Starting


2024-08-13 10:41:47,294 [T11] DEBUG JobRequest
Callback - State: Running


2024-08-13 10:41:48,424 [T15-ScriptEngine] DEBUG ScreenCapture
DirectX Screen Capture Initialized.

2024-08-13 10:41:48,500 [T15-ScriptEngine] DEBUG JobRunner
DirectX ScreenCapture Checked.

2024-08-13 10:41:48,533 [T15-ScriptEngine] INFO  JobRequest
##############################################################
### STATE: StartProcess - P_사용기업_재무_자동화
##############################################################
6fa0a8cb-38f8-4245-8a47-baa8a7bc7e3b
P_사용기업_재무_자동화


2024-08-13 10:41:48,596 [T15-ScriptEngine] INFO  JobRequest
**************************************************************
*** TASK: P_사용기업_재무_자동화
**************************************************************
 - STEP 1: Sab6b86d4023440c9b56b11efdc4fa38b (2/23) - (1/22)
 - [2] ChromeOpen


2024-08-13 10:41:51,487 [T10] DEBUG ChromeRemoteConnect
GetRemoteBrowserUsingEndPoint Fail : 하나 이상의 오류가 발생했습니다.

2024-08-13 10:41:53,923 [T15-ScriptEngine] INFO  JobRequest
 - STEP 2: S526b68826c094ed4a851937eeb000d84 (3/23) - (2/22)
 - [3] OpenExcel


2024-08-13 10:41:56,320 [T15-ScriptEngine] INFO  JobRequest
 - STEP 3: S142fbd5d0d6948baa28c008242404313 (4/23) - (3/22)
 - [4] Click


2024-08-13 10:41:56,501 [T4] INFO  UIAEventHandler
Start UIA event handler

2024-08-13 10:41:57,505 [T4] DEBUG UIAEventHandler
UI Structure Changed Count: 0

2024-08-13 10:41:57,505 [T4] INFO  UIAEventHandler
waiting for 936 msec during the screen structure is changing.

2024-08-13 10:41:58,948 [T4] DEBUG UIAEventHandler
UI Structure Changed Count: 1

2024-08-13 10:41:59,059 [T4] INFO  UIAEventHandler
waiting for 218 msec during the screen structure is changing.

2024-08-13 10:41:59,978 [T15-ScriptEngine] INFO  JobRequest
 - STEP 4: S4f6275dd080f4bd8b5dd90c133eca4b1 (5/23) - (4/22)
 - [5] GetGridItems


2024-08-13 10:42:01,497 [T15-ScriptEngine] INFO  JobRequest
 - STEP 5: S748d553946e0402a8004f08f87f8647f (6/23) - (5/22)
 - [6] CreateWorkSheet


2024-08-13 10:42:01,623 [T15-ScriptEngine] INFO  JobRequest
 - STEP 6: S835d66903fba47979f1a4c9f4bbdd97f (7/23) - (6/22)
 - [7] WriteRange


2024-08-13 10:42:01,782 [T15-ScriptEngine] INFO  JobRequest
 - STEP 7: S78e450ccef0c4a1f8e20c426fc6a1794 (8/23) - (7/22)
 - [8] KeyInput


2024-08-13 10:42:03,961 [T15-ScriptEngine] INFO  JobRequest
 - STEP 8: S5e17407a4a2247398b23e9faadf837dd (9/23) - (8/22)
 - [9] Click


2024-08-13 10:42:06,636 [T15-ScriptEngine] INFO  JobRequest
 - STEP 9: S6714fc674ff54c0f988c76dc0470558c (10/23) - (9/22)
 - [10] GetGridItems


2024-08-13 10:42:07,639 [T10] DEBUG UIAEventHandler
UI Structure Changed Count: 0

2024-08-13 10:42:07,639 [T10] INFO  UIAEventHandler
waiting for 942 msec during the screen structure is changing.

2024-08-13 10:42:10,241 [T10] DEBUG UIAEventHandler
UI Structure Changed Count: 0

2024-08-13 10:42:10,241 [T10] INFO  UIAEventHandler
waiting for 77 msec during the screen structure is changing.

2024-08-13 10:42:10,765 [T15-ScriptEngine] INFO  JobRequest
 - STEP 10: S1781534bfa9645c080bea1e4e5417fc1 (11/23) - (10/22)
 - [11] CreateWorkSheet


2024-08-13 10:42:10,877 [T15-ScriptEngine] INFO  JobRequest
 - STEP 11: S8d28bf5c524a4f25a010857a808dec36 (12/23) - (11/22)
 - [12] WriteRange


2024-08-13 10:42:10,925 [T15-ScriptEngine] INFO  JobRequest
 - STEP 12: S755f943e999b4b689e99e0fbe352b51d (13/23) - (12/22)
 - [13] KeyInput


2024-08-13 10:42:13,063 [T15-ScriptEngine] INFO  JobRequest
 - STEP 13: S8d8b74e9ce4a413bbc3236408d96b20d (14/23) - (13/22)
 - [14] Click


2024-08-13 10:42:25,617 [T15-ScriptEngine] DEBUG WinFinder
UI Inspection Time: 12 seconds.

2024-08-13 10:42:29,262 [T15-ScriptEngine] WARN  ScriptSupport
[CATCH_STEP_EXCEPTION] Process: P_사용기업_재무_자동화
Step: Click (14/23)

Error: 지정된 조건에 해당하는 객체를 찾을 수 없습니다.

12초간 3회 검색을 시도하여 2개의 대상 앱 화면에서 총 40개의 후보 객체를 확인하였으나
대상 객체는 발견되지 않았습니다.

현재 지정된 속성은 아래와 같습니다.

Application: chrome
App Object Type: Pane
Target Type: Document
Target Name: 기업 정보 및 재무제표

2024-08-13 10:42:29,265 [T15-ScriptEngine] FINE  JobRunner
RunTask ExceptionOccured. TASK: P_사용기업_재무_자동화 => 지정된 조건에 해당하는 객체를 찾을 수 없습니다.

12초간 3회 검색을 시도하여 2개의 대상 앱 화면에서 총 40개의 후보 객체를 확인하였으나
대상 객체는 발견되지 않았습니다.

현재 지정된 속성은 아래와 같습니다.

Application: chrome
App Object Type: Pane
Target Type: Document
Target Name: 기업 정보 및 재무제표

2024-08-13 10:42:29,278 [T15-ScriptEngine] INFO  JobRequest
##############################################################
### STATE: EndProcess - P_사용기업_재무_자동화
##############################################################
6fa0a8cb-38f8-4245-8a47-baa8a7bc7e3b
P_사용기업_재무_자동화


2024-08-13 10:42:29,290 [T15-ScriptEngine] ERROR JobRunner
Process: P_사용기업_재무_자동화
Step: Click (14/23)

지정된 조건에 해당하는 객체를 찾을 수 없습니다.

12초간 3회 검색을 시도하여 2개의 대상 앱 화면에서 총 40개의 후보 객체를 확인하였으나
대상 객체는 발견되지 않았습니다.

현재 지정된 속성은 아래와 같습니다.

Application: chrome
App Object Type: Pane
Target Type: Document
Target Name: 기업 정보 및 재무제표

[CallStack]
  - P_사용기업_재무_자동화: [14] Click

[Global Variables]
  - 경로 = 'C:\\Users\\2C000013\\Desktop\\' (String)
  - RESULT = <null> (Any)

[P_사용기업_재무_자동화 Variables]
  - excel = Workbook (Any)
  - table = <Too Long> [["IFRS(연결)","2021/12","2022/12","2023/12","2024/03","전년동기","전년동기(%)"],["매출액","2,796,048","3,022,314 ... 1232 more (Array2D)
  - main = <object:ChromeBrowserObject> (Any)

2024-08-13 10:42:29,290 [T15-ScriptEngine] DEBUG JobManager
Set Result State: ExceptionOccured

2024-08-13 10:42:30,587 [T15-ScriptEngine] INFO  JobRunner
Make report.

2024-08-13 10:42:30,627 [T15-ScriptEngine] INFO  JobRunner
Start to clean up resources.

2024-08-13 10:42:30,628 [T15-ScriptEngine] DEBUG JobRunner
OnProcessFailed

2024-08-13 10:42:30,628 [T4] DEBUG JobRunner
Start timer for checking the job to be completed.

2024-08-13 10:42:30,632 [T15-ScriptEngine] DEBUG ExcelBase
DisposeExcel

2024-08-13 10:42:30,656 [T15-ScriptEngine] INFO  JobRunner
Start to clean up resources.

2024-08-13 10:42:30,658 [T15-ScriptEngine] DEBUG JobRunner
Remove all libraries

2024-08-13 10:42:30,660 [T15-ScriptEngine] DEBUG NetPlayer
WebPlayer OnDispose

2024-08-13 10:42:30,661 [T15-ScriptEngine] DEBUG WebPlayer
WebPlayer OnDispose : Do Nothing

2024-08-13 10:42:30,662 [T15-ScriptEngine] DEBUG UIAEventHandler
Stop UIA event handler

2024-08-13 10:42:30,675 [T15-ScriptEngine] DEBUG UiaAppHelper
WinHelper DisposeAppList Count: 0

2024-08-13 10:42:30,675 [T15-ScriptEngine] INFO  JobRunner
All Resources Clear

2024-08-13 10:42:30,678 [T15-ScriptEngine] DEBUG JobRunner
OnCompleted

2024-08-13 10:42:30,679 [T15-ScriptEngine] DEBUG JobRunner
SendJobResult: ExceptionOccured

2024-08-13 10:42:30,679 [T15-ScriptEngine] INFO  JobRequest
##############################################################
### STATE: ExceptionOccured
##############################################################
Process: P_사용기업_재무_자동화
Step: Click (14/23)

지정된 조건에 해당하는 객체를 찾을 수 없습니다.

12초간 3회 검색을 시도하여 2개의 대상 앱 화면에서 총 40개의 후보 객체를 확인하였으나
대상 객체는 발견되지 않았습니다.

현재 지정된 속성은 아래와 같습니다.

Application: chrome
App Object Type: Pane
Target Type: Document
Target Name: 기업 정보 및 재무제표

[CallStack]
  - P_사용기업_재무_자동화: [14] Click

[Global Variables]
  - 경로 = 'C:\\Users\\2C000013\\Desktop\\' (String)
  - RESULT = <null> (Any)

[P_사용기업_재무_자동화 Variables]
  - excel = Workbook (Any)
  - table = <Too Long> [["IFRS(연결)","2021/12","2022/12","2023/12","2024/03","전년동기","전년동기(%)"],["매출액","2,796,048","3,022,314 ... 1232 more (Array2D)
  - main = <object:ChromeBrowserObject> (Any)


2024-08-13 10:42:30,679 [T15-ScriptEngine] INFO  JobRequest
Last job life cycle state: ExceptionOccured

2024-08-13 10:42:30,688 [T11] DEBUG JobRequest
Callback - State: ExceptionOccured
Process: P_사용기업_재무_자동화
Step: Click (14/23)

지정된 조건에 해당하는 객체를 찾을 수 없습니다.

12초간 3회 검색을 시도하여 2개의 대상 앱 화면에서 총 40개의 후보 객체를 확인하였으나
대상 객체는 발견되지 않았습니다.

현재 지정된 속성은 아래와 같습니다.

Application: chrome
App Object Type: Pane
Target Type: Document
Target Name: 기업 정보 및 재무제표

[CallStack]
  - P_사용기업_재무_자동화: [14] Click

[Global Variables]
  - 경로 = 'C:\\Users\\2C000013\\Desktop\\' (String)
  - RESULT = <null> (Any)

[P_사용기업_재무_자동화 Variables]
  - excel = Workbook (Any)
  - table = <Too Long> [["IFRS(연결)","2021/12","2022/12","2023/12","2024/03","전년동기","전년동기(%)"],["매출액","2,796,048","3,022,314 ... 1232 more (Array2D)
  - main = <object:ChromeBrowserObject> (Any)

2024-08-13 10:42:30,692 [T15-ScriptEngine] INFO  JobRequest
##############################################################
### JOB COMPLETED
##############################################################


2024-08-13 10:42:30,705 [T11] INFO  JobRequest
Callback - EngineClosed

2024-08-13 10:42:30,706 [T11] INFO  JobService
Disconnect agent service

2024-08-13 10:42:30,708 [T11] DEBUG JobRequest
End of Callback Sender

