2024-08-13 10:57:13,662 [T1] INFO  EngineStarter
BOT Engine Start - v3.1.100.11228 at 2024-08-13 오전 10:57:13
EngineID: D_20240813_105712_807
PID : 8508
PPID: 8128
Working Directory: C:\Users\2C000013\AppData\Roaming\Brity RPA Designer

2024-08-13 10:57:13,679 [T1] INFO  EngineStarter
System Language: ko-KR
Resolution: 1920 x 1200

2024-08-13 10:57:13,926 [T1] INFO  Config
Initialize Config

2024-08-13 10:57:13,969 [T1] DEBUG Config
Config Loaded

2024-08-13 10:57:13,970 [T1] DEBUG Config
Backup config file.

2024-08-13 10:57:13,980 [T1] INFO  Config
Orchestrator Service => https://bwrpa.samsungsds.com:8777

2024-08-13 10:57:13,984 [T1] INFO  Config
Initialize Resource Config

2024-08-13 10:57:14,009 [T1] DEBUG Config
Refresh Language Information

2024-08-13 10:57:14,083 [T1] INFO  Config
All Config Initialized.

2024-08-13 10:57:14,091 [T1] DEBUG KeyManager
Initialize KeyManager

2024-08-13 10:57:14,093 [T1] DEBUG KeyManager
Load device unique id.

2024-08-13 10:57:14,100 [T1] DEBUG KeyManager
Device ID is initialized.

2024-08-13 10:57:14,137 [T1] INFO  CertLicenseClient
Initialize certificate.

2024-08-13 10:57:14,141 [T1] DEBUG CertLicenseClient
Set Security Protocol: Tls12

2024-08-13 10:57:14,167 [T4] DEBUG JobService
Connect to agent service

2024-08-13 10:57:14,196 [T4] DEBUG JobService
JobService URL : net.tcp://127.0.0.1:59001/rpa/agent

2024-08-13 10:57:14,196 [T4] DEBUG JobService
Open connection

2024-08-13 10:57:14,202 [T1] DEBUG ApplicationInitializer
InitMode: Thread

2024-08-13 10:57:14,211 [T4] DEBUG JobService
Register engine to agent

2024-08-13 10:57:14,211 [T1] INFO  LibraryManager
Load Libraries - Started

2024-08-13 10:57:14,224 [T4] DEBUG JobService
Engine is connected to agent service.

2024-08-13 10:57:14,224 [T4] DEBUG JobService
Owner Process PID: 8128

2024-08-13 10:57:14,227 [T4] INFO  JobService
Start monitoring owner process is terminated.

2024-08-13 10:57:14,228 [T1] DEBUG AddInLoader
Load Assembly : IPA.Lib.Chrome

2024-08-13 10:57:14,501 [T1] DEBUG AddInLoader
Load Assembly : IPA.Lib.Desktop

2024-08-13 10:57:14,683 [T1] DEBUG AddInLoader
Load Assembly : IPA.Lib.Excel

2024-08-13 10:57:14,827 [T1] DEBUG AddInLoader
Load Assembly : IPA.Lib.Flow

2024-08-13 10:57:14,947 [T1] DEBUG AddInLoader
Load Assembly : IPA.Lib.IE

2024-08-13 10:57:15,035 [T1] DEBUG AddInLoader
Load Assembly : IPA.Lib.ImageConverter

2024-08-13 10:57:15,091 [T1] DEBUG AddInLoader
Load Assembly : IPA.Lib.ImageRecognition

2024-08-13 10:57:15,278 [T1] DEBUG AddInLoader
Load Assembly : IPA.Lib.MicrosoftOCR

2024-08-13 10:57:15,338 [T1] DEBUG AddInLoader
Load Assembly : IPA.Lib.Net

2024-08-13 10:57:15,437 [T1] DEBUG AddInLoader
Load Assembly : IPA.Lib.Orchestra

2024-08-13 10:57:15,537 [T1] DEBUG AddInLoader
Load Assembly : IPA.Lib.ProcessFlow

2024-08-13 10:57:15,652 [T1] DEBUG AddInLoader
Load Assembly : IPA.Lib.SAP

2024-08-13 10:57:15,753 [T1] DEBUG AddInLoader
Load Assembly : IPA.Lib.Web

2024-08-13 10:57:15,895 [T1] DEBUG AddInLoader
Load Assembly : IPA.Lib.Win

2024-08-13 10:57:16,032 [T1] INFO  ScreenCapture
Default Screen Capture Bounds: 0,0,1920,1200

2024-08-13 10:57:16,064 [T1] DEBUG AddInLoader
Load Assembly : BrityRPA.AddIn.NativeApp

2024-08-13 10:57:16,174 [T1] DEBUG AddInLoader
Load Assembly : BrityWorks.AddIn.Outlook

2024-08-13 10:57:16,244 [T1] DEBUG AddInLoader
Load Assembly : BrityWorks.AddIn.Pdf

2024-08-13 10:57:16,331 [T1] DEBUG LibraryManager
Load Library - Chrome

2024-08-13 10:57:16,347 [T1] DEBUG LibraryManager
Load Library - Desktop

2024-08-13 10:57:16,363 [T1] DEBUG LibraryManager
Load Library - Excel

2024-08-13 10:57:16,378 [T1] DEBUG LibraryManager
Load Library - Flow

2024-08-13 10:57:16,394 [T1] DEBUG LibraryManager
Load Library - IE

2024-08-13 10:57:16,410 [T1] DEBUG LibraryManager
Load Library - ImageConverter

2024-08-13 10:57:16,426 [T1] DEBUG LibraryManager
Load Library - ImageRecognition

2024-08-13 10:57:16,442 [T1] DEBUG LibraryManager
Load Library - MicrosoftOCR

2024-08-13 10:57:16,458 [T1] DEBUG LibraryManager
Load Library - NativeApp

2024-08-13 10:57:16,474 [T1] DEBUG LibraryManager
Load Library - Net

2024-08-13 10:57:16,490 [T1] DEBUG LibraryManager
Load Library - Orchestra

2024-08-13 10:57:16,506 [T1] DEBUG LibraryManager
Load Library - Outlook

2024-08-13 10:57:16,522 [T1] DEBUG LibraryManager
Load Library - Pdf

2024-08-13 10:57:16,538 [T1] DEBUG LibraryManager
Load Library - SAP

2024-08-13 10:57:16,554 [T1] DEBUG LibraryManager
Load Library - Web

2024-08-13 10:57:16,570 [T1] DEBUG LibraryManager
Load Library - Win

2024-08-13 10:57:16,586 [T1] DEBUG LibraryManager
Load Library - WorkFlow

2024-08-13 10:57:16,593 [T1] DEBUG LibraryManager
Load built-in script libraries

2024-08-13 10:57:16,869 [T1] INFO  LibraryManager
Load Libraries - Completed.

2024-08-13 10:57:16,886 [T1] INFO  App
Launch Arguments: Total: 6 |  -eid D_20240813_105712_807 -runtype ProcRunner -ppid 8128

2024-08-13 10:57:16,887 [T1] DEBUG Config
Refresh Language Information

2024-08-13 10:57:16,887 [T1] DEBUG LibraryManager
LibraryManager Initialized.

2024-08-13 10:57:55,311 [T9] INFO  JobService
Start Job: P_사용기업_재무_자동화 (Foreground)
{
  "JobType": 1,
  "State": 0,
  "IsRunning": false,
  "ResultMessage": null,
  "StartTime": "2024-08-13 10:57:55",
  "EndTime": null,
  "JobId": "Designer_20240813_105755_128",
  "UserAuthentication": null,
  "ProcessPath": "C:\\Users\\2C000013\\Documents\\Brity RPA Projects\\사용기업_재무_자동화1\\P_사용기업_재무_자동화.proc",
  "ProcessId": "6fa0a8cb-38f8-4245-8a47-baa8a7bc7e3b",
  "ProcessVer": "1.0",
  "ProcessArgs": null,
  "RequesterType": 3,
  "RequesterId": "designer",
  "RequesterPID": 8128,
  "OptionsJsonString": null,
  "TimeoutSec": 0,
  "EngineID": "D_20240813_105712_807",
  "EnginePID": 0,
  "EngineRecommededVersion": "",
  "JobWorkDir": "C:\\Users\\2C000013\\Documents\\Brity RPA Projects\\사용기업_재무_자동화1\\Histories\\20240813_105755_P_사용기업_재무_자동화_Designer_20240813_105755_128",
  "JobLogDir": "C:\\Users\\2C000013\\Documents\\Brity RPA Projects\\사용기업_재무_자동화1\\Histories\\20240813_105755_P_사용기업_재무_자동화_Designer_20240813_105755_128\\Log",
  "JobScreenshotDir": "C:\\Users\\2C000013\\Documents\\Brity RPA Projects\\사용기업_재무_자동화1\\Histories\\20240813_105755_P_사용기업_재무_자동화_Designer_20240813_105755_128\\Log\\Screenshot"
}

2024-08-13 10:57:55,460 [T11] DEBUG JobService
Waiting library loading...

2024-08-13 10:57:55,462 [T11] DEBUG Config
Reload User Settings

2024-08-13 10:57:55,463 [T11] INFO  JobService
Config Loading Completed.

2024-08-13 10:57:55,463 [T11] DEBUG JobService
Config Loading Time: 2 ms.

2024-08-13 10:57:55,468 [T11] DEBUG JobService
Check Shared Token

2024-08-13 10:57:55,469 [T11] DEBUG TokenManager
Load connection token

2024-08-13 10:57:55,470 [T11] DEBUG TokenManager
Clear Connection Token - No Shared Token

2024-08-13 10:57:55,495 [T1] DEBUG ServerInformationClient
Request server feature list

2024-08-13 10:57:55,557 [T1] INFO  ServerInformationClient
Server feature update successful

2024-08-13 10:57:55,559 [T1] INFO  ServerInformationClient
It takes 72 milliseconds to try to update the server feature list.

2024-08-13 10:57:55,560 [T1] INFO  Config
Update server features to config.

2024-08-13 10:57:55,580 [T11] INFO  JobService
Shared Token - No Token

2024-08-13 10:57:55,586 [T11] INFO  JobManager
Create JobManager instance for job P_사용기업_재무_자동화(Designer_20240813_105755_128)

2024-08-13 10:57:55,592 [T11] INFO  JobRequest
Job ID : Designer_20240813_105755_128
Project Path  : C:\Users\2C000013\Documents\Brity RPA Projects\사용기업_재무_자동화1\사용기업_재무_자동화1.proj
Process Name  : P_사용기업_재무_자동화
Engine Mode   : Designer
Requester Type: Designer
Requester PID : 8128

2024-08-13 10:57:55,594 [T10] INFO  JobRequest
Start Callback Sender

2024-08-13 10:57:55,595 [T10] DEBUG JobRequest
Step Callback Interval: 500

2024-08-13 10:57:55,638 [T11] DEBUG ProjectManager
Set Project Information

2024-08-13 10:57:55,667 [T11] INFO  PlayOptionManager
PlayOption
- Step Interval : 1
- Disable DrawBounds : False
- Invoke First : False
- Allow Upload of DumpScreen results : False

2024-08-13 10:57:55,668 [T11] INFO  JobRunner
Initialize Script Engine

2024-08-13 10:57:55,685 [T16-ScriptEngine] INFO  JobRequest
##############################################################
### STATE: Initializing
##############################################################


2024-08-13 10:57:55,706 [T10] DEBUG JobRequest
Callback - State: Initializing


2024-08-13 10:57:56,556 [T16-ScriptEngine] INFO  JobRequest
##############################################################
### STATE: Ready
##############################################################


2024-08-13 10:57:56,567 [T11] INFO  JobRunnerHook
HotKey Hook Started

2024-08-13 10:57:56,568 [T11] INFO  JobRequest
##############################################################
### STATE: Starting
##############################################################


2024-08-13 10:57:56,569 [T10] DEBUG JobRequest
Callback - State: Ready


2024-08-13 10:57:56,570 [T16-ScriptEngine] INFO  JobRunner
RunProcess start

2024-08-13 10:57:56,571 [T10] DEBUG JobRequest
Callback - State: Starting


2024-08-13 10:57:56,572 [T16-ScriptEngine] INFO  JobRequest
##############################################################
### STATE: Running
##############################################################


2024-08-13 10:57:56,572 [T16-ScriptEngine] INFO  JobRequest
Last job life cycle state: Running

2024-08-13 10:57:56,585 [T10] DEBUG JobRequest
Callback - State: Running


2024-08-13 10:57:57,674 [T16-ScriptEngine] DEBUG ScreenCapture
DirectX Screen Capture Initialized.

2024-08-13 10:57:57,754 [T16-ScriptEngine] DEBUG JobRunner
DirectX ScreenCapture Checked.

2024-08-13 10:57:57,786 [T16-ScriptEngine] INFO  JobRequest
##############################################################
### STATE: StartProcess - P_사용기업_재무_자동화
##############################################################
6fa0a8cb-38f8-4245-8a47-baa8a7bc7e3b
P_사용기업_재무_자동화


2024-08-13 10:57:57,848 [T16-ScriptEngine] INFO  JobRequest
**************************************************************
*** TASK: P_사용기업_재무_자동화
**************************************************************
 - STEP 1: Sab6b86d4023440c9b56b11efdc4fa38b (2/23) - (1/22)
 - [2] ChromeOpen


2024-08-13 10:57:59,067 [T7] INFO  JobService
PauseJob

2024-08-13 10:57:59,067 [T7] INFO  JobRunner
Try Pause

2024-08-13 10:57:59,067 [T7] INFO  JobRequest
##############################################################
### STATE: Paused
##############################################################


2024-08-13 10:57:59,067 [T7] INFO  JobRequest
Last job life cycle state: Paused

2024-08-13 10:57:59,079 [T10] DEBUG JobRequest
Callback - State: Paused


2024-08-13 10:57:59,883 [T7] INFO  JobService
Stop Job

2024-08-13 10:57:59,885 [T7] INFO  JobRunner
Stop Job Runner - Cause: LocalUser / Message: stop by user

2024-08-13 10:57:59,886 [T7] INFO  JobRequest
##############################################################
### STATE: Stopping
##############################################################
stop by user


2024-08-13 10:57:59,890 [T10] DEBUG JobRequest
Callback - State: Stopping
stop by user

2024-08-13 10:58:00,855 [T11] DEBUG ChromeRemoteConnect
GetRemoteBrowserUsingEndPoint Fail : 하나 이상의 오류가 발생했습니다.

2024-08-13 10:58:00,921 [T16-ScriptEngine] DEBUG ChromeOpen
스레드가 대기 상태에서 인터럽트되었습니다.

2024-08-13 10:58:00,925 [T16-ScriptEngine] DEBUG JobRunner
RunTask Interrupted. TASK: P_사용기업_재무_자동화 => Script execution interrupted by host

2024-08-13 10:58:00,943 [T16-ScriptEngine] DEBUG JobManager
Set Result State: Stopped

2024-08-13 10:58:00,951 [T16-ScriptEngine] INFO  JobRunner
Make report.

2024-08-13 10:58:00,997 [T16-ScriptEngine] INFO  JobRunner
Start to clean up resources.

2024-08-13 10:58:00,998 [T16-ScriptEngine] DEBUG JobRunner
OnProcessCompleted

2024-08-13 10:58:00,999 [T5] DEBUG JobRunner
Start timer for checking the job to be completed.

2024-08-13 10:58:01,000 [T16-ScriptEngine] INFO  JobRunner
Start to clean up resources.

2024-08-13 10:58:01,001 [T16-ScriptEngine] DEBUG JobRunner
Remove all Process Stack: 1

2024-08-13 10:58:01,019 [T16-ScriptEngine] INFO  JobRequest
##############################################################
### STATE: EndProcess - P_사용기업_재무_자동화
##############################################################
6fa0a8cb-38f8-4245-8a47-baa8a7bc7e3b
P_사용기업_재무_자동화


2024-08-13 10:58:01,020 [T16-ScriptEngine] DEBUG JobRunner
Remove all libraries

2024-08-13 10:58:01,022 [T16-ScriptEngine] DEBUG NetPlayer
WebPlayer OnDispose

2024-08-13 10:58:01,023 [T16-ScriptEngine] DEBUG WebPlayer
WebPlayer OnDispose : Do Nothing

2024-08-13 10:58:01,026 [T16-ScriptEngine] DEBUG UiaAppHelper
WinHelper DisposeAppList Count: 0

2024-08-13 10:58:01,026 [T16-ScriptEngine] INFO  JobRunner
All Resources Clear

2024-08-13 10:58:01,030 [T16-ScriptEngine] DEBUG JobRunner
OnCompleted

2024-08-13 10:58:01,030 [T16-ScriptEngine] DEBUG JobRunner
SendJobResult: Stopped

2024-08-13 10:58:01,030 [T16-ScriptEngine] INFO  JobRequest
##############################################################
### STATE: Stopped
##############################################################
Process: P_사용기업_재무_자동화
Step: ChromeOpen (2/23)

Stopped by User


2024-08-13 10:58:01,030 [T16-ScriptEngine] INFO  JobRequest
Last job life cycle state: Stopped

2024-08-13 10:58:01,040 [T16-ScriptEngine] INFO  JobRequest
##############################################################
### JOB COMPLETED
##############################################################


2024-08-13 10:58:01,045 [T10] DEBUG JobRequest
Callback - State: Stopped
Process: P_사용기업_재무_자동화
Step: ChromeOpen (2/23)

Stopped by User

2024-08-13 10:58:01,046 [T10] INFO  JobRequest
Callback - EngineClosed

2024-08-13 10:58:01,047 [T10] INFO  JobService
Disconnect agent service

2024-08-13 10:58:01,048 [T10] DEBUG JobRequest
End of Callback Sender

