<?xml version="1.0" encoding="utf-8"?>
<Result id="6fa0a8cb-38f8-4245-8a47-baa8a7bc7e3b" name="P_사용기업_재무_자동화" result="Stop" detail="Process: P_사용기업_재무_자동화&#xA;Step: ChromeOpen (2/23)&#xA;&#xA;Stopped by User" start="2024-08-13T01:57:57.782" end="2024-08-13T01:58:00.947" jobId="Designer_20240813_105755_128">
  <Step id="Sab6b86d4023440c9b56b11efdc4fa38b" taskName="P_사용기업_재무_자동화" type="Chrome" name="ChromeOpen" displayName="ChromeOpen" callDepth="1" depth="1" num="2" result="Stop" start="2024-08-13T01:57:57.850" end="2024-08-13T01:58:00.946" displayTime="3.1s">
    <Variables>
      <Variable name="main" scope="Normal" owner="P_사용기업_재무_자동화" declareType="Any" isChanged="false" isChangable="true" runtimeType="Undefined" value="&lt;undefined&gt;" />
    </Variables>
    <Properties setIndex="0">
      <Property value="" runtimeType="String" key="Options_OnError" displayKey="On Error" visible="true" required="false" />
      <Property value="" runtimeType="String" key="Key_Description" displayKey="Description" visible="true" required="false" />
      <Property value="[output] this.main" runtimeType="String" key="CHROME_Browser" displayKey="Browser" visible="true" required="true" />
      <Property value="Chrome" runtimeType="String" key="CHROME_TypeOfBrowser" displayKey="Browser Type" visible="true" required="false" />
      <Property value="false" runtimeType="Boolean" key="CHROME_BrowserType" displayKey="Headless Mode" visible="true" required="false" />
      <Property value="'https://sonw00.github.io/sonw00.jemujepyo.github.io/'" runtimeType="String" key="CHROME_URL" displayKey="URL" visible="true" required="true" />
      <Property value="" runtimeType="String" key="CHROME_ChromePath" displayKey="Browser Path" visible="true" required="false" />
      <Property value="true" runtimeType="Boolean" key="CHROME_Maximize" displayKey="Maximize" visible="true" required="false" />
      <Property value="60" runtimeType="Integer" key="CHROME_WaitTimeSec" displayKey="Page Load Timeout" visible="true" required="false" />
      <Property value="" runtimeType="String" key="CHROME_ExtensionList" displayKey="Included Extensions" visible="true" required="false" />
      <Property value="" runtimeType="String" key="CHROME_DownloadPath" displayKey="Download Path" visible="true" required="false" />
      <Property value="false" runtimeType="Boolean" key="CHROME_WindowsAccountPermissions" displayKey="Windows Account Permissions" visible="true" required="false" />
      <Property value="" runtimeType="String" key="CHROME_UserAgent" displayKey="User Agent" visible="true" required="false" />
      <Property value="false" runtimeType="Boolean" key="CHROME_DisableAutomationControl" displayKey="Disable AutomationControl" visible="true" required="false" />
    </Properties>
  </Step>
  <JobInfo>
    <Info name="Bot Version" value="3.1.100.11228" />
    <Info name="Resolution" value="1920 x 1200" />
    <Info name="Language" value="한국어 (대한민국)" />
    <Info name="BotID" value="DESIGNER-HO8M8" />
  </JobInfo>
</Result>