2024-08-13 12:39:06,169 [T1] INFO  EngineStarter
BOT Engine Start - v3.1.100.11228 at 2024-08-13 오후 12:39:06
EngineID: D_20240813_123905_387
PID : 9456
PPID: 8128
Working Directory: C:\Users\2C000013\AppData\Roaming\Brity RPA Designer

2024-08-13 12:39:06,187 [T1] INFO  EngineStarter
System Language: ko-KR
Resolution: 1920 x 1200

2024-08-13 12:39:06,435 [T1] INFO  Config
Initialize Config

2024-08-13 12:39:06,478 [T1] DEBUG Config
Config Loaded

2024-08-13 12:39:06,479 [T1] DEBUG Config
Backup config file.

2024-08-13 12:39:06,489 [T1] INFO  Config
Orchestrator Service => https://bwrpa.samsungsds.com:8777

2024-08-13 12:39:06,493 [T1] INFO  Config
Initialize Resource Config

2024-08-13 12:39:06,520 [T1] DEBUG Config
Refresh Language Information

2024-08-13 12:39:06,602 [T1] INFO  Config
All Config Initialized.

2024-08-13 12:39:06,609 [T1] DEBUG KeyManager
Initialize KeyManager

2024-08-13 12:39:06,612 [T1] DEBUG KeyManager
Load device unique id.

2024-08-13 12:39:06,618 [T1] DEBUG KeyManager
Device ID is initialized.

2024-08-13 12:39:06,655 [T1] INFO  CertLicenseClient
Initialize certificate.

2024-08-13 12:39:06,659 [T1] DEBUG CertLicenseClient
Set Security Protocol: Tls12

2024-08-13 12:39:06,684 [T5] DEBUG JobService
Connect to agent service

2024-08-13 12:39:06,712 [T5] DEBUG JobService
JobService URL : net.tcp://127.0.0.1:59001/rpa/agent

2024-08-13 12:39:06,713 [T5] DEBUG JobService
Open connection

2024-08-13 12:39:06,719 [T1] DEBUG ApplicationInitializer
InitMode: Thread

2024-08-13 12:39:06,727 [T5] DEBUG JobService
Register engine to agent

2024-08-13 12:39:06,727 [T1] INFO  LibraryManager
Load Libraries - Started

2024-08-13 12:39:06,740 [T5] DEBUG JobService
Engine is connected to agent service.

2024-08-13 12:39:06,740 [T5] DEBUG JobService
Owner Process PID: 8128

2024-08-13 12:39:06,741 [T1] DEBUG AddInLoader
Load Assembly : IPA.Lib.Chrome

2024-08-13 12:39:06,743 [T5] INFO  JobService
Start monitoring owner process is terminated.

2024-08-13 12:39:06,995 [T1] DEBUG AddInLoader
Load Assembly : IPA.Lib.Desktop

2024-08-13 12:39:07,192 [T1] DEBUG AddInLoader
Load Assembly : IPA.Lib.Excel

2024-08-13 12:39:07,356 [T1] DEBUG AddInLoader
Load Assembly : IPA.Lib.Flow

2024-08-13 12:39:07,478 [T1] DEBUG AddInLoader
Load Assembly : IPA.Lib.IE

2024-08-13 12:39:07,571 [T1] DEBUG AddInLoader
Load Assembly : IPA.Lib.ImageConverter

2024-08-13 12:39:07,632 [T1] DEBUG AddInLoader
Load Assembly : IPA.Lib.ImageRecognition

2024-08-13 12:39:07,823 [T1] DEBUG AddInLoader
Load Assembly : IPA.Lib.MicrosoftOCR

2024-08-13 12:39:07,890 [T1] DEBUG AddInLoader
Load Assembly : IPA.Lib.Net

2024-08-13 12:39:07,993 [T1] DEBUG AddInLoader
Load Assembly : IPA.Lib.Orchestra

2024-08-13 12:39:08,089 [T1] DEBUG AddInLoader
Load Assembly : IPA.Lib.ProcessFlow

2024-08-13 12:39:08,194 [T1] DEBUG AddInLoader
Load Assembly : IPA.Lib.SAP

2024-08-13 12:39:08,276 [T1] DEBUG AddInLoader
Load Assembly : IPA.Lib.Web

2024-08-13 12:39:08,404 [T1] DEBUG AddInLoader
Load Assembly : IPA.Lib.Win

2024-08-13 12:39:08,528 [T1] INFO  ScreenCapture
Default Screen Capture Bounds: 0,0,1920,1200

2024-08-13 12:39:08,558 [T1] DEBUG AddInLoader
Load Assembly : BrityRPA.AddIn.NativeApp

2024-08-13 12:39:08,672 [T1] DEBUG AddInLoader
Load Assembly : BrityWorks.AddIn.Outlook

2024-08-13 12:39:08,740 [T1] DEBUG AddInLoader
Load Assembly : BrityWorks.AddIn.Pdf

2024-08-13 12:39:08,821 [T1] DEBUG LibraryManager
Load Library - Chrome

2024-08-13 12:39:08,837 [T1] DEBUG LibraryManager
Load Library - Desktop

2024-08-13 12:39:08,853 [T1] DEBUG LibraryManager
Load Library - Excel

2024-08-13 12:39:08,869 [T1] DEBUG LibraryManager
Load Library - Flow

2024-08-13 12:39:08,883 [T1] DEBUG LibraryManager
Load Library - IE

2024-08-13 12:39:08,898 [T1] DEBUG LibraryManager
Load Library - ImageConverter

2024-08-13 12:39:08,913 [T1] DEBUG LibraryManager
Load Library - ImageRecognition

2024-08-13 12:39:08,929 [T1] DEBUG LibraryManager
Load Library - MicrosoftOCR

2024-08-13 12:39:08,945 [T1] DEBUG LibraryManager
Load Library - NativeApp

2024-08-13 12:39:08,961 [T1] DEBUG LibraryManager
Load Library - Net

2024-08-13 12:39:08,977 [T1] DEBUG LibraryManager
Load Library - Orchestra

2024-08-13 12:39:08,993 [T1] DEBUG LibraryManager
Load Library - Outlook

2024-08-13 12:39:09,009 [T1] DEBUG LibraryManager
Load Library - Pdf

2024-08-13 12:39:09,025 [T1] DEBUG LibraryManager
Load Library - SAP

2024-08-13 12:39:09,041 [T1] DEBUG LibraryManager
Load Library - Web

2024-08-13 12:39:09,057 [T1] DEBUG LibraryManager
Load Library - Win

2024-08-13 12:39:09,073 [T1] DEBUG LibraryManager
Load Library - WorkFlow

2024-08-13 12:39:09,078 [T1] DEBUG LibraryManager
Load built-in script libraries

2024-08-13 12:39:09,319 [T1] INFO  LibraryManager
Load Libraries - Completed.

2024-08-13 12:39:09,332 [T1] INFO  App
Launch Arguments: Total: 6 |  -eid D_20240813_123905_387 -runtype ProcRunner -ppid 8128

2024-08-13 12:39:09,333 [T1] DEBUG Config
Refresh Language Information

2024-08-13 12:39:09,333 [T1] DEBUG LibraryManager
LibraryManager Initialized.

2024-08-13 12:40:15,035 [T6] INFO  JobService
Start Job: P_사용기업_재무_자동화 (Foreground)
{
  "JobType": 1,
  "State": 0,
  "IsRunning": false,
  "ResultMessage": null,
  "StartTime": "2024-08-13 12:40:14",
  "EndTime": null,
  "JobId": "Designer_20240813_124014_713",
  "UserAuthentication": null,
  "ProcessPath": "C:\\Users\\2C000013\\Documents\\Brity RPA Projects\\사용기업_재무_자동화1\\P_사용기업_재무_자동화.proc",
  "ProcessId": "6fa0a8cb-38f8-4245-8a47-baa8a7bc7e3b",
  "ProcessVer": "1.0",
  "ProcessArgs": null,
  "RequesterType": 3,
  "RequesterId": "designer",
  "RequesterPID": 8128,
  "OptionsJsonString": null,
  "TimeoutSec": 0,
  "EngineID": "D_20240813_123905_387",
  "EnginePID": 0,
  "EngineRecommededVersion": "",
  "JobWorkDir": "C:\\Users\\2C000013\\Documents\\Brity RPA Projects\\사용기업_재무_자동화1\\Histories\\20240813_124014_P_사용기업_재무_자동화_Designer_20240813_124014_713",
  "JobLogDir": "C:\\Users\\2C000013\\Documents\\Brity RPA Projects\\사용기업_재무_자동화1\\Histories\\20240813_124014_P_사용기업_재무_자동화_Designer_20240813_124014_713\\Log",
  "JobScreenshotDir": "C:\\Users\\2C000013\\Documents\\Brity RPA Projects\\사용기업_재무_자동화1\\Histories\\20240813_124014_P_사용기업_재무_자동화_Designer_20240813_124014_713\\Log\\Screenshot"
}

2024-08-13 12:40:15,183 [T3] DEBUG JobService
Waiting library loading...

2024-08-13 12:40:15,186 [T3] DEBUG Config
Reload User Settings

2024-08-13 12:40:15,187 [T3] INFO  JobService
Config Loading Completed.

2024-08-13 12:40:15,187 [T3] DEBUG JobService
Config Loading Time: 3 ms.

2024-08-13 12:40:15,193 [T3] DEBUG JobService
Check Shared Token

2024-08-13 12:40:15,194 [T3] DEBUG TokenManager
Load connection token

2024-08-13 12:40:15,195 [T3] DEBUG TokenManager
Clear Connection Token - No Shared Token

2024-08-13 12:40:15,246 [T1] DEBUG ServerInformationClient
Request server feature list

2024-08-13 12:40:15,325 [T1] INFO  ServerInformationClient
Server feature update successful

2024-08-13 12:40:15,328 [T1] INFO  ServerInformationClient
It takes 107 milliseconds to try to update the server feature list.

2024-08-13 12:40:15,328 [T1] INFO  Config
Update server features to config.

2024-08-13 12:40:15,346 [T3] INFO  JobService
Shared Token - No Token

2024-08-13 12:40:15,352 [T3] INFO  JobManager
Create JobManager instance for job P_사용기업_재무_자동화(Designer_20240813_124014_713)

2024-08-13 12:40:15,358 [T3] INFO  JobRequest
Job ID : Designer_20240813_124014_713
Project Path  : C:\Users\2C000013\Documents\Brity RPA Projects\사용기업_재무_자동화1\사용기업_재무_자동화1.proj
Process Name  : P_사용기업_재무_자동화
Engine Mode   : Designer
Requester Type: Designer
Requester PID : 8128

2024-08-13 12:40:15,361 [T7] INFO  JobRequest
Start Callback Sender

2024-08-13 12:40:15,361 [T7] DEBUG JobRequest
Step Callback Interval: 500

2024-08-13 12:40:15,403 [T3] DEBUG ProjectManager
Set Project Information

2024-08-13 12:40:15,428 [T3] INFO  PlayOptionManager
PlayOption
- Step Interval : 1
- Disable DrawBounds : False
- Invoke First : False
- Allow Upload of DumpScreen results : False

2024-08-13 12:40:15,429 [T3] INFO  JobRunner
Initialize Script Engine

2024-08-13 12:40:15,445 [T15-ScriptEngine] INFO  JobRequest
##############################################################
### STATE: Initializing
##############################################################


2024-08-13 12:40:15,465 [T7] DEBUG JobRequest
Callback - State: Initializing


2024-08-13 12:40:16,311 [T15-ScriptEngine] INFO  JobRequest
##############################################################
### STATE: Ready
##############################################################


2024-08-13 12:40:16,322 [T7] DEBUG JobRequest
Callback - State: Ready


2024-08-13 12:40:16,322 [T3] INFO  JobRunnerHook
HotKey Hook Started

2024-08-13 12:40:16,323 [T3] INFO  JobRequest
##############################################################
### STATE: Starting
##############################################################


2024-08-13 12:40:16,325 [T15-ScriptEngine] INFO  JobRunner
RunProcess start

2024-08-13 12:40:16,327 [T15-ScriptEngine] INFO  JobRequest
##############################################################
### STATE: Running
##############################################################


2024-08-13 12:40:16,327 [T15-ScriptEngine] INFO  JobRequest
Last job life cycle state: Running

2024-08-13 12:40:16,339 [T7] DEBUG JobRequest
Callback - State: Starting


2024-08-13 12:40:16,340 [T7] DEBUG JobRequest
Callback - State: Running


2024-08-13 12:40:17,448 [T15-ScriptEngine] DEBUG ScreenCapture
DirectX Screen Capture Initialized.

2024-08-13 12:40:17,527 [T15-ScriptEngine] DEBUG JobRunner
DirectX ScreenCapture Checked.

2024-08-13 12:40:17,594 [T15-ScriptEngine] INFO  JobRequest
##############################################################
### STATE: StartProcess - P_사용기업_재무_자동화
##############################################################
6fa0a8cb-38f8-4245-8a47-baa8a7bc7e3b
P_사용기업_재무_자동화


2024-08-13 12:40:17,654 [T15-ScriptEngine] INFO  JobRequest
**************************************************************
*** TASK: P_사용기업_재무_자동화
**************************************************************
 - STEP 1: Sab6b86d4023440c9b56b11efdc4fa38b (2/141) - (1/59)
 - [2] ChromeOpen


2024-08-13 12:40:20,569 [T10] DEBUG ChromeRemoteConnect
GetRemoteBrowserUsingEndPoint Fail : 하나 이상의 오류가 발생했습니다.

2024-08-13 12:40:23,466 [T15-ScriptEngine] INFO  JobRequest
 - STEP 2: S8de9ce3f760c4f7fb21f8fcc13a392a6 (3/141) - (2/59)
 - [3] Block


2024-08-13 12:40:23,481 [T15-ScriptEngine] INFO  JobRequest
 - STEP 3: S526b68826c094ed4a851937eeb000d84 (4/141) - (3/59)
 - [4] OpenExcel


2024-08-13 12:40:25,128 [T15-ScriptEngine] INFO  JobRequest
 - STEP 4: S7fadf35f11e044ee9fba525d2cfa1947 (5/141) - (4/59)
 - [5] Click


2024-08-13 12:40:25,262 [T10] INFO  UIAEventHandler
Start UIA event handler

2024-08-13 12:40:26,272 [T10] DEBUG UIAEventHandler
UI Structure Changed Count: 0

2024-08-13 12:40:26,272 [T10] INFO  UIAEventHandler
waiting for 955 msec during the screen structure is changing.

2024-08-13 12:40:26,956 [T10] DEBUG UIAEventHandler
UI Structure Changed Count: 1

2024-08-13 12:40:27,067 [T10] INFO  UIAEventHandler
waiting for 230 msec during the screen structure is changing.

2024-08-13 12:40:27,971 [T15-ScriptEngine] INFO  JobRequest
 - STEP 5: Sbe98a4e79c9241efbd42dc49d88761c7 (6/141) - (5/59)
 - [6] GetListItems


2024-08-13 12:40:29,228 [T19] DEBUG UIAEventHandler
UI Structure Changed Count: 0

2024-08-13 12:40:29,228 [T19] INFO  UIAEventHandler
waiting for 111 msec during the screen structure is changing.

2024-08-13 12:40:29,602 [T15-ScriptEngine] INFO  JobRequest
 - STEP 6: S97bdb3a0f32a46e0b87e43f28ced1ddf (7/141) - (6/59)
 - [7] CreateWorkSheet


2024-08-13 12:40:29,711 [T15-ScriptEngine] INFO  JobRequest
 - STEP 7: S165a683df1694ad986b4f9db08dde2d4 (8/141) - (7/59)
 - [8] For


2024-08-13 12:40:29,742 [T15-ScriptEngine] INFO  JobRequest
 - STEP 8: S869d22c06dce4426893cbdde19dc7dd4 (9/141) - (8/59)
 - [9] ExecuteScript


2024-08-13 12:40:29,760 [T15-ScriptEngine] INFO  JobRequest
 - STEP 9: Saeb198a1f8aa479d93ff1cc7b83a89e2 (10/141) - (9/59)
 - [10] WriteRange


2024-08-13 12:40:29,900 [T15-ScriptEngine] INFO  JobRequest
 - STEP 10: Saa80707801d949cda6935f50b7db49d4 (11/141) - (10/59)
 - [11] WriteRange


2024-08-13 12:40:29,932 [T15-ScriptEngine] INFO  JobRequest
 - STEP 11: S869d22c06dce4426893cbdde19dc7dd4 (9/141) - (10/59)
 - [9] ExecuteScript


2024-08-13 12:40:29,948 [T15-ScriptEngine] INFO  JobRequest
 - STEP 12: Saeb198a1f8aa479d93ff1cc7b83a89e2 (10/141) - (10/59)
 - [10] WriteRange


2024-08-13 12:40:29,980 [T15-ScriptEngine] INFO  JobRequest
 - STEP 13: Saa80707801d949cda6935f50b7db49d4 (11/141) - (10/59)
 - [11] WriteRange


2024-08-13 12:40:30,012 [T15-ScriptEngine] INFO  JobRequest
 - STEP 14: S869d22c06dce4426893cbdde19dc7dd4 (9/141) - (10/59)
 - [9] ExecuteScript


2024-08-13 12:40:30,028 [T15-ScriptEngine] INFO  JobRequest
 - STEP 15: Saeb198a1f8aa479d93ff1cc7b83a89e2 (10/141) - (10/59)
 - [10] WriteRange


2024-08-13 12:40:30,060 [T15-ScriptEngine] INFO  JobRequest
 - STEP 16: Saa80707801d949cda6935f50b7db49d4 (11/141) - (10/59)
 - [11] WriteRange


2024-08-13 12:40:30,091 [T15-ScriptEngine] INFO  JobRequest
 - STEP 17: S869d22c06dce4426893cbdde19dc7dd4 (9/141) - (10/59)
 - [9] ExecuteScript


2024-08-13 12:40:30,107 [T15-ScriptEngine] INFO  JobRequest
 - STEP 18: Saeb198a1f8aa479d93ff1cc7b83a89e2 (10/141) - (10/59)
 - [10] WriteRange


2024-08-13 12:40:30,139 [T15-ScriptEngine] INFO  JobRequest
 - STEP 19: Saa80707801d949cda6935f50b7db49d4 (11/141) - (10/59)
 - [11] WriteRange


2024-08-13 12:40:30,171 [T15-ScriptEngine] INFO  JobRequest
 - STEP 20: S869d22c06dce4426893cbdde19dc7dd4 (9/141) - (10/59)
 - [9] ExecuteScript


2024-08-13 12:40:30,187 [T15-ScriptEngine] INFO  JobRequest
 - STEP 21: Saeb198a1f8aa479d93ff1cc7b83a89e2 (10/141) - (10/59)
 - [10] WriteRange


2024-08-13 12:40:30,219 [T15-ScriptEngine] INFO  JobRequest
 - STEP 22: Saa80707801d949cda6935f50b7db49d4 (11/141) - (10/59)
 - [11] WriteRange


2024-08-13 12:40:30,251 [T15-ScriptEngine] INFO  JobRequest
 - STEP 23: S869d22c06dce4426893cbdde19dc7dd4 (9/141) - (10/59)
 - [9] ExecuteScript


2024-08-13 12:40:30,267 [T15-ScriptEngine] INFO  JobRequest
 - STEP 24: Saeb198a1f8aa479d93ff1cc7b83a89e2 (10/141) - (10/59)
 - [10] WriteRange


2024-08-13 12:40:30,299 [T15-ScriptEngine] INFO  JobRequest
 - STEP 25: Saa80707801d949cda6935f50b7db49d4 (11/141) - (10/59)
 - [11] WriteRange


2024-08-13 12:40:30,331 [T15-ScriptEngine] INFO  JobRequest
 - STEP 26: S869d22c06dce4426893cbdde19dc7dd4 (9/141) - (10/59)
 - [9] ExecuteScript


2024-08-13 12:40:30,347 [T15-ScriptEngine] INFO  JobRequest
 - STEP 27: Saeb198a1f8aa479d93ff1cc7b83a89e2 (10/141) - (10/59)
 - [10] WriteRange


2024-08-13 12:40:30,378 [T15-ScriptEngine] INFO  JobRequest
 - STEP 28: Saa80707801d949cda6935f50b7db49d4 (11/141) - (10/59)
 - [11] WriteRange


2024-08-13 12:40:30,409 [T15-ScriptEngine] INFO  JobRequest
 - STEP 29: S869d22c06dce4426893cbdde19dc7dd4 (9/141) - (10/59)
 - [9] ExecuteScript


2024-08-13 12:40:30,425 [T15-ScriptEngine] INFO  JobRequest
 - STEP 30: Saeb198a1f8aa479d93ff1cc7b83a89e2 (10/141) - (10/59)
 - [10] WriteRange


2024-08-13 12:40:30,456 [T15-ScriptEngine] INFO  JobRequest
 - STEP 31: Saa80707801d949cda6935f50b7db49d4 (11/141) - (10/59)
 - [11] WriteRange


2024-08-13 12:40:30,502 [T15-ScriptEngine] INFO  JobRequest
 - STEP 32: S75fadb99c0b5471881aa53b5512c0a8b (12/141) - (11/59)
 - [12] End-For


2024-08-13 12:40:30,518 [T15-ScriptEngine] INFO  JobRequest
 - STEP 33: Sb6b589c62372467489d9e403296cd44f (13/141) - (12/59)
 - [13] Debugger


2024-08-13 12:40:30,547 [T15-ScriptEngine] INFO  JobRunner
Try Pause

2024-08-13 12:40:30,548 [T15-ScriptEngine] INFO  JobRequest
##############################################################
### STATE: Paused
##############################################################


2024-08-13 12:40:30,548 [T15-ScriptEngine] INFO  JobRequest
Last job life cycle state: Paused

2024-08-13 12:40:30,566 [T7] DEBUG JobRequest
Callback - State: Paused


2024-08-13 12:41:00,786 [T6] INFO  JobService
ResumeJob

2024-08-13 12:41:00,786 [T6] INFO  JobRunner
Try Resume

2024-08-13 12:41:00,787 [T6] INFO  JobRequest
##############################################################
### STATE: Running
##############################################################


2024-08-13 12:41:00,787 [T6] INFO  JobRequest
Last job life cycle state: Running

2024-08-13 12:41:00,807 [T15-ScriptEngine] INFO  JobRequest
 - STEP 34: See72873a46064535adb32d588aba0e61 (14/141) - (13/59)
 - [14] KeyInput


2024-08-13 12:41:00,823 [T7] DEBUG JobRequest
Callback - State: Running


2024-08-13 12:41:02,986 [T15-ScriptEngine] INFO  JobRequest
 - STEP 35: S142fbd5d0d6948baa28c008242404313 (15/141) - (14/59)
 - [15] Click


2024-08-13 12:41:04,751 [T16] WARN  UIAHelper
[1] Too many child elements are found. (Count 100)

2024-08-13 12:41:05,196 [T16] WARN  UIAHelper
[1] Too many child elements are found. (Count 100)

2024-08-13 12:41:13,871 [T16] WARN  UIAHelper
[1] Too many child elements are found. (Count 100)

2024-08-13 12:41:14,322 [T16] WARN  UIAHelper
[1] Too many child elements are found. (Count 100)

2024-08-13 12:41:17,215 [T15-ScriptEngine] DEBUG WinFinder
UI Inspection Time: 14 seconds.

2024-08-13 12:41:19,581 [T15-ScriptEngine] WARN  ScriptSupport
[CATCH_STEP_EXCEPTION] Process: P_사용기업_재무_자동화
Step: Click (15/141)

Error: 지정된 조건에 해당하는 객체를 찾을 수 없습니다.

14초간 3회 검색을 시도하여 2개의 대상 앱 화면에서 총 36개의 후보 객체를 확인하였으나
대상 객체는 발견되지 않았습니다.

현재 지정된 속성은 아래와 같습니다.

Application: chrome
App Object Type: Pane
Target Type: Document
Target Name: 기업 정보 및 재무제표

2024-08-13 12:41:19,582 [T15-ScriptEngine] FINE  JobRunner
RunTask ExceptionOccured. TASK: P_사용기업_재무_자동화 => 지정된 조건에 해당하는 객체를 찾을 수 없습니다.

14초간 3회 검색을 시도하여 2개의 대상 앱 화면에서 총 36개의 후보 객체를 확인하였으나
대상 객체는 발견되지 않았습니다.

현재 지정된 속성은 아래와 같습니다.

Application: chrome
App Object Type: Pane
Target Type: Document
Target Name: 기업 정보 및 재무제표

2024-08-13 12:41:19,595 [T15-ScriptEngine] INFO  JobRequest
##############################################################
### STATE: EndProcess - P_사용기업_재무_자동화
##############################################################
6fa0a8cb-38f8-4245-8a47-baa8a7bc7e3b
P_사용기업_재무_자동화


2024-08-13 12:41:19,608 [T15-ScriptEngine] ERROR JobRunner
Process: P_사용기업_재무_자동화
Step: Click (15/141)

지정된 조건에 해당하는 객체를 찾을 수 없습니다.

14초간 3회 검색을 시도하여 2개의 대상 앱 화면에서 총 36개의 후보 객체를 확인하였으나
대상 객체는 발견되지 않았습니다.

현재 지정된 속성은 아래와 같습니다.

Application: chrome
App Object Type: Pane
Target Type: Document
Target Name: 기업 정보 및 재무제표

[CallStack]
  - P_사용기업_재무_자동화: [15] Click

[Global Variables]
  - 경로 = 'C:\\Users\\2C000013\\Desktop\\' (String)
  - RESULT = <null> (Any)

[P_사용기업_재무_자동화 Variables]
  - split_str = ['종업원', '124,404명 ', '(2023. 12.)'] (Array1D)
  - list = <Too Long> ["대표자;한종희","기업구분;삼성; 계열사, 코스피 상장","업종;이동전화기 제조업","제품/사업;휴대폰,컴퓨터,네트워크시스템,핵심칩,반도체부품,디스플레이패널,가전제품,의료기기, ... 143 more (Array1D)
  - electronic_excel = <undefined> (Undefined)
  - it_excel = Workbook (Any)
  - table = <undefined> (Undefined)
  - main = <object:ChromeBrowserObject> (Any)

2024-08-13 12:41:19,609 [T15-ScriptEngine] DEBUG JobManager
Set Result State: ExceptionOccured

2024-08-13 12:41:20,542 [T15-ScriptEngine] INFO  JobRunner
Make report.

2024-08-13 12:41:20,580 [T15-ScriptEngine] INFO  JobRunner
Start to clean up resources.

2024-08-13 12:41:20,581 [T16] DEBUG JobRunner
Start timer for checking the job to be completed.

2024-08-13 12:41:20,582 [T15-ScriptEngine] DEBUG JobRunner
OnProcessFailed

2024-08-13 12:41:20,590 [T15-ScriptEngine] DEBUG ExcelPlayer
Dispose Excel: 호출된 개체가 해당 클라이언트로부터 연결이 끊겼습니다. (예외가 발생한 HRESULT: 0x80010108 (RPC_E_DISCONNECTED))

2024-08-13 12:41:20,591 [T15-ScriptEngine] INFO  JobRunner
Start to clean up resources.

2024-08-13 12:41:20,593 [T15-ScriptEngine] DEBUG JobRunner
Remove all libraries

2024-08-13 12:41:20,595 [T15-ScriptEngine] DEBUG NetPlayer
WebPlayer OnDispose

2024-08-13 12:41:20,596 [T15-ScriptEngine] DEBUG WebPlayer
WebPlayer OnDispose : Do Nothing

2024-08-13 12:41:20,597 [T15-ScriptEngine] DEBUG UIAEventHandler
Stop UIA event handler

2024-08-13 12:41:20,609 [T15-ScriptEngine] DEBUG UiaAppHelper
WinHelper DisposeAppList Count: 0

2024-08-13 12:41:20,609 [T15-ScriptEngine] INFO  JobRunner
All Resources Clear

2024-08-13 12:41:20,612 [T15-ScriptEngine] DEBUG JobRunner
OnCompleted

2024-08-13 12:41:20,613 [T15-ScriptEngine] DEBUG JobRunner
SendJobResult: ExceptionOccured

2024-08-13 12:41:20,613 [T15-ScriptEngine] INFO  JobRequest
##############################################################
### STATE: ExceptionOccured
##############################################################
Process: P_사용기업_재무_자동화
Step: Click (15/141)

지정된 조건에 해당하는 객체를 찾을 수 없습니다.

14초간 3회 검색을 시도하여 2개의 대상 앱 화면에서 총 36개의 후보 객체를 확인하였으나
대상 객체는 발견되지 않았습니다.

현재 지정된 속성은 아래와 같습니다.

Application: chrome
App Object Type: Pane
Target Type: Document
Target Name: 기업 정보 및 재무제표

[CallStack]
  - P_사용기업_재무_자동화: [15] Click

[Global Variables]
  - 경로 = 'C:\\Users\\2C000013\\Desktop\\' (String)
  - RESULT = <null> (Any)

[P_사용기업_재무_자동화 Variables]
  - split_str = ['종업원', '124,404명 ', '(2023. 12.)'] (Array1D)
  - list = <Too Long> ["대표자;한종희","기업구분;삼성; 계열사, 코스피 상장","업종;이동전화기 제조업","제품/사업;휴대폰,컴퓨터,네트워크시스템,핵심칩,반도체부품,디스플레이패널,가전제품,의료기기, ... 143 more (Array1D)
  - electronic_excel = <undefined> (Undefined)
  - it_excel = Workbook (Any)
  - table = <undefined> (Undefined)
  - main = <object:ChromeBrowserObject> (Any)


2024-08-13 12:41:20,613 [T15-ScriptEngine] INFO  JobRequest
Last job life cycle state: ExceptionOccured

2024-08-13 12:41:20,624 [T15-ScriptEngine] INFO  JobRequest
##############################################################
### JOB COMPLETED
##############################################################


2024-08-13 12:41:20,632 [T7] DEBUG JobRequest
Callback - State: ExceptionOccured
Process: P_사용기업_재무_자동화
Step: Click (15/141)

지정된 조건에 해당하는 객체를 찾을 수 없습니다.

14초간 3회 검색을 시도하여 2개의 대상 앱 화면에서 총 36개의 후보 객체를 확인하였으나
대상 객체는 발견되지 않았습니다.

현재 지정된 속성은 아래와 같습니다.

Application: chrome
App Object Type: Pane
Target Type: Document
Target Name: 기업 정보 및 재무제표

[CallStack]
  - P_사용기업_재무_자동화: [15] Click

[Global Variables]
  - 경로 = 'C:\\Users\\2C000013\\Desktop\\' (String)
  - RESULT = <null> (Any)

[P_사용기업_재무_자동화 Variables]
  - split_str = ['종업원', '124,404명 ', '(2023. 12.)'] (Array1D)
  - list = <Too Long> ["대표자;한종희","기업구분;삼성; 계열사, 코스피 상장","업종;이동전화기 제조업","제품/사업;휴대폰,컴퓨터,네트워크시스템,핵심칩,반도체부품,디스플레이패널,가전제품,의료기기, ... 143 more (Array1D)
  - electronic_excel = <undefined> (Undefined)
  - it_excel = Workbook (Any)
  - table = <undefined> (Undefined)
  - main = <object:ChromeBrowserObject> (Any)

2024-08-13 12:41:20,633 [T7] INFO  JobRequest
Callback - EngineClosed

2024-08-13 12:41:20,633 [T7] INFO  JobService
Disconnect agent service

2024-08-13 12:41:20,636 [T7] DEBUG JobRequest
End of Callback Sender

