2024-08-13 12:41:21,442 [T1] INFO  EngineStarter
BOT Engine Start - v3.1.100.11228 at 2024-08-13 오후 12:41:21
EngineID: D_20240813_124120_636
PID : 13916
PPID: 8128
Working Directory: C:\Users\2C000013\AppData\Roaming\Brity RPA Designer

2024-08-13 12:41:21,464 [T1] INFO  EngineStarter
System Language: ko-KR
Resolution: 1920 x 1200

2024-08-13 12:41:21,720 [T1] INFO  Config
Initialize Config

2024-08-13 12:41:21,800 [T1] DEBUG Config
Config Loaded

2024-08-13 12:41:21,801 [T1] DEBUG Config
Backup config file.

2024-08-13 12:41:21,812 [T1] INFO  Config
Orchestrator Service => https://bwrpa.samsungsds.com:8777

2024-08-13 12:41:21,817 [T1] INFO  Config
Initialize Resource Config

2024-08-13 12:41:21,847 [T1] DEBUG Config
Refresh Language Information

2024-08-13 12:41:21,932 [T1] INFO  Config
All Config Initialized.

2024-08-13 12:41:21,939 [T1] DEBUG KeyManager
Initialize KeyManager

2024-08-13 12:41:21,942 [T1] DEBUG KeyManager
Load device unique id.

2024-08-13 12:41:21,948 [T1] DEBUG KeyManager
Device ID is initialized.

2024-08-13 12:41:21,991 [T1] INFO  CertLicenseClient
Initialize certificate.

2024-08-13 12:41:21,996 [T1] DEBUG CertLicenseClient
Set Security Protocol: Tls12

2024-08-13 12:41:22,028 [T5] DEBUG JobService
Connect to agent service

2024-08-13 12:41:22,064 [T5] DEBUG JobService
JobService URL : net.tcp://127.0.0.1:59001/rpa/agent

2024-08-13 12:41:22,064 [T5] DEBUG JobService
Open connection

2024-08-13 12:41:22,080 [T1] DEBUG ApplicationInitializer
InitMode: Thread

2024-08-13 12:41:22,086 [T5] DEBUG JobService
Register engine to agent

2024-08-13 12:41:22,091 [T1] INFO  LibraryManager
Load Libraries - Started

2024-08-13 12:41:22,098 [T5] DEBUG JobService
Engine is connected to agent service.

2024-08-13 12:41:22,098 [T5] DEBUG JobService
Owner Process PID: 8128

2024-08-13 12:41:22,101 [T5] INFO  JobService
Start monitoring owner process is terminated.

2024-08-13 12:41:22,111 [T1] DEBUG AddInLoader
Load Assembly : IPA.Lib.Chrome

2024-08-13 12:41:22,412 [T1] DEBUG AddInLoader
Load Assembly : IPA.Lib.Desktop

2024-08-13 12:41:22,603 [T1] DEBUG AddInLoader
Load Assembly : IPA.Lib.Excel

2024-08-13 12:41:22,772 [T1] DEBUG AddInLoader
Load Assembly : IPA.Lib.Flow

2024-08-13 12:41:22,904 [T1] DEBUG AddInLoader
Load Assembly : IPA.Lib.IE

2024-08-13 12:41:23,004 [T1] DEBUG AddInLoader
Load Assembly : IPA.Lib.ImageConverter

2024-08-13 12:41:23,063 [T1] DEBUG AddInLoader
Load Assembly : IPA.Lib.ImageRecognition

2024-08-13 12:41:23,264 [T1] DEBUG AddInLoader
Load Assembly : IPA.Lib.MicrosoftOCR

2024-08-13 12:41:23,331 [T1] DEBUG AddInLoader
Load Assembly : IPA.Lib.Net

2024-08-13 12:41:23,426 [T1] DEBUG AddInLoader
Load Assembly : IPA.Lib.Orchestra

2024-08-13 12:41:23,518 [T1] DEBUG AddInLoader
Load Assembly : IPA.Lib.ProcessFlow

2024-08-13 12:41:23,612 [T1] DEBUG AddInLoader
Load Assembly : IPA.Lib.SAP

2024-08-13 12:41:23,696 [T1] DEBUG AddInLoader
Load Assembly : IPA.Lib.Web

2024-08-13 12:41:23,811 [T1] DEBUG AddInLoader
Load Assembly : IPA.Lib.Win

2024-08-13 12:41:23,960 [T1] INFO  ScreenCapture
Default Screen Capture Bounds: 0,0,1920,1200

2024-08-13 12:41:23,991 [T1] DEBUG AddInLoader
Load Assembly : BrityRPA.AddIn.NativeApp

2024-08-13 12:41:24,114 [T1] DEBUG AddInLoader
Load Assembly : BrityWorks.AddIn.Outlook

2024-08-13 12:41:24,185 [T1] DEBUG AddInLoader
Load Assembly : BrityWorks.AddIn.Pdf

2024-08-13 12:41:24,280 [T1] DEBUG LibraryManager
Load Library - Chrome

2024-08-13 12:41:24,296 [T1] DEBUG LibraryManager
Load Library - Desktop

2024-08-13 12:41:24,312 [T1] DEBUG LibraryManager
Load Library - Excel

2024-08-13 12:41:24,328 [T1] DEBUG LibraryManager
Load Library - Flow

2024-08-13 12:41:24,344 [T1] DEBUG LibraryManager
Load Library - IE

2024-08-13 12:41:24,360 [T1] DEBUG LibraryManager
Load Library - ImageConverter

2024-08-13 12:41:24,376 [T1] DEBUG LibraryManager
Load Library - ImageRecognition

2024-08-13 12:41:24,392 [T1] DEBUG LibraryManager
Load Library - MicrosoftOCR

2024-08-13 12:41:24,408 [T1] DEBUG LibraryManager
Load Library - NativeApp

2024-08-13 12:41:24,424 [T1] DEBUG LibraryManager
Load Library - Net

2024-08-13 12:41:24,440 [T1] DEBUG LibraryManager
Load Library - Orchestra

2024-08-13 12:41:24,456 [T1] DEBUG LibraryManager
Load Library - Outlook

2024-08-13 12:41:24,472 [T1] DEBUG LibraryManager
Load Library - Pdf

2024-08-13 12:41:24,488 [T1] DEBUG LibraryManager
Load Library - SAP

2024-08-13 12:41:24,504 [T1] DEBUG LibraryManager
Load Library - Web

2024-08-13 12:41:24,520 [T1] DEBUG LibraryManager
Load Library - Win

2024-08-13 12:41:24,536 [T1] DEBUG LibraryManager
Load Library - WorkFlow

2024-08-13 12:41:24,541 [T1] DEBUG LibraryManager
Load built-in script libraries

2024-08-13 12:41:24,805 [T1] INFO  LibraryManager
Load Libraries - Completed.

2024-08-13 12:41:24,818 [T1] INFO  App
Launch Arguments: Total: 6 |  -eid D_20240813_124120_636 -runtype ProcRunner -ppid 8128

2024-08-13 12:41:24,818 [T1] DEBUG Config
Refresh Language Information

2024-08-13 12:41:24,819 [T1] DEBUG LibraryManager
LibraryManager Initialized.

2024-08-13 12:43:22,055 [T7] INFO  JobService
Start Job: P_사용기업_재무_자동화 (Foreground)
{
  "JobType": 1,
  "State": 0,
  "IsRunning": false,
  "ResultMessage": null,
  "StartTime": "2024-08-13 12:43:22",
  "EndTime": null,
  "JobId": "Designer_20240813_124321_829",
  "UserAuthentication": null,
  "ProcessPath": "C:\\Users\\2C000013\\Documents\\Brity RPA Projects\\사용기업_재무_자동화1\\P_사용기업_재무_자동화.proc",
  "ProcessId": "6fa0a8cb-38f8-4245-8a47-baa8a7bc7e3b",
  "ProcessVer": "1.0",
  "ProcessArgs": null,
  "RequesterType": 3,
  "RequesterId": "designer",
  "RequesterPID": 8128,
  "OptionsJsonString": null,
  "TimeoutSec": 0,
  "EngineID": "D_20240813_124120_636",
  "EnginePID": 0,
  "EngineRecommededVersion": "",
  "JobWorkDir": "C:\\Users\\2C000013\\Documents\\Brity RPA Projects\\사용기업_재무_자동화1\\Histories\\20240813_124321_P_사용기업_재무_자동화_Designer_20240813_124321_829",
  "JobLogDir": "C:\\Users\\2C000013\\Documents\\Brity RPA Projects\\사용기업_재무_자동화1\\Histories\\20240813_124321_P_사용기업_재무_자동화_Designer_20240813_124321_829\\Log",
  "JobScreenshotDir": "C:\\Users\\2C000013\\Documents\\Brity RPA Projects\\사용기업_재무_자동화1\\Histories\\20240813_124321_P_사용기업_재무_자동화_Designer_20240813_124321_829\\Log\\Screenshot"
}

2024-08-13 12:43:22,202 [T11] DEBUG JobService
Waiting library loading...

2024-08-13 12:43:22,204 [T11] DEBUG Config
Reload User Settings

2024-08-13 12:43:22,205 [T11] INFO  JobService
Config Loading Completed.

2024-08-13 12:43:22,205 [T11] DEBUG JobService
Config Loading Time: 2 ms.

2024-08-13 12:43:22,210 [T11] DEBUG JobService
Check Shared Token

2024-08-13 12:43:22,211 [T11] DEBUG TokenManager
Load connection token

2024-08-13 12:43:22,212 [T11] DEBUG TokenManager
Clear Connection Token - No Shared Token

2024-08-13 12:43:22,267 [T1] DEBUG ServerInformationClient
Request server feature list

2024-08-13 12:43:22,343 [T1] INFO  ServerInformationClient
Server feature update successful

2024-08-13 12:43:22,346 [T1] INFO  ServerInformationClient
It takes 116 milliseconds to try to update the server feature list.

2024-08-13 12:43:22,347 [T1] INFO  Config
Update server features to config.

2024-08-13 12:43:22,366 [T11] INFO  JobService
Shared Token - No Token

2024-08-13 12:43:22,372 [T11] INFO  JobManager
Create JobManager instance for job P_사용기업_재무_자동화(Designer_20240813_124321_829)

2024-08-13 12:43:22,378 [T11] INFO  JobRequest
Job ID : Designer_20240813_124321_829
Project Path  : C:\Users\2C000013\Documents\Brity RPA Projects\사용기업_재무_자동화1\사용기업_재무_자동화1.proj
Process Name  : P_사용기업_재무_자동화
Engine Mode   : Designer
Requester Type: Designer
Requester PID : 8128

2024-08-13 12:43:22,380 [T10] INFO  JobRequest
Start Callback Sender

2024-08-13 12:43:22,380 [T10] DEBUG JobRequest
Step Callback Interval: 500

2024-08-13 12:43:22,425 [T11] DEBUG ProjectManager
Set Project Information

2024-08-13 12:43:22,452 [T11] INFO  PlayOptionManager
PlayOption
- Step Interval : 1
- Disable DrawBounds : False
- Invoke First : False
- Allow Upload of DumpScreen results : False

2024-08-13 12:43:22,453 [T11] INFO  JobRunner
Initialize Script Engine

2024-08-13 12:43:22,470 [T16-ScriptEngine] INFO  JobRequest
##############################################################
### STATE: Initializing
##############################################################


2024-08-13 12:43:22,495 [T10] DEBUG JobRequest
Callback - State: Initializing


2024-08-13 12:43:23,335 [T16-ScriptEngine] INFO  JobRequest
##############################################################
### STATE: Ready
##############################################################


2024-08-13 12:43:23,339 [T10] DEBUG JobRequest
Callback - State: Ready


2024-08-13 12:43:23,346 [T11] INFO  JobRunnerHook
HotKey Hook Started

2024-08-13 12:43:23,347 [T11] INFO  JobRequest
##############################################################
### STATE: Starting
##############################################################


2024-08-13 12:43:23,348 [T16-ScriptEngine] INFO  JobRunner
RunProcess start

2024-08-13 12:43:23,350 [T16-ScriptEngine] INFO  JobRequest
##############################################################
### STATE: Running
##############################################################


2024-08-13 12:43:23,350 [T16-ScriptEngine] INFO  JobRequest
Last job life cycle state: Running

2024-08-13 12:43:23,354 [T10] DEBUG JobRequest
Callback - State: Starting


2024-08-13 12:43:23,370 [T10] DEBUG JobRequest
Callback - State: Running


2024-08-13 12:43:24,505 [T16-ScriptEngine] DEBUG ScreenCapture
DirectX Screen Capture Initialized.

2024-08-13 12:43:24,584 [T16-ScriptEngine] DEBUG JobRunner
DirectX ScreenCapture Checked.

2024-08-13 12:43:24,648 [T16-ScriptEngine] INFO  JobRequest
##############################################################
### STATE: StartProcess - P_사용기업_재무_자동화
##############################################################
6fa0a8cb-38f8-4245-8a47-baa8a7bc7e3b
P_사용기업_재무_자동화


2024-08-13 12:43:24,710 [T16-ScriptEngine] INFO  JobRequest
**************************************************************
*** TASK: P_사용기업_재무_자동화
**************************************************************
 - STEP 1: Sab6b86d4023440c9b56b11efdc4fa38b (2/146) - (1/64)
 - [2] ChromeOpen


2024-08-13 12:43:27,593 [T11] DEBUG ChromeRemoteConnect
GetRemoteBrowserUsingEndPoint Fail : 하나 이상의 오류가 발생했습니다.

2024-08-13 12:43:30,475 [T16-ScriptEngine] INFO  JobRequest
 - STEP 2: S8de9ce3f760c4f7fb21f8fcc13a392a6 (3/146) - (2/64)
 - [3] Block


2024-08-13 12:43:30,491 [T16-ScriptEngine] INFO  JobRequest
 - STEP 3: S526b68826c094ed4a851937eeb000d84 (4/146) - (3/64)
 - [4] OpenExcel


2024-08-13 12:43:32,136 [T16-ScriptEngine] INFO  JobRequest
 - STEP 4: S7fadf35f11e044ee9fba525d2cfa1947 (5/146) - (4/64)
 - [5] Click


2024-08-13 12:43:32,324 [T18] INFO  UIAEventHandler
Start UIA event handler

2024-08-13 12:43:33,322 [T18] DEBUG UIAEventHandler
UI Structure Changed Count: 0

2024-08-13 12:43:33,322 [T18] INFO  UIAEventHandler
waiting for 945 msec during the screen structure is changing.

2024-08-13 12:43:34,747 [T16-ScriptEngine] INFO  JobRequest
 - STEP 5: Sbe98a4e79c9241efbd42dc49d88761c7 (6/146) - (5/64)
 - [6] GetListItems


2024-08-13 12:43:34,869 [T6] DEBUG UIAEventHandler
UI Structure Changed Count: 0

2024-08-13 12:43:34,869 [T6] INFO  UIAEventHandler
waiting for 40 msec during the screen structure is changing.

2024-08-13 12:43:36,381 [T16-ScriptEngine] INFO  JobRequest
 - STEP 6: S97bdb3a0f32a46e0b87e43f28ced1ddf (7/146) - (6/64)
 - [7] CreateWorkSheet


2024-08-13 12:43:36,475 [T16-ScriptEngine] INFO  JobRequest
 - STEP 7: S165a683df1694ad986b4f9db08dde2d4 (8/146) - (7/64)
 - [8] For


2024-08-13 12:43:36,491 [T16-ScriptEngine] INFO  JobRequest
 - STEP 8: S869d22c06dce4426893cbdde19dc7dd4 (9/146) - (8/64)
 - [9] ExecuteScript


2024-08-13 12:43:36,507 [T16-ScriptEngine] INFO  JobRequest
 - STEP 9: Saeb198a1f8aa479d93ff1cc7b83a89e2 (10/146) - (9/64)
 - [10] WriteRange


2024-08-13 12:43:36,617 [T16-ScriptEngine] INFO  JobRequest
 - STEP 10: Saa80707801d949cda6935f50b7db49d4 (11/146) - (10/64)
 - [11] WriteRange


2024-08-13 12:43:36,649 [T16-ScriptEngine] INFO  JobRequest
 - STEP 11: S869d22c06dce4426893cbdde19dc7dd4 (9/146) - (10/64)
 - [9] ExecuteScript


2024-08-13 12:43:36,665 [T16-ScriptEngine] INFO  JobRequest
 - STEP 12: Saeb198a1f8aa479d93ff1cc7b83a89e2 (10/146) - (10/64)
 - [10] WriteRange


2024-08-13 12:43:36,697 [T16-ScriptEngine] INFO  JobRequest
 - STEP 13: Saa80707801d949cda6935f50b7db49d4 (11/146) - (10/64)
 - [11] WriteRange


2024-08-13 12:43:36,729 [T16-ScriptEngine] INFO  JobRequest
 - STEP 14: S869d22c06dce4426893cbdde19dc7dd4 (9/146) - (10/64)
 - [9] ExecuteScript


2024-08-13 12:43:36,744 [T16-ScriptEngine] INFO  JobRequest
 - STEP 15: Saeb198a1f8aa479d93ff1cc7b83a89e2 (10/146) - (10/64)
 - [10] WriteRange


2024-08-13 12:43:36,776 [T16-ScriptEngine] INFO  JobRequest
 - STEP 16: Saa80707801d949cda6935f50b7db49d4 (11/146) - (10/64)
 - [11] WriteRange


2024-08-13 12:43:36,808 [T16-ScriptEngine] INFO  JobRequest
 - STEP 17: S869d22c06dce4426893cbdde19dc7dd4 (9/146) - (10/64)
 - [9] ExecuteScript


2024-08-13 12:43:36,824 [T16-ScriptEngine] INFO  JobRequest
 - STEP 18: Saeb198a1f8aa479d93ff1cc7b83a89e2 (10/146) - (10/64)
 - [10] WriteRange


2024-08-13 12:43:36,856 [T16-ScriptEngine] INFO  JobRequest
 - STEP 19: Saa80707801d949cda6935f50b7db49d4 (11/146) - (10/64)
 - [11] WriteRange


2024-08-13 12:43:36,888 [T16-ScriptEngine] INFO  JobRequest
 - STEP 20: S869d22c06dce4426893cbdde19dc7dd4 (9/146) - (10/64)
 - [9] ExecuteScript


2024-08-13 12:43:36,903 [T16-ScriptEngine] INFO  JobRequest
 - STEP 21: Saeb198a1f8aa479d93ff1cc7b83a89e2 (10/146) - (10/64)
 - [10] WriteRange


2024-08-13 12:43:36,934 [T16-ScriptEngine] INFO  JobRequest
 - STEP 22: Saa80707801d949cda6935f50b7db49d4 (11/146) - (10/64)
 - [11] WriteRange


2024-08-13 12:43:36,966 [T16-ScriptEngine] INFO  JobRequest
 - STEP 23: S869d22c06dce4426893cbdde19dc7dd4 (9/146) - (10/64)
 - [9] ExecuteScript


2024-08-13 12:43:36,982 [T16-ScriptEngine] INFO  JobRequest
 - STEP 24: Saeb198a1f8aa479d93ff1cc7b83a89e2 (10/146) - (10/64)
 - [10] WriteRange


2024-08-13 12:43:37,014 [T16-ScriptEngine] INFO  JobRequest
 - STEP 25: Saa80707801d949cda6935f50b7db49d4 (11/146) - (10/64)
 - [11] WriteRange


2024-08-13 12:43:37,046 [T16-ScriptEngine] INFO  JobRequest
 - STEP 26: S869d22c06dce4426893cbdde19dc7dd4 (9/146) - (10/64)
 - [9] ExecuteScript


2024-08-13 12:43:37,062 [T16-ScriptEngine] INFO  JobRequest
 - STEP 27: Saeb198a1f8aa479d93ff1cc7b83a89e2 (10/146) - (10/64)
 - [10] WriteRange


2024-08-13 12:43:37,078 [T16-ScriptEngine] INFO  JobRequest
 - STEP 28: Saa80707801d949cda6935f50b7db49d4 (11/146) - (10/64)
 - [11] WriteRange


2024-08-13 12:43:37,110 [T16-ScriptEngine] INFO  JobRequest
 - STEP 29: S869d22c06dce4426893cbdde19dc7dd4 (9/146) - (10/64)
 - [9] ExecuteScript


2024-08-13 12:43:37,125 [T16-ScriptEngine] INFO  JobRequest
 - STEP 30: Saeb198a1f8aa479d93ff1cc7b83a89e2 (10/146) - (10/64)
 - [10] WriteRange


2024-08-13 12:43:37,157 [T16-ScriptEngine] INFO  JobRequest
 - STEP 31: Saa80707801d949cda6935f50b7db49d4 (11/146) - (10/64)
 - [11] WriteRange


2024-08-13 12:43:37,189 [T16-ScriptEngine] INFO  JobRequest
 - STEP 32: S75fadb99c0b5471881aa53b5512c0a8b (12/146) - (11/64)
 - [12] End-For


2024-08-13 12:43:37,205 [T16-ScriptEngine] INFO  JobRequest
 - STEP 33: See72873a46064535adb32d588aba0e61 (13/146) - (12/64)
 - [13] KeyInput


2024-08-13 12:43:39,379 [T16-ScriptEngine] INFO  JobRequest
 - STEP 34: S142fbd5d0d6948baa28c008242404313 (14/146) - (13/64)
 - [14] Click


2024-08-13 12:43:40,550 [T16-ScriptEngine] INFO  JobRequest
 - STEP 35: S4f6275dd080f4bd8b5dd90c133eca4b1 (15/146) - (14/64)
 - [15] GetGridItems


2024-08-13 12:43:40,722 [T18] DEBUG UIAEventHandler
UI Structure Changed Count: 0

2024-08-13 12:43:40,722 [T18] INFO  UIAEventHandler
waiting for 130 msec during the screen structure is changing.

2024-08-13 12:43:41,771 [T18] DEBUG UIAEventHandler
UI Structure Changed Count: 0

2024-08-13 12:43:41,771 [T18] INFO  UIAEventHandler
waiting for 81 msec during the screen structure is changing.

2024-08-13 12:43:42,262 [T16-ScriptEngine] INFO  JobRequest
 - STEP 36: S748d553946e0402a8004f08f87f8647f (16/146) - (15/64)
 - [16] CreateWorkSheet


2024-08-13 12:43:42,326 [T16-ScriptEngine] INFO  JobRequest
 - STEP 37: S835d66903fba47979f1a4c9f4bbdd97f (17/146) - (16/64)
 - [17] WriteRange


2024-08-13 12:43:42,388 [T16-ScriptEngine] INFO  JobRequest
 - STEP 38: Sf19a3f504ea249a9b605a47eeec743ae (18/146) - (17/64)
 - [18] ReplaceString


2024-08-13 12:43:42,451 [T16-ScriptEngine] INFO  JobRequest
 - STEP 39: S78e450ccef0c4a1f8e20c426fc6a1794 (19/146) - (18/64)
 - [19] KeyInput


2024-08-13 12:43:44,592 [T16-ScriptEngine] INFO  JobRequest
 - STEP 40: S5b773742637146d58a48ef8328dfa16f (20/146) - (19/64)
 - [20] Click


2024-08-13 12:43:45,734 [T16-ScriptEngine] INFO  JobRequest
 - STEP 41: S1ef360d14ef14db895236dbf0d6f4d4a (21/146) - (20/64)
 - [21] GetListItems


2024-08-13 12:43:45,938 [T6] DEBUG UIAEventHandler
UI Structure Changed Count: 0

2024-08-13 12:43:45,938 [T6] INFO  UIAEventHandler
waiting for 178 msec during the screen structure is changing.

2024-08-13 12:44:09,318 [T16-ScriptEngine] WARN  ScriptSupport
[CATCH_STEP_EXCEPTION] Process: P_사용기업_재무_자동화
Step: GetListItems (21/146)

Error: 지정된 조건에 해당하는 객체를 찾을 수 없습니다.

10초간 8회 검색을 시도하여 1개의 대상 앱 화면에서 총 1078개의 후보 객체를 확인하였으나
대상 객체는 발견되지 않았습니다.

현재 지정된 속성은 아래와 같습니다.

Application: chrome
App Object Type: Pane
Target Type: Text
Target Name: 유선 온라인 게임 소프트웨어 개발 및 공급업

2024-08-13 12:44:09,319 [T16-ScriptEngine] FINE  JobRunner
RunTask ExceptionOccured. TASK: P_사용기업_재무_자동화 => 지정된 조건에 해당하는 객체를 찾을 수 없습니다.

10초간 8회 검색을 시도하여 1개의 대상 앱 화면에서 총 1078개의 후보 객체를 확인하였으나
대상 객체는 발견되지 않았습니다.

현재 지정된 속성은 아래와 같습니다.

Application: chrome
App Object Type: Pane
Target Type: Text
Target Name: 유선 온라인 게임 소프트웨어 개발 및 공급업

2024-08-13 12:44:09,351 [T16-ScriptEngine] INFO  JobRequest
##############################################################
### STATE: EndProcess - P_사용기업_재무_자동화
##############################################################
6fa0a8cb-38f8-4245-8a47-baa8a7bc7e3b
P_사용기업_재무_자동화


2024-08-13 12:44:09,363 [T16-ScriptEngine] ERROR JobRunner
Process: P_사용기업_재무_자동화
Step: GetListItems (21/146)

지정된 조건에 해당하는 객체를 찾을 수 없습니다.

10초간 8회 검색을 시도하여 1개의 대상 앱 화면에서 총 1078개의 후보 객체를 확인하였으나
대상 객체는 발견되지 않았습니다.

현재 지정된 속성은 아래와 같습니다.

Application: chrome
App Object Type: Pane
Target Type: Text
Target Name: 유선 온라인 게임 소프트웨어 개발 및 공급업

[CallStack]
  - P_사용기업_재무_자동화: [21] GetListItems

[Global Variables]
  - 경로 = 'C:\\Users\\2C000013\\Desktop\\' (String)
  - RESULT = <null> (Any)

[P_사용기업_재무_자동화 Variables]
  - split_str = ['종업원', '124,404명 ', '(2023. 12.)'] (Array1D)
  - list = <Too Long> ["대표자;한종희","기업구분;삼성; 계열사, 코스피 상장","업종;이동전화기 제조업","제품/사업;휴대폰,컴퓨터,네트워크시스템,핵심칩,반도체부품,디스플레이패널,가전제품,의료기기, ... 143 more (Array1D)
  - electronic_excel = <undefined> (Undefined)
  - it_excel = Workbook (Any)
  - table = <Too Long> [["IFRS(연결)","2021/12","2022/12","2023/12","2024/03","전년동기","전년동기(%)"],["매출액","2,796,048","3,022,314 ... 1232 more (Array2D)
  - main = <object:ChromeBrowserObject> (Any)

2024-08-13 12:44:09,364 [T16-ScriptEngine] DEBUG JobManager
Set Result State: ExceptionOccured

2024-08-13 12:44:10,948 [T16-ScriptEngine] INFO  JobRunner
Make report.

2024-08-13 12:44:10,997 [T16-ScriptEngine] INFO  JobRunner
Start to clean up resources.

2024-08-13 12:44:10,998 [T16-ScriptEngine] DEBUG JobRunner
OnProcessFailed

2024-08-13 12:44:10,998 [T3] DEBUG JobRunner
Start timer for checking the job to be completed.

2024-08-13 12:44:11,002 [T16-ScriptEngine] DEBUG ExcelBase
DisposeExcel

2024-08-13 12:44:11,024 [T16-ScriptEngine] INFO  JobRunner
Start to clean up resources.

2024-08-13 12:44:11,026 [T16-ScriptEngine] DEBUG JobRunner
Remove all libraries

2024-08-13 12:44:11,027 [T16-ScriptEngine] DEBUG NetPlayer
WebPlayer OnDispose

2024-08-13 12:44:11,029 [T16-ScriptEngine] DEBUG WebPlayer
WebPlayer OnDispose : Do Nothing

2024-08-13 12:44:11,030 [T16-ScriptEngine] DEBUG UIAEventHandler
Stop UIA event handler

2024-08-13 12:44:11,038 [T16-ScriptEngine] DEBUG UiaAppHelper
WinHelper DisposeAppList Count: 0

2024-08-13 12:44:11,038 [T16-ScriptEngine] INFO  JobRunner
All Resources Clear

2024-08-13 12:44:11,041 [T16-ScriptEngine] DEBUG JobRunner
OnCompleted

2024-08-13 12:44:11,042 [T16-ScriptEngine] DEBUG JobRunner
SendJobResult: ExceptionOccured

2024-08-13 12:44:11,042 [T16-ScriptEngine] INFO  JobRequest
##############################################################
### STATE: ExceptionOccured
##############################################################
Process: P_사용기업_재무_자동화
Step: GetListItems (21/146)

지정된 조건에 해당하는 객체를 찾을 수 없습니다.

10초간 8회 검색을 시도하여 1개의 대상 앱 화면에서 총 1078개의 후보 객체를 확인하였으나
대상 객체는 발견되지 않았습니다.

현재 지정된 속성은 아래와 같습니다.

Application: chrome
App Object Type: Pane
Target Type: Text
Target Name: 유선 온라인 게임 소프트웨어 개발 및 공급업

[CallStack]
  - P_사용기업_재무_자동화: [21] GetListItems

[Global Variables]
  - 경로 = 'C:\\Users\\2C000013\\Desktop\\' (String)
  - RESULT = <null> (Any)

[P_사용기업_재무_자동화 Variables]
  - split_str = ['종업원', '124,404명 ', '(2023. 12.)'] (Array1D)
  - list = <Too Long> ["대표자;한종희","기업구분;삼성; 계열사, 코스피 상장","업종;이동전화기 제조업","제품/사업;휴대폰,컴퓨터,네트워크시스템,핵심칩,반도체부품,디스플레이패널,가전제품,의료기기, ... 143 more (Array1D)
  - electronic_excel = <undefined> (Undefined)
  - it_excel = Workbook (Any)
  - table = <Too Long> [["IFRS(연결)","2021/12","2022/12","2023/12","2024/03","전년동기","전년동기(%)"],["매출액","2,796,048","3,022,314 ... 1232 more (Array2D)
  - main = <object:ChromeBrowserObject> (Any)


2024-08-13 12:44:11,042 [T16-ScriptEngine] INFO  JobRequest
Last job life cycle state: ExceptionOccured

2024-08-13 12:44:11,054 [T16-ScriptEngine] INFO  JobRequest
##############################################################
### JOB COMPLETED
##############################################################


2024-08-13 12:44:11,061 [T10] DEBUG JobRequest
Callback - State: ExceptionOccured
Process: P_사용기업_재무_자동화
Step: GetListItems (21/146)

지정된 조건에 해당하는 객체를 찾을 수 없습니다.

10초간 8회 검색을 시도하여 1개의 대상 앱 화면에서 총 1078개의 후보 객체를 확인하였으나
대상 객체는 발견되지 않았습니다.

현재 지정된 속성은 아래와 같습니다.

Application: chrome
App Object Type: Pane
Target Type: Text
Target Name: 유선 온라인 게임 소프트웨어 개발 및 공급업

[CallStack]
  - P_사용기업_재무_자동화: [21] GetListItems

[Global Variables]
  - 경로 = 'C:\\Users\\2C000013\\Desktop\\' (String)
  - RESULT = <null> (Any)

[P_사용기업_재무_자동화 Variables]
  - split_str = ['종업원', '124,404명 ', '(2023. 12.)'] (Array1D)
  - list = <Too Long> ["대표자;한종희","기업구분;삼성; 계열사, 코스피 상장","업종;이동전화기 제조업","제품/사업;휴대폰,컴퓨터,네트워크시스템,핵심칩,반도체부품,디스플레이패널,가전제품,의료기기, ... 143 more (Array1D)
  - electronic_excel = <undefined> (Undefined)
  - it_excel = Workbook (Any)
  - table = <Too Long> [["IFRS(연결)","2021/12","2022/12","2023/12","2024/03","전년동기","전년동기(%)"],["매출액","2,796,048","3,022,314 ... 1232 more (Array2D)
  - main = <object:ChromeBrowserObject> (Any)

2024-08-13 12:44:11,062 [T10] INFO  JobRequest
Callback - EngineClosed

2024-08-13 12:44:11,063 [T10] INFO  JobService
Disconnect agent service

2024-08-13 12:44:11,065 [T10] DEBUG JobRequest
End of Callback Sender

