2024-08-13 09:53:35,956 [T1] INFO  EngineStarter
BOT Engine Start - v3.1.100.11228 at 2024-08-13 오전 9:53:35
EngineID: D_20240813_095335_154
PID : 12136
PPID: 8128
Working Directory: C:\Users\2C000013\AppData\Roaming\Brity RPA Designer

2024-08-13 09:53:35,974 [T1] INFO  EngineStarter
System Language: ko-KR
Resolution: 1920 x 1200

2024-08-13 09:53:36,221 [T1] INFO  Config
Initialize Config

2024-08-13 09:53:36,272 [T1] DEBUG Config
Config Loaded

2024-08-13 09:53:36,272 [T1] DEBUG Config
Backup config file.

2024-08-13 09:53:36,281 [T1] INFO  Config
Orchestrator Service => https://bwrpa.samsungsds.com:8777

2024-08-13 09:53:36,286 [T1] INFO  Config
Initialize Resource Config

2024-08-13 09:53:36,310 [T1] DEBUG Config
Refresh Language Information

2024-08-13 09:53:36,394 [T1] INFO  Config
All Config Initialized.

2024-08-13 09:53:36,401 [T1] DEBUG KeyManager
Initialize KeyManager

2024-08-13 09:53:36,405 [T1] DEBUG KeyManager
Load device unique id.

2024-08-13 09:53:36,413 [T1] DEBUG KeyManager
Device ID is initialized.

2024-08-13 09:53:36,452 [T1] INFO  CertLicenseClient
Initialize certificate.

2024-08-13 09:53:36,456 [T1] DEBUG CertLicenseClient
Set Security Protocol: Tls12

2024-08-13 09:53:36,475 [T4] DEBUG JobService
Connect to agent service

2024-08-13 09:53:36,505 [T4] DEBUG JobService
JobService URL : net.tcp://127.0.0.1:59001/rpa/agent

2024-08-13 09:53:36,505 [T4] DEBUG JobService
Open connection

2024-08-13 09:53:36,514 [T1] DEBUG ApplicationInitializer
InitMode: Thread

2024-08-13 09:53:36,519 [T4] DEBUG JobService
Register engine to agent

2024-08-13 09:53:36,523 [T1] INFO  LibraryManager
Load Libraries - Started

2024-08-13 09:53:36,531 [T4] DEBUG JobService
Engine is connected to agent service.

2024-08-13 09:53:36,531 [T4] DEBUG JobService
Owner Process PID: 8128

2024-08-13 09:53:36,533 [T4] INFO  JobService
Start monitoring owner process is terminated.

2024-08-13 09:53:36,538 [T1] DEBUG AddInLoader
Load Assembly : IPA.Lib.Chrome

2024-08-13 09:53:36,826 [T1] DEBUG AddInLoader
Load Assembly : IPA.Lib.Desktop

2024-08-13 09:53:37,064 [T1] DEBUG AddInLoader
Load Assembly : IPA.Lib.Excel

2024-08-13 09:53:37,211 [T1] DEBUG AddInLoader
Load Assembly : IPA.Lib.Flow

2024-08-13 09:53:37,328 [T1] DEBUG AddInLoader
Load Assembly : IPA.Lib.IE

2024-08-13 09:53:37,422 [T1] DEBUG AddInLoader
Load Assembly : IPA.Lib.ImageConverter

2024-08-13 09:53:37,490 [T1] DEBUG AddInLoader
Load Assembly : IPA.Lib.ImageRecognition

2024-08-13 09:53:37,690 [T1] DEBUG AddInLoader
Load Assembly : IPA.Lib.MicrosoftOCR

2024-08-13 09:53:37,764 [T1] DEBUG AddInLoader
Load Assembly : IPA.Lib.Net

2024-08-13 09:53:37,884 [T1] DEBUG AddInLoader
Load Assembly : IPA.Lib.Orchestra

2024-08-13 09:53:38,011 [T1] DEBUG AddInLoader
Load Assembly : IPA.Lib.ProcessFlow

2024-08-13 09:53:38,119 [T1] DEBUG AddInLoader
Load Assembly : IPA.Lib.SAP

2024-08-13 09:53:38,203 [T1] DEBUG AddInLoader
Load Assembly : IPA.Lib.Web

2024-08-13 09:53:38,329 [T1] DEBUG AddInLoader
Load Assembly : IPA.Lib.Win

2024-08-13 09:53:38,480 [T1] INFO  ScreenCapture
Default Screen Capture Bounds: 0,0,1920,1200

2024-08-13 09:53:38,517 [T1] DEBUG AddInLoader
Load Assembly : BrityRPA.AddIn.NativeApp

2024-08-13 09:53:38,636 [T1] DEBUG AddInLoader
Load Assembly : BrityWorks.AddIn.Outlook

2024-08-13 09:53:38,703 [T1] DEBUG AddInLoader
Load Assembly : BrityWorks.AddIn.Pdf

2024-08-13 09:53:38,791 [T1] DEBUG LibraryManager
Load Library - Chrome

2024-08-13 09:53:38,807 [T1] DEBUG LibraryManager
Load Library - Desktop

2024-08-13 09:53:38,823 [T1] DEBUG LibraryManager
Load Library - Excel

2024-08-13 09:53:38,839 [T1] DEBUG LibraryManager
Load Library - Flow

2024-08-13 09:53:38,854 [T1] DEBUG LibraryManager
Load Library - IE

2024-08-13 09:53:38,870 [T1] DEBUG LibraryManager
Load Library - ImageConverter

2024-08-13 09:53:38,887 [T1] DEBUG LibraryManager
Load Library - ImageRecognition

2024-08-13 09:53:38,902 [T1] DEBUG LibraryManager
Load Library - MicrosoftOCR

2024-08-13 09:53:38,918 [T1] DEBUG LibraryManager
Load Library - NativeApp

2024-08-13 09:53:38,934 [T1] DEBUG LibraryManager
Load Library - Net

2024-08-13 09:53:38,950 [T1] DEBUG LibraryManager
Load Library - Orchestra

2024-08-13 09:53:38,966 [T1] DEBUG LibraryManager
Load Library - Outlook

2024-08-13 09:53:38,981 [T1] DEBUG LibraryManager
Load Library - Pdf

2024-08-13 09:53:38,997 [T1] DEBUG LibraryManager
Load Library - SAP

2024-08-13 09:53:39,013 [T1] DEBUG LibraryManager
Load Library - Web

2024-08-13 09:53:39,029 [T1] DEBUG LibraryManager
Load Library - Win

2024-08-13 09:53:39,045 [T1] DEBUG LibraryManager
Load Library - WorkFlow

2024-08-13 09:53:39,050 [T1] DEBUG LibraryManager
Load built-in script libraries

2024-08-13 09:53:39,343 [T1] INFO  LibraryManager
Load Libraries - Completed.

2024-08-13 09:53:39,357 [T1] INFO  App
Launch Arguments: Total: 6 |  -eid D_20240813_095335_154 -runtype ProcRunner -ppid 8128

2024-08-13 09:53:39,358 [T1] DEBUG Config
Refresh Language Information

2024-08-13 09:53:39,358 [T1] DEBUG LibraryManager
LibraryManager Initialized.

2024-08-13 09:53:43,793 [T6] INFO  JobService
Start Job: P_사용기업_재무_자동화 (Foreground)
{
  "JobType": 1,
  "State": 0,
  "IsRunning": false,
  "ResultMessage": null,
  "StartTime": "2024-08-13 09:53:43",
  "EndTime": null,
  "JobId": "Designer_20240813_095343_620",
  "UserAuthentication": null,
  "ProcessPath": "C:\\Users\\2C000013\\Documents\\Brity RPA Projects\\사용기업_재무_자동화\\P_사용기업_재무_자동화.proc",
  "ProcessId": "9ca48709-f79f-4144-b101-e11e36eb5fac",
  "ProcessVer": "",
  "ProcessArgs": null,
  "RequesterType": 3,
  "RequesterId": "designer",
  "RequesterPID": 8128,
  "OptionsJsonString": null,
  "TimeoutSec": 0,
  "EngineID": "D_20240813_095335_154",
  "EnginePID": 0,
  "EngineRecommededVersion": "",
  "JobWorkDir": "C:\\Users\\2C000013\\Documents\\Brity RPA Projects\\사용기업_재무_자동화\\Histories\\20240813_095343_P_사용기업_재무_자동화_Designer_20240813_095343_620",
  "JobLogDir": "C:\\Users\\2C000013\\Documents\\Brity RPA Projects\\사용기업_재무_자동화\\Histories\\20240813_095343_P_사용기업_재무_자동화_Designer_20240813_095343_620\\Log",
  "JobScreenshotDir": "C:\\Users\\2C000013\\Documents\\Brity RPA Projects\\사용기업_재무_자동화\\Histories\\20240813_095343_P_사용기업_재무_자동화_Designer_20240813_095343_620\\Log\\Screenshot"
}

2024-08-13 09:53:43,944 [T5] DEBUG JobService
Waiting library loading...

2024-08-13 09:53:43,947 [T5] DEBUG Config
Reload User Settings

2024-08-13 09:53:43,948 [T5] INFO  JobService
Config Loading Completed.

2024-08-13 09:53:43,948 [T5] DEBUG JobService
Config Loading Time: 3 ms.

2024-08-13 09:53:43,957 [T5] DEBUG JobService
Check Shared Token

2024-08-13 09:53:43,958 [T5] DEBUG TokenManager
Load connection token

2024-08-13 09:53:43,962 [T5] DEBUG TokenManager
Clear Connection Token - No Shared Token

2024-08-13 09:53:43,984 [T1] DEBUG ServerInformationClient
Request server feature list

2024-08-13 09:53:44,044 [T1] INFO  ServerInformationClient
Server feature update successful

2024-08-13 09:53:44,047 [T1] INFO  ServerInformationClient
It takes 69 milliseconds to try to update the server feature list.

2024-08-13 09:53:44,048 [T1] INFO  Config
Update server features to config.

2024-08-13 09:53:44,066 [T5] INFO  JobService
Shared Token - No Token

2024-08-13 09:53:44,072 [T5] INFO  JobManager
Create JobManager instance for job P_사용기업_재무_자동화(Designer_20240813_095343_620)

2024-08-13 09:53:44,078 [T5] INFO  JobRequest
Job ID : Designer_20240813_095343_620
Project Path  : C:\Users\2C000013\Documents\Brity RPA Projects\사용기업_재무_자동화\사용기업_재무_자동화.proj
Process Name  : P_사용기업_재무_자동화
Engine Mode   : Designer
Requester Type: Designer
Requester PID : 8128

2024-08-13 09:53:44,080 [T10] INFO  JobRequest
Start Callback Sender

2024-08-13 09:53:44,080 [T10] DEBUG JobRequest
Step Callback Interval: 500

2024-08-13 09:53:44,130 [T5] DEBUG ProjectManager
Set Project Information

2024-08-13 09:53:44,159 [T5] INFO  PlayOptionManager
PlayOption
- Step Interval : 1
- Disable DrawBounds : False
- Invoke First : False
- Allow Upload of DumpScreen results : False

2024-08-13 09:53:44,161 [T5] INFO  JobRunner
Initialize Script Engine

2024-08-13 09:53:44,177 [T14-ScriptEngine] INFO  JobRequest
##############################################################
### STATE: Initializing
##############################################################


2024-08-13 09:53:44,205 [T10] DEBUG JobRequest
Callback - State: Initializing


2024-08-13 09:53:45,063 [T14-ScriptEngine] INFO  JobRequest
##############################################################
### STATE: Ready
##############################################################


2024-08-13 09:53:45,067 [T10] DEBUG JobRequest
Callback - State: Ready


2024-08-13 09:53:45,074 [T5] INFO  JobRunnerHook
HotKey Hook Started

2024-08-13 09:53:45,075 [T5] INFO  JobRequest
##############################################################
### STATE: Starting
##############################################################


2024-08-13 09:53:45,077 [T14-ScriptEngine] INFO  JobRunner
RunProcess start

2024-08-13 09:53:45,079 [T14-ScriptEngine] INFO  JobRequest
##############################################################
### STATE: Running
##############################################################


2024-08-13 09:53:45,079 [T14-ScriptEngine] INFO  JobRequest
Last job life cycle state: Running

2024-08-13 09:53:45,083 [T10] DEBUG JobRequest
Callback - State: Starting


2024-08-13 09:53:45,099 [T10] DEBUG JobRequest
Callback - State: Running


2024-08-13 09:53:46,146 [T14-ScriptEngine] DEBUG ScreenCapture
DirectX Screen Capture Initialized.

2024-08-13 09:53:46,224 [T14-ScriptEngine] DEBUG JobRunner
DirectX ScreenCapture Checked.

2024-08-13 09:53:46,253 [T14-ScriptEngine] INFO  JobRequest
##############################################################
### STATE: StartProcess - P_사용기업_재무_자동화
##############################################################
9ca48709-f79f-4144-b101-e11e36eb5fac
P_사용기업_재무_자동화


2024-08-13 09:53:46,319 [T14-ScriptEngine] INFO  JobRequest
**************************************************************
*** TASK: P_사용기업_재무_자동화
**************************************************************
 - STEP 1: S31efeedc9dd0468b82c37a162c65dc52 (3/8) - (1/6)
 - [3] Click


2024-08-13 09:53:46,553 [T5] INFO  UIAEventHandler
Start UIA event handler

2024-08-13 09:53:47,567 [T5] DEBUG UIAEventHandler
UI Structure Changed Count: 0

2024-08-13 09:53:47,567 [T5] INFO  UIAEventHandler
waiting for 982 msec during the screen structure is changing.

2024-08-13 09:53:47,982 [T5] DEBUG UIAEventHandler
UI Structure Changed Count: 1

2024-08-13 09:53:48,092 [T5] INFO  UIAEventHandler
waiting for 224 msec during the screen structure is changing.

2024-08-13 09:53:48,981 [T14-ScriptEngine] INFO  JobRequest
 - STEP 2: S4f6275dd080f4bd8b5dd90c133eca4b1 (4/8) - (2/6)
 - [4] GetGridItems


2024-08-13 09:54:05,148 [T14-ScriptEngine] WARN  ScriptSupport
[CATCH_STEP_EXCEPTION] Process: P_사용기업_재무_자동화
Step: GetGridItems (4/8)

Error: 지정된 조건에 해당하는 객체를 찾을 수 없습니다.

10초간 24회 검색을 시도하여 1개의 대상 앱 화면에서 총 1056개의 후보 객체를 확인하였으나
대상 객체는 발견되지 않았습니다.

현재 지정된 속성은 아래와 같습니다.

Application: chrome
App Object Type: Pane
Target Type: DataItem
Target Name: 2,138

2024-08-13 09:54:05,151 [T14-ScriptEngine] FINE  JobRunner
RunTask ExceptionOccured. TASK: P_사용기업_재무_자동화 => 지정된 조건에 해당하는 객체를 찾을 수 없습니다.

10초간 24회 검색을 시도하여 1개의 대상 앱 화면에서 총 1056개의 후보 객체를 확인하였으나
대상 객체는 발견되지 않았습니다.

현재 지정된 속성은 아래와 같습니다.

Application: chrome
App Object Type: Pane
Target Type: DataItem
Target Name: 2,138

2024-08-13 09:54:05,165 [T14-ScriptEngine] INFO  JobRequest
##############################################################
### STATE: EndProcess - P_사용기업_재무_자동화
##############################################################
9ca48709-f79f-4144-b101-e11e36eb5fac
P_사용기업_재무_자동화


2024-08-13 09:54:05,178 [T14-ScriptEngine] ERROR JobRunner
Process: P_사용기업_재무_자동화
Step: GetGridItems (4/8)

지정된 조건에 해당하는 객체를 찾을 수 없습니다.

10초간 24회 검색을 시도하여 1개의 대상 앱 화면에서 총 1056개의 후보 객체를 확인하였으나
대상 객체는 발견되지 않았습니다.

현재 지정된 속성은 아래와 같습니다.

Application: chrome
App Object Type: Pane
Target Type: DataItem
Target Name: 2,138

[CallStack]
  - P_사용기업_재무_자동화: [4] GetGridItems

[Global Variables]
  - 경로 = 'C:\\Users\\2C000013\\Desktop\\' (String)
  - RESULT = <null> (Any)

[P_사용기업_재무_자동화 Variables]
  - excel = <undefined> (Undefined)
  - table = <undefined> (Undefined)
  - main = <undefined> (Undefined)

2024-08-13 09:54:05,178 [T14-ScriptEngine] DEBUG JobManager
Set Result State: ExceptionOccured

2024-08-13 09:54:06,228 [T14-ScriptEngine] INFO  JobRunner
Make report.

2024-08-13 09:54:06,266 [T14-ScriptEngine] INFO  JobRunner
Start to clean up resources.

2024-08-13 09:54:06,267 [T5] DEBUG JobRunner
Start timer for checking the job to be completed.

2024-08-13 09:54:06,268 [T14-ScriptEngine] DEBUG JobRunner
OnProcessFailed

2024-08-13 09:54:06,270 [T14-ScriptEngine] INFO  JobRunner
Start to clean up resources.

2024-08-13 09:54:06,275 [T14-ScriptEngine] DEBUG JobRunner
Remove all libraries

2024-08-13 09:54:06,277 [T14-ScriptEngine] DEBUG NetPlayer
WebPlayer OnDispose

2024-08-13 09:54:06,279 [T14-ScriptEngine] DEBUG WebPlayer
WebPlayer OnDispose : Do Nothing

2024-08-13 09:54:06,283 [T14-ScriptEngine] DEBUG UIAEventHandler
Stop UIA event handler

2024-08-13 09:54:06,290 [T14-ScriptEngine] DEBUG UiaAppHelper
WinHelper DisposeAppList Count: 0

2024-08-13 09:54:06,290 [T14-ScriptEngine] INFO  JobRunner
All Resources Clear

2024-08-13 09:54:06,293 [T14-ScriptEngine] DEBUG JobRunner
OnCompleted

2024-08-13 09:54:06,293 [T14-ScriptEngine] DEBUG JobRunner
SendJobResult: ExceptionOccured

2024-08-13 09:54:06,294 [T14-ScriptEngine] INFO  JobRequest
##############################################################
### STATE: ExceptionOccured
##############################################################
Process: P_사용기업_재무_자동화
Step: GetGridItems (4/8)

지정된 조건에 해당하는 객체를 찾을 수 없습니다.

10초간 24회 검색을 시도하여 1개의 대상 앱 화면에서 총 1056개의 후보 객체를 확인하였으나
대상 객체는 발견되지 않았습니다.

현재 지정된 속성은 아래와 같습니다.

Application: chrome
App Object Type: Pane
Target Type: DataItem
Target Name: 2,138

[CallStack]
  - P_사용기업_재무_자동화: [4] GetGridItems

[Global Variables]
  - 경로 = 'C:\\Users\\2C000013\\Desktop\\' (String)
  - RESULT = <null> (Any)

[P_사용기업_재무_자동화 Variables]
  - excel = <undefined> (Undefined)
  - table = <undefined> (Undefined)
  - main = <undefined> (Undefined)


2024-08-13 09:54:06,294 [T14-ScriptEngine] INFO  JobRequest
Last job life cycle state: ExceptionOccured

2024-08-13 09:54:06,306 [T14-ScriptEngine] INFO  JobRequest
##############################################################
### JOB COMPLETED
##############################################################


2024-08-13 09:54:06,309 [T10] DEBUG JobRequest
Callback - State: ExceptionOccured
Process: P_사용기업_재무_자동화
Step: GetGridItems (4/8)

지정된 조건에 해당하는 객체를 찾을 수 없습니다.

10초간 24회 검색을 시도하여 1개의 대상 앱 화면에서 총 1056개의 후보 객체를 확인하였으나
대상 객체는 발견되지 않았습니다.

현재 지정된 속성은 아래와 같습니다.

Application: chrome
App Object Type: Pane
Target Type: DataItem
Target Name: 2,138

[CallStack]
  - P_사용기업_재무_자동화: [4] GetGridItems

[Global Variables]
  - 경로 = 'C:\\Users\\2C000013\\Desktop\\' (String)
  - RESULT = <null> (Any)

[P_사용기업_재무_자동화 Variables]
  - excel = <undefined> (Undefined)
  - table = <undefined> (Undefined)
  - main = <undefined> (Undefined)

2024-08-13 09:54:06,310 [T10] INFO  JobRequest
Callback - EngineClosed

2024-08-13 09:54:06,311 [T10] INFO  JobService
Disconnect agent service

2024-08-13 09:54:06,312 [T10] DEBUG JobRequest
End of Callback Sender

