2024-08-13 15:17:05,496 [T1] INFO  EngineStarter
BOT Engine Start - v3.1.100.11228 at 2024-08-13 오후 3:17:05
EngineID: D_20240813_151704_667
PID : 13524
PPID: 5004
Working Directory: C:\Users\2C000013\AppData\Roaming\Brity RPA Designer

2024-08-13 15:17:05,513 [T1] INFO  EngineStarter
System Language: ko-KR
Resolution: 1920 x 1200

2024-08-13 15:17:05,744 [T1] INFO  Config
Initialize Config

2024-08-13 15:17:05,789 [T1] DEBUG Config
Config Loaded

2024-08-13 15:17:05,790 [T1] DEBUG Config
Backup config file.

2024-08-13 15:17:05,801 [T1] INFO  Config
Orchestrator Service => https://bwrpa.samsungsds.com:8777

2024-08-13 15:17:05,805 [T1] INFO  Config
Initialize Resource Config

2024-08-13 15:17:05,830 [T1] DEBUG Config
Refresh Language Information

2024-08-13 15:17:05,926 [T1] INFO  Config
All Config Initialized.

2024-08-13 15:17:05,933 [T1] DEBUG KeyManager
Initialize KeyManager

2024-08-13 15:17:05,936 [T1] DEBUG KeyManager
Load device unique id.

2024-08-13 15:17:05,943 [T1] DEBUG KeyManager
Device ID is initialized.

2024-08-13 15:17:05,981 [T1] INFO  CertLicenseClient
Initialize certificate.

2024-08-13 15:17:05,984 [T1] DEBUG CertLicenseClient
Set Security Protocol: Tls12

2024-08-13 15:17:06,019 [T5] DEBUG JobService
Connect to agent service

2024-08-13 15:17:06,050 [T5] DEBUG JobService
JobService URL : net.tcp://127.0.0.1:59001/rpa/agent

2024-08-13 15:17:06,050 [T5] DEBUG JobService
Open connection

2024-08-13 15:17:06,055 [T1] DEBUG ApplicationInitializer
InitMode: Thread

2024-08-13 15:17:06,063 [T5] DEBUG JobService
Register engine to agent

2024-08-13 15:17:06,064 [T1] INFO  LibraryManager
Load Libraries - Started

2024-08-13 15:17:06,075 [T5] DEBUG JobService
Engine is connected to agent service.

2024-08-13 15:17:06,075 [T5] DEBUG JobService
Owner Process PID: 5004

2024-08-13 15:17:06,078 [T1] DEBUG AddInLoader
Load Assembly : IPA.Lib.Chrome

2024-08-13 15:17:06,078 [T5] INFO  JobService
Start monitoring owner process is terminated.

2024-08-13 15:17:06,337 [T1] DEBUG AddInLoader
Load Assembly : IPA.Lib.Desktop

2024-08-13 15:17:06,522 [T1] DEBUG AddInLoader
Load Assembly : IPA.Lib.Excel

2024-08-13 15:17:06,672 [T1] DEBUG AddInLoader
Load Assembly : IPA.Lib.Flow

2024-08-13 15:17:06,793 [T1] DEBUG AddInLoader
Load Assembly : IPA.Lib.IE

2024-08-13 15:17:06,884 [T1] DEBUG AddInLoader
Load Assembly : IPA.Lib.ImageConverter

2024-08-13 15:17:06,944 [T1] DEBUG AddInLoader
Load Assembly : IPA.Lib.ImageRecognition

2024-08-13 15:17:07,130 [T1] DEBUG AddInLoader
Load Assembly : IPA.Lib.MicrosoftOCR

2024-08-13 15:17:07,188 [T1] DEBUG AddInLoader
Load Assembly : IPA.Lib.Net

2024-08-13 15:17:07,274 [T1] DEBUG AddInLoader
Load Assembly : IPA.Lib.Orchestra

2024-08-13 15:17:07,359 [T1] DEBUG AddInLoader
Load Assembly : IPA.Lib.ProcessFlow

2024-08-13 15:17:07,449 [T1] DEBUG AddInLoader
Load Assembly : IPA.Lib.SAP

2024-08-13 15:17:07,531 [T1] DEBUG AddInLoader
Load Assembly : IPA.Lib.Web

2024-08-13 15:17:07,640 [T1] DEBUG AddInLoader
Load Assembly : IPA.Lib.Win

2024-08-13 15:17:07,773 [T1] INFO  ScreenCapture
Default Screen Capture Bounds: 0,0,1920,1200

2024-08-13 15:17:07,805 [T1] DEBUG AddInLoader
Load Assembly : BrityRPA.AddIn.NativeApp

2024-08-13 15:17:07,910 [T1] DEBUG AddInLoader
Load Assembly : BrityWorks.AddIn.Outlook

2024-08-13 15:17:07,981 [T1] DEBUG AddInLoader
Load Assembly : BrityWorks.AddIn.Pdf

2024-08-13 15:17:08,059 [T1] DEBUG LibraryManager
Load Library - Chrome

2024-08-13 15:17:08,075 [T1] DEBUG LibraryManager
Load Library - Desktop

2024-08-13 15:17:08,091 [T1] DEBUG LibraryManager
Load Library - Excel

2024-08-13 15:17:08,107 [T1] DEBUG LibraryManager
Load Library - Flow

2024-08-13 15:17:08,122 [T1] DEBUG LibraryManager
Load Library - IE

2024-08-13 15:17:08,138 [T1] DEBUG LibraryManager
Load Library - ImageConverter

2024-08-13 15:17:08,154 [T1] DEBUG LibraryManager
Load Library - ImageRecognition

2024-08-13 15:17:08,170 [T1] DEBUG LibraryManager
Load Library - MicrosoftOCR

2024-08-13 15:17:08,185 [T1] DEBUG LibraryManager
Load Library - NativeApp

2024-08-13 15:17:08,201 [T1] DEBUG LibraryManager
Load Library - Net

2024-08-13 15:17:08,216 [T1] DEBUG LibraryManager
Load Library - Orchestra

2024-08-13 15:17:08,231 [T1] DEBUG LibraryManager
Load Library - Outlook

2024-08-13 15:17:08,247 [T1] DEBUG LibraryManager
Load Library - Pdf

2024-08-13 15:17:08,262 [T1] DEBUG LibraryManager
Load Library - SAP

2024-08-13 15:17:08,278 [T1] DEBUG LibraryManager
Load Library - Web

2024-08-13 15:17:08,293 [T1] DEBUG LibraryManager
Load Library - Win

2024-08-13 15:17:08,309 [T1] DEBUG LibraryManager
Load Library - WorkFlow

2024-08-13 15:17:08,317 [T1] DEBUG LibraryManager
Load built-in script libraries

2024-08-13 15:17:08,567 [T1] INFO  LibraryManager
Load Libraries - Completed.

2024-08-13 15:17:08,579 [T1] INFO  App
Launch Arguments: Total: 6 |  -eid D_20240813_151704_667 -runtype ProcRunner -ppid 5004

2024-08-13 15:17:08,579 [T1] DEBUG Config
Refresh Language Information

2024-08-13 15:17:08,580 [T1] DEBUG LibraryManager
LibraryManager Initialized.

2024-08-13 15:17:11,766 [T8] INFO  JobService
Start Job: P_사용기업_재무_자동화 (Foreground)
{
  "JobType": 1,
  "State": 0,
  "IsRunning": false,
  "ResultMessage": null,
  "StartTime": "2024-08-13 15:17:11",
  "EndTime": null,
  "JobId": "Designer_20240813_151711_539",
  "UserAuthentication": null,
  "ProcessPath": "C:\\Users\\2C000013\\Documents\\Brity RPA Projects\\사용기업_재무_자동화1\\P_사용기업_재무_자동화.proc",
  "ProcessId": "6fa0a8cb-38f8-4245-8a47-baa8a7bc7e3b",
  "ProcessVer": "1.0",
  "ProcessArgs": ";S97bdb3a0f32a46e0b87e43f28ced1ddf;False",
  "RequesterType": 3,
  "RequesterId": "designer",
  "RequesterPID": 5004,
  "OptionsJsonString": null,
  "TimeoutSec": 0,
  "EngineID": "D_20240813_151704_667",
  "EnginePID": 0,
  "EngineRecommededVersion": "",
  "JobWorkDir": "C:\\Users\\2C000013\\Documents\\Brity RPA Projects\\사용기업_재무_자동화1\\Histories\\20240813_151711_P_사용기업_재무_자동화_Designer_20240813_151711_539",
  "JobLogDir": "C:\\Users\\2C000013\\Documents\\Brity RPA Projects\\사용기업_재무_자동화1\\Histories\\20240813_151711_P_사용기업_재무_자동화_Designer_20240813_151711_539\\Log",
  "JobScreenshotDir": "C:\\Users\\2C000013\\Documents\\Brity RPA Projects\\사용기업_재무_자동화1\\Histories\\20240813_151711_P_사용기업_재무_자동화_Designer_20240813_151711_539\\Log\\Screenshot"
}

2024-08-13 15:17:11,909 [T4] DEBUG JobService
Waiting library loading...

2024-08-13 15:17:11,911 [T4] DEBUG Config
Reload User Settings

2024-08-13 15:17:11,912 [T4] INFO  JobService
Config Loading Completed.

2024-08-13 15:17:11,912 [T4] DEBUG JobService
Config Loading Time: 2 ms.

2024-08-13 15:17:11,918 [T4] DEBUG JobService
Check Shared Token

2024-08-13 15:17:11,920 [T4] DEBUG TokenManager
Load connection token

2024-08-13 15:17:11,921 [T4] DEBUG TokenManager
Clear Connection Token - No Shared Token

2024-08-13 15:17:11,950 [T1] DEBUG ServerInformationClient
Request server feature list

2024-08-13 15:17:12,026 [T1] INFO  ServerInformationClient
Server feature update successful

2024-08-13 15:17:12,028 [T1] INFO  ServerInformationClient
It takes 85 milliseconds to try to update the server feature list.

2024-08-13 15:17:12,029 [T1] INFO  Config
Update server features to config.

2024-08-13 15:17:12,048 [T4] INFO  JobService
Shared Token - No Token

2024-08-13 15:17:12,054 [T4] INFO  JobManager
Create JobManager instance for job P_사용기업_재무_자동화(Designer_20240813_151711_539)

2024-08-13 15:17:12,059 [T4] INFO  JobRequest
Job ID : Designer_20240813_151711_539
Project Path  : C:\Users\2C000013\Documents\Brity RPA Projects\사용기업_재무_자동화1\사용기업_재무_자동화1.proj
Process Name  : P_사용기업_재무_자동화
Engine Mode   : Designer
Requester Type: Designer
Requester PID : 5004

2024-08-13 15:17:12,062 [T6] INFO  JobRequest
Start Callback Sender

2024-08-13 15:17:12,062 [T6] DEBUG JobRequest
Step Callback Interval: 500

2024-08-13 15:17:12,106 [T4] DEBUG ProjectManager
Set Project Information

2024-08-13 15:17:12,134 [T4] INFO  PlayOptionManager
PlayOption
- Step Interval : 1
- Disable DrawBounds : False
- Invoke First : False
- Allow Upload of DumpScreen results : False

2024-08-13 15:17:12,135 [T4] INFO  JobRunner
Initialize Script Engine

2024-08-13 15:17:12,152 [T14-ScriptEngine] INFO  JobRequest
##############################################################
### STATE: Initializing
##############################################################


2024-08-13 15:17:12,171 [T6] DEBUG JobRequest
Callback - State: Initializing


2024-08-13 15:17:12,994 [T14-ScriptEngine] INFO  JobRequest
##############################################################
### STATE: Ready
##############################################################


2024-08-13 15:17:13,000 [T6] DEBUG JobRequest
Callback - State: Ready


2024-08-13 15:17:13,005 [T4] INFO  JobRunnerHook
HotKey Hook Started

2024-08-13 15:17:13,007 [T4] INFO  JobRequest
##############################################################
### STATE: Starting
##############################################################


2024-08-13 15:17:13,009 [T14-ScriptEngine] INFO  JobRunner
RunProcess start

2024-08-13 15:17:13,010 [T14-ScriptEngine] INFO  JobRequest
##############################################################
### STATE: Running
##############################################################


2024-08-13 15:17:13,010 [T14-ScriptEngine] INFO  JobRequest
Last job life cycle state: Running

2024-08-13 15:17:13,015 [T6] DEBUG JobRequest
Callback - State: Starting


2024-08-13 15:17:13,031 [T6] DEBUG JobRequest
Callback - State: Running


2024-08-13 15:17:14,165 [T14-ScriptEngine] DEBUG ScreenCapture
DirectX Screen Capture Initialized.

2024-08-13 15:17:14,243 [T14-ScriptEngine] DEBUG JobRunner
DirectX ScreenCapture Checked.

2024-08-13 15:17:14,331 [T14-ScriptEngine] INFO  JobRequest
##############################################################
### STATE: StartProcess - P_사용기업_재무_자동화
##############################################################
6fa0a8cb-38f8-4245-8a47-baa8a7bc7e3b
P_사용기업_재무_자동화


2024-08-13 15:17:14,383 [T14-ScriptEngine] INFO  JobRequest
**************************************************************
*** TASK: P_사용기업_재무_자동화
**************************************************************
 - STEP 1: Sab6b86d4023440c9b56b11efdc4fa38b (2/255) - (1/7)
 - [2] ChromeOpen


2024-08-13 15:17:17,350 [T4] DEBUG ChromeRemoteConnect
GetRemoteBrowserUsingEndPoint Fail : 하나 이상의 오류가 발생했습니다.

2024-08-13 15:17:20,349 [T14-ScriptEngine] INFO  JobRequest
 - STEP 2: S8de9ce3f760c4f7fb21f8fcc13a392a6 (3/255) - (2/7)
 - [3] Block


2024-08-13 15:17:20,365 [T14-ScriptEngine] INFO  JobRequest
 - STEP 3: S526b68826c094ed4a851937eeb000d84 (4/255) - (3/7)
 - [4] OpenExcel


2024-08-13 15:17:22,108 [T14-ScriptEngine] INFO  JobRequest
 - STEP 4: Saed0869ddd614001866e7255d8b6c35e (5/255) - (4/7)
 - [5] ChromeClick


2024-08-13 15:17:22,625 [T14-ScriptEngine] INFO  JobRequest
 - STEP 5: Sbe98a4e79c9241efbd42dc49d88761c7 (6/255) - (5/7)
 - [6] GetListItems


2024-08-13 15:17:22,820 [T7] INFO  UIAEventHandler
Start UIA event handler

2024-08-13 15:17:23,834 [T7] DEBUG UIAEventHandler
UI Structure Changed Count: 0

2024-08-13 15:17:23,834 [T7] INFO  UIAEventHandler
waiting for 962 msec during the screen structure is changing.

2024-08-13 15:17:24,353 [T7] DEBUG UIAEventHandler
UI Structure Changed Count: 0

2024-08-13 15:17:24,353 [T7] INFO  UIAEventHandler
waiting for 109 msec during the screen structure is changing.

2024-08-13 15:17:24,704 [T14-ScriptEngine] INFO  JobRequest
 - STEP 6: S97bdb3a0f32a46e0b87e43f28ced1ddf (7/255) - (6/7)
 - [7] CreateWorkSheet


2024-08-13 15:17:24,830 [T14-ScriptEngine] INFO  JobRequest
 - STEP 7: Sa4edef80221243f884ea808b4865c701 (66/255) - (7/7)
 - [66] End-Block


2024-08-13 15:17:24,830 [T14-ScriptEngine] INFO  JobRunner
[PASS] TASK: P_사용기업_재무_자동화

2024-08-13 15:17:24,838 [T14-ScriptEngine] INFO  JobRequest
##############################################################
### STATE: EndProcess - P_사용기업_재무_자동화
##############################################################
6fa0a8cb-38f8-4245-8a47-baa8a7bc7e3b
P_사용기업_재무_자동화


2024-08-13 15:17:24,856 [T14-ScriptEngine] INFO  JobRunner
RunProcess - Job Result: {}

2024-08-13 15:17:24,856 [T14-ScriptEngine] DEBUG JobManager
Set Result State: Completed

2024-08-13 15:17:24,861 [T14-ScriptEngine] INFO  JobRunner
Make report.

2024-08-13 15:17:24,911 [T14-ScriptEngine] INFO  JobRunner
Start to clean up resources.

2024-08-13 15:17:24,912 [T20] DEBUG JobRunner
Start timer for checking the job to be completed.

2024-08-13 15:17:24,913 [T14-ScriptEngine] DEBUG JobRunner
OnProcessCompleted

2024-08-13 15:17:24,918 [T14-ScriptEngine] DEBUG ExcelBase
DisposeExcel

2024-08-13 15:17:24,933 [T14-ScriptEngine] INFO  JobRunner
Start to clean up resources.

2024-08-13 15:17:24,935 [T14-ScriptEngine] DEBUG JobRunner
Remove all libraries

2024-08-13 15:17:24,937 [T14-ScriptEngine] DEBUG NetPlayer
WebPlayer OnDispose

2024-08-13 15:17:24,939 [T14-ScriptEngine] DEBUG WebPlayer
WebPlayer OnDispose : Do Nothing

2024-08-13 15:17:24,940 [T14-ScriptEngine] DEBUG UIAEventHandler
Stop UIA event handler

2024-08-13 15:17:24,948 [T14-ScriptEngine] DEBUG UiaAppHelper
WinHelper DisposeAppList Count: 0

2024-08-13 15:17:24,949 [T14-ScriptEngine] INFO  JobRunner
All Resources Clear

2024-08-13 15:17:24,952 [T14-ScriptEngine] DEBUG JobRunner
OnCompleted

2024-08-13 15:17:24,952 [T14-ScriptEngine] DEBUG JobRunner
SendJobResult: Completed

2024-08-13 15:17:24,952 [T14-ScriptEngine] INFO  JobRequest
##############################################################
### STATE: Completed
##############################################################
{}


2024-08-13 15:17:24,952 [T14-ScriptEngine] INFO  JobRequest
Last job life cycle state: Completed

2024-08-13 15:17:24,952 [T14-ScriptEngine] INFO  JobRequest
Update skipped current step informations.

2024-08-13 15:17:24,965 [T14-ScriptEngine] INFO  JobRequest
##############################################################
### JOB COMPLETED
##############################################################


2024-08-13 15:17:24,971 [T6] DEBUG JobRequest
Callback - State: Completed
{}

2024-08-13 15:17:24,972 [T6] INFO  JobRequest
Callback - EngineClosed

2024-08-13 15:17:24,972 [T6] INFO  JobService
Disconnect agent service

2024-08-13 15:17:24,978 [T6] DEBUG JobRequest
End of Callback Sender

2024-08-13 15:17:24,987 [T14-ScriptEngine] INFO  JobRunner
RunProcess end

2024-08-13 15:17:24,987 [T1] INFO  JobService
Exit - Shutdown Engine BOT

