2024-08-13 15:42:08,071 [T1] INFO  EngineStarter
BOT Engine Start - v3.1.100.11228 at 2024-08-13 오후 3:42:08
EngineID: D_20240813_154207_365
PID : 15244
PPID: 5004
Working Directory: C:\Users\2C000013\AppData\Roaming\Brity RPA Designer

2024-08-13 15:42:08,090 [T1] INFO  EngineStarter
System Language: ko-KR
Resolution: 1920 x 1200

2024-08-13 15:42:08,346 [T1] INFO  Config
Initialize Config

2024-08-13 15:42:08,388 [T1] DEBUG Config
Config Loaded

2024-08-13 15:42:08,388 [T1] DEBUG Config
Backup config file.

2024-08-13 15:42:08,397 [T1] INFO  Config
Orchestrator Service => https://bwrpa.samsungsds.com:8777

2024-08-13 15:42:08,402 [T1] INFO  Config
Initialize Resource Config

2024-08-13 15:42:08,426 [T1] DEBUG Config
Refresh Language Information

2024-08-13 15:42:08,503 [T1] INFO  Config
All Config Initialized.

2024-08-13 15:42:08,510 [T1] DEBUG KeyManager
Initialize KeyManager

2024-08-13 15:42:08,512 [T1] DEBUG KeyManager
Load device unique id.

2024-08-13 15:42:08,520 [T1] DEBUG KeyManager
Device ID is initialized.

2024-08-13 15:42:08,557 [T1] INFO  CertLicenseClient
Initialize certificate.

2024-08-13 15:42:08,560 [T1] DEBUG CertLicenseClient
Set Security Protocol: Tls12

2024-08-13 15:42:08,587 [T5] DEBUG JobService
Connect to agent service

2024-08-13 15:42:08,615 [T5] DEBUG JobService
JobService URL : net.tcp://127.0.0.1:59001/rpa/agent

2024-08-13 15:42:08,616 [T5] DEBUG JobService
Open connection

2024-08-13 15:42:08,621 [T1] DEBUG ApplicationInitializer
InitMode: Thread

2024-08-13 15:42:08,629 [T5] DEBUG JobService
Register engine to agent

2024-08-13 15:42:08,630 [T1] INFO  LibraryManager
Load Libraries - Started

2024-08-13 15:42:08,641 [T5] DEBUG JobService
Engine is connected to agent service.

2024-08-13 15:42:08,641 [T5] DEBUG JobService
Owner Process PID: 5004

2024-08-13 15:42:08,643 [T5] INFO  JobService
Start monitoring owner process is terminated.

2024-08-13 15:42:08,645 [T1] DEBUG AddInLoader
Load Assembly : IPA.Lib.Chrome

2024-08-13 15:42:08,912 [T1] DEBUG AddInLoader
Load Assembly : IPA.Lib.Desktop

2024-08-13 15:42:09,089 [T1] DEBUG AddInLoader
Load Assembly : IPA.Lib.Excel

2024-08-13 15:42:09,230 [T1] DEBUG AddInLoader
Load Assembly : IPA.Lib.Flow

2024-08-13 15:42:09,346 [T1] DEBUG AddInLoader
Load Assembly : IPA.Lib.IE

2024-08-13 15:42:09,434 [T1] DEBUG AddInLoader
Load Assembly : IPA.Lib.ImageConverter

2024-08-13 15:42:09,489 [T1] DEBUG AddInLoader
Load Assembly : IPA.Lib.ImageRecognition

2024-08-13 15:42:09,667 [T1] DEBUG AddInLoader
Load Assembly : IPA.Lib.MicrosoftOCR

2024-08-13 15:42:09,723 [T1] DEBUG AddInLoader
Load Assembly : IPA.Lib.Net

2024-08-13 15:42:09,810 [T1] DEBUG AddInLoader
Load Assembly : IPA.Lib.Orchestra

2024-08-13 15:42:09,898 [T1] DEBUG AddInLoader
Load Assembly : IPA.Lib.ProcessFlow

2024-08-13 15:42:09,981 [T1] DEBUG AddInLoader
Load Assembly : IPA.Lib.SAP

2024-08-13 15:42:10,058 [T1] DEBUG AddInLoader
Load Assembly : IPA.Lib.Web

2024-08-13 15:42:10,164 [T1] DEBUG AddInLoader
Load Assembly : IPA.Lib.Win

2024-08-13 15:42:10,285 [T1] INFO  ScreenCapture
Default Screen Capture Bounds: 0,0,1920,1200

2024-08-13 15:42:10,316 [T1] DEBUG AddInLoader
Load Assembly : BrityRPA.AddIn.NativeApp

2024-08-13 15:42:10,421 [T1] DEBUG AddInLoader
Load Assembly : BrityWorks.AddIn.Outlook

2024-08-13 15:42:10,489 [T1] DEBUG AddInLoader
Load Assembly : BrityWorks.AddIn.Pdf

2024-08-13 15:42:10,579 [T1] DEBUG LibraryManager
Load Library - Chrome

2024-08-13 15:42:10,595 [T1] DEBUG LibraryManager
Load Library - Desktop

2024-08-13 15:42:10,611 [T1] DEBUG LibraryManager
Load Library - Excel

2024-08-13 15:42:10,627 [T1] DEBUG LibraryManager
Load Library - Flow

2024-08-13 15:42:10,643 [T1] DEBUG LibraryManager
Load Library - IE

2024-08-13 15:42:10,659 [T1] DEBUG LibraryManager
Load Library - ImageConverter

2024-08-13 15:42:10,675 [T1] DEBUG LibraryManager
Load Library - ImageRecognition

2024-08-13 15:42:10,691 [T1] DEBUG LibraryManager
Load Library - MicrosoftOCR

2024-08-13 15:42:10,707 [T1] DEBUG LibraryManager
Load Library - NativeApp

2024-08-13 15:42:10,723 [T1] DEBUG LibraryManager
Load Library - Net

2024-08-13 15:42:10,739 [T1] DEBUG LibraryManager
Load Library - Orchestra

2024-08-13 15:42:10,755 [T1] DEBUG LibraryManager
Load Library - Outlook

2024-08-13 15:42:10,771 [T1] DEBUG LibraryManager
Load Library - Pdf

2024-08-13 15:42:10,787 [T1] DEBUG LibraryManager
Load Library - SAP

2024-08-13 15:42:10,803 [T1] DEBUG LibraryManager
Load Library - Web

2024-08-13 15:42:10,819 [T1] DEBUG LibraryManager
Load Library - Win

2024-08-13 15:42:10,835 [T1] DEBUG LibraryManager
Load Library - WorkFlow

2024-08-13 15:42:10,839 [T1] DEBUG LibraryManager
Load built-in script libraries

2024-08-13 15:42:11,082 [T1] INFO  LibraryManager
Load Libraries - Completed.

2024-08-13 15:42:11,095 [T1] INFO  App
Launch Arguments: Total: 6 |  -eid D_20240813_154207_365 -runtype ProcRunner -ppid 5004

2024-08-13 15:42:11,095 [T1] DEBUG Config
Refresh Language Information

2024-08-13 15:42:11,096 [T1] DEBUG LibraryManager
LibraryManager Initialized.

2024-08-13 15:55:02,545 [T9] INFO  JobService
Start Job: P_사용기업_재무_자동화 (Foreground)
{
  "JobType": 1,
  "State": 0,
  "IsRunning": false,
  "ResultMessage": null,
  "StartTime": "2024-08-13 15:55:02",
  "EndTime": null,
  "JobId": "Designer_20240813_155502_264",
  "UserAuthentication": null,
  "ProcessPath": "C:\\Users\\2C000013\\Documents\\Brity RPA Projects\\사용기업_재무_자동화1\\P_사용기업_재무_자동화.proc",
  "ProcessId": "6fa0a8cb-38f8-4245-8a47-baa8a7bc7e3b",
  "ProcessVer": "1.0",
  "ProcessArgs": ";S09023ccece104067885f314342ada38b;False",
  "RequesterType": 3,
  "RequesterId": "designer",
  "RequesterPID": 5004,
  "OptionsJsonString": null,
  "TimeoutSec": 0,
  "EngineID": "D_20240813_154207_365",
  "EnginePID": 0,
  "EngineRecommededVersion": "",
  "JobWorkDir": "C:\\Users\\2C000013\\Documents\\Brity RPA Projects\\사용기업_재무_자동화1\\Histories\\20240813_155502_P_사용기업_재무_자동화_Designer_20240813_155502_264",
  "JobLogDir": "C:\\Users\\2C000013\\Documents\\Brity RPA Projects\\사용기업_재무_자동화1\\Histories\\20240813_155502_P_사용기업_재무_자동화_Designer_20240813_155502_264\\Log",
  "JobScreenshotDir": "C:\\Users\\2C000013\\Documents\\Brity RPA Projects\\사용기업_재무_자동화1\\Histories\\20240813_155502_P_사용기업_재무_자동화_Designer_20240813_155502_264\\Log\\Screenshot"
}

2024-08-13 15:55:02,704 [T10] DEBUG JobService
Waiting library loading...

2024-08-13 15:55:02,707 [T10] DEBUG Config
Reload User Settings

2024-08-13 15:55:02,708 [T10] INFO  JobService
Config Loading Completed.

2024-08-13 15:55:02,708 [T10] DEBUG JobService
Config Loading Time: 3 ms.

2024-08-13 15:55:02,713 [T10] DEBUG JobService
Check Shared Token

2024-08-13 15:55:02,714 [T10] DEBUG TokenManager
Load connection token

2024-08-13 15:55:02,715 [T10] DEBUG TokenManager
Clear Connection Token - No Shared Token

2024-08-13 15:55:02,760 [T1] DEBUG ServerInformationClient
Request server feature list

2024-08-13 15:55:02,836 [T1] INFO  ServerInformationClient
Server feature update successful

2024-08-13 15:55:02,839 [T1] INFO  ServerInformationClient
It takes 105 milliseconds to try to update the server feature list.

2024-08-13 15:55:02,840 [T1] INFO  Config
Update server features to config.

2024-08-13 15:55:02,859 [T10] INFO  JobService
Shared Token - No Token

2024-08-13 15:55:02,865 [T10] INFO  JobManager
Create JobManager instance for job P_사용기업_재무_자동화(Designer_20240813_155502_264)

2024-08-13 15:55:02,872 [T10] INFO  JobRequest
Job ID : Designer_20240813_155502_264
Project Path  : C:\Users\2C000013\Documents\Brity RPA Projects\사용기업_재무_자동화1\사용기업_재무_자동화1.proj
Process Name  : P_사용기업_재무_자동화
Engine Mode   : Designer
Requester Type: Designer
Requester PID : 5004

2024-08-13 15:55:02,874 [T12] INFO  JobRequest
Start Callback Sender

2024-08-13 15:55:02,874 [T12] DEBUG JobRequest
Step Callback Interval: 500

2024-08-13 15:55:02,918 [T10] DEBUG ProjectManager
Set Project Information

2024-08-13 15:55:02,944 [T10] INFO  PlayOptionManager
PlayOption
- Step Interval : 1
- Disable DrawBounds : False
- Invoke First : False
- Allow Upload of DumpScreen results : False

2024-08-13 15:55:02,946 [T10] INFO  JobRunner
Initialize Script Engine

2024-08-13 15:55:02,962 [T16-ScriptEngine] INFO  JobRequest
##############################################################
### STATE: Initializing
##############################################################


2024-08-13 15:55:02,983 [T12] DEBUG JobRequest
Callback - State: Initializing


2024-08-13 15:55:03,843 [T16-ScriptEngine] INFO  JobRequest
##############################################################
### STATE: Ready
##############################################################


2024-08-13 15:55:03,854 [T10] INFO  JobRunnerHook
HotKey Hook Started

2024-08-13 15:55:03,855 [T10] INFO  JobRequest
##############################################################
### STATE: Starting
##############################################################


2024-08-13 15:55:03,857 [T12] DEBUG JobRequest
Callback - State: Ready


2024-08-13 15:55:03,857 [T12] DEBUG JobRequest
Callback - State: Starting


2024-08-13 15:55:03,857 [T16-ScriptEngine] INFO  JobRunner
RunProcess start

2024-08-13 15:55:03,859 [T16-ScriptEngine] INFO  JobRequest
##############################################################
### STATE: Running
##############################################################


2024-08-13 15:55:03,859 [T16-ScriptEngine] INFO  JobRequest
Last job life cycle state: Running

2024-08-13 15:55:03,873 [T12] DEBUG JobRequest
Callback - State: Running


2024-08-13 15:55:05,045 [T16-ScriptEngine] DEBUG ScreenCapture
DirectX Screen Capture Initialized.

2024-08-13 15:55:05,124 [T16-ScriptEngine] DEBUG JobRunner
DirectX ScreenCapture Checked.

2024-08-13 15:55:05,216 [T16-ScriptEngine] INFO  JobRequest
##############################################################
### STATE: StartProcess - P_사용기업_재무_자동화
##############################################################
6fa0a8cb-38f8-4245-8a47-baa8a7bc7e3b
P_사용기업_재무_자동화


2024-08-13 15:55:05,282 [T16-ScriptEngine] INFO  JobRequest
**************************************************************
*** TASK: P_사용기업_재무_자동화
**************************************************************
 - STEP 1: Sab6b86d4023440c9b56b11efdc4fa38b (1/259) - (1/5)
 - [1] ChromeOpen


2024-08-13 15:55:08,086 [T10] DEBUG ChromeRemoteConnect
GetRemoteBrowserUsingEndPoint Fail : 하나 이상의 오류가 발생했습니다.

2024-08-13 15:55:11,263 [T16-ScriptEngine] INFO  JobRequest
 - STEP 2: S2ce0e1afd32343ecb4003fb0a4421112 (197/259) - (2/5)
 - [197] Block


2024-08-13 15:55:11,279 [T16-ScriptEngine] INFO  JobRequest
 - STEP 3: S13d33c2aae0c4aa3974e5bd92554251b (198/259) - (3/5)
 - [198] OpenExcel


2024-08-13 15:55:12,959 [T16-ScriptEngine] INFO  JobRequest
 - STEP 4: S09023ccece104067885f314342ada38b (199/259) - (4/5)
 - [199] CreateWorkSheet


2024-08-13 15:55:13,070 [T16-ScriptEngine] INFO  JobRequest
 - STEP 5: Sc1ec9af23c684a7e84cd3209135b60c6 (259/259) - (5/5)
 - [259] End-Block


2024-08-13 15:55:13,070 [T16-ScriptEngine] INFO  JobRunner
[PASS] TASK: P_사용기업_재무_자동화

2024-08-13 15:55:13,076 [T16-ScriptEngine] INFO  JobRequest
##############################################################
### STATE: EndProcess - P_사용기업_재무_자동화
##############################################################
6fa0a8cb-38f8-4245-8a47-baa8a7bc7e3b
P_사용기업_재무_자동화


2024-08-13 15:55:13,096 [T16-ScriptEngine] INFO  JobRunner
RunProcess - Job Result: {}

2024-08-13 15:55:13,097 [T16-ScriptEngine] DEBUG JobManager
Set Result State: Completed

2024-08-13 15:55:13,101 [T16-ScriptEngine] INFO  JobRunner
Make report.

2024-08-13 15:55:13,150 [T16-ScriptEngine] INFO  JobRunner
Start to clean up resources.

2024-08-13 15:55:13,151 [T16-ScriptEngine] DEBUG JobRunner
OnProcessCompleted

2024-08-13 15:55:13,151 [T10] DEBUG JobRunner
Start timer for checking the job to be completed.

2024-08-13 15:55:13,155 [T16-ScriptEngine] DEBUG ExcelBase
DisposeExcel

2024-08-13 15:55:13,180 [T16-ScriptEngine] INFO  JobRunner
Start to clean up resources.

2024-08-13 15:55:13,182 [T16-ScriptEngine] DEBUG JobRunner
Remove all libraries

2024-08-13 15:55:13,184 [T16-ScriptEngine] DEBUG NetPlayer
WebPlayer OnDispose

2024-08-13 15:55:13,185 [T16-ScriptEngine] DEBUG WebPlayer
WebPlayer OnDispose : Do Nothing

2024-08-13 15:55:13,188 [T16-ScriptEngine] DEBUG UiaAppHelper
WinHelper DisposeAppList Count: 0

2024-08-13 15:55:13,189 [T16-ScriptEngine] INFO  JobRunner
All Resources Clear

2024-08-13 15:55:13,191 [T16-ScriptEngine] DEBUG JobRunner
OnCompleted

2024-08-13 15:55:13,192 [T16-ScriptEngine] DEBUG JobRunner
SendJobResult: Completed

2024-08-13 15:55:13,192 [T16-ScriptEngine] INFO  JobRequest
##############################################################
### STATE: Completed
##############################################################
{}


2024-08-13 15:55:13,192 [T16-ScriptEngine] INFO  JobRequest
Last job life cycle state: Completed

2024-08-13 15:55:13,192 [T16-ScriptEngine] INFO  JobRequest
Update skipped current step informations.

2024-08-13 15:55:13,200 [T12] DEBUG JobRequest
Callback - State: Completed
{}

2024-08-13 15:55:13,205 [T16-ScriptEngine] INFO  JobRequest
##############################################################
### JOB COMPLETED
##############################################################


2024-08-13 15:55:13,215 [T12] INFO  JobRequest
Callback - EngineClosed

2024-08-13 15:55:13,215 [T12] INFO  JobService
Disconnect agent service

2024-08-13 15:55:13,218 [T12] DEBUG JobRequest
End of Callback Sender

2024-08-13 15:55:13,230 [T16-ScriptEngine] INFO  JobRunner
RunProcess end

2024-08-13 15:55:13,230 [T1] INFO  JobService
Exit - Shutdown Engine BOT

