<?xml version="1.0" encoding="utf-8"?>
<Result id="6fa0a8cb-38f8-4245-8a47-baa8a7bc7e3b" name="P_사용기업_재무_자동화" result="Pass" detail="{}" start="2024-08-13T06:55:05.211" end="2024-08-13T06:55:13.075" jobId="Designer_20240813_155502_264">
  <Step id="Sab6b86d4023440c9b56b11efdc4fa38b" taskName="P_사용기업_재무_자동화" type="Chrome" name="ChromeOpen" displayName="ChromeOpen" callDepth="1" depth="1" num="1" result="Pass" start="2024-08-13T06:55:05.284" end="2024-08-13T06:55:11.248" displayTime="6s">
    <Variables>
      <Variable name="m" scope="Normal" owner="P_사용기업_재무_자동화" declareType="Any" isChanged="false" isChangable="false" runtimeType="Undefined" value="&lt;undefined&gt;" />
      <Variable name="main" scope="Normal" owner="P_사용기업_재무_자동화" declareType="Any" isChanged="false" isChangable="true" runtimeType="Undefined" value="&lt;undefined&gt;" />
    </Variables>
    <Properties setIndex="0">
      <Property value="" runtimeType="String" key="Options_OnError" displayKey="On Error" visible="true" required="false" />
      <Property value="" runtimeType="String" key="Key_Description" displayKey="Description" visible="true" required="false" />
      <Property value="this.main : &lt;object:ChromeBrowserObject&gt;" runtimeType="Any" key="CHROME_Browser" displayKey="Browser" visible="true" required="true" />
      <Property value="Chrome" runtimeType="String" key="CHROME_TypeOfBrowser" displayKey="Browser Type" visible="true" required="false" />
      <Property value="false" runtimeType="Boolean" key="CHROME_BrowserType" displayKey="Headless Mode" visible="true" required="false" />
      <Property value="'https://sonw00.github.io/sonw00.jemujepyo.github.io/'" runtimeType="String" key="CHROME_URL" displayKey="URL" visible="true" required="true" />
      <Property value="" runtimeType="String" key="CHROME_ChromePath" displayKey="Browser Path" visible="true" required="false" />
      <Property value="true" runtimeType="Boolean" key="CHROME_Maximize" displayKey="Maximize" visible="true" required="false" />
      <Property value="60" runtimeType="Integer" key="CHROME_WaitTimeSec" displayKey="Page Load Timeout" visible="true" required="false" />
      <Property value="" runtimeType="String" key="CHROME_ExtensionList" displayKey="Included Extensions" visible="true" required="false" />
      <Property value="" runtimeType="String" key="CHROME_DownloadPath" displayKey="Download Path" visible="true" required="false" />
      <Property value="false" runtimeType="Boolean" key="CHROME_WindowsAccountPermissions" displayKey="Windows Account Permissions" visible="true" required="false" />
      <Property value="" runtimeType="String" key="CHROME_UserAgent" displayKey="User Agent" visible="true" required="false" />
      <Property value="false" runtimeType="Boolean" key="CHROME_DisableAutomationControl" displayKey="Disable AutomationControl" visible="true" required="false" />
    </Properties>
  </Step>
  <Step id="S2ce0e1afd32343ecb4003fb0a4421112" taskName="P_사용기업_재무_자동화" type="Flow" name="Block" displayName="Block" callDepth="1" depth="1" num="197" result="Pass" start="2024-08-13T06:55:11.263" end="2024-08-13T06:55:11.266" displayTime="0s">
    <Variables />
    <Properties setIndex="0">
      <Property value="" runtimeType="String" key="Key_Description" displayKey="Description" visible="true" required="false" />
      <Property value="차량기업" runtimeType="String" key="Conditions_Title" displayKey="Title" visible="true" required="false" />
    </Properties>
  </Step>
  <Step id="S13d33c2aae0c4aa3974e5bd92554251b" taskName="P_사용기업_재무_자동화" type="Excel" name="OpenExcel" displayName="OpenExcel" callDepth="1" depth="2" num="198" result="Pass" start="2024-08-13T06:55:11.279" end="2024-08-13T06:55:12.954" displayTime="1.7s">
    <Variables>
      <Variable name="경로" scope="Global" declareType="Any" isChanged="false" isChangable="false" runtimeType="String" value="'C:\\Users\\2C000013\\Desktop\\'" />
    </Variables>
    <Properties setIndex="0">
      <Property value="" runtimeType="String" key="Options_OnError" displayKey="On Error" visible="true" required="false" />
      <Property value="" runtimeType="String" key="Key_Description" displayKey="Description" visible="true" required="false" />
      <Property value="this.car_excel : Workbook" runtimeType="Any" key="Output_OutputExcel" displayKey="Excel" visible="true" required="true" />
      <Property value="'C:\\Users\\2C000013\\Desktop\\차량기업_재무제표.xlsx'" runtimeType="String" key="File_Path" displayKey="Path" visible="true" required="true" />
      <Property value="false" runtimeType="Boolean" key="File_Invisible" displayKey="Invisible" visible="true" required="false" />
      <Property value="false" runtimeType="Boolean" key="File_ReadOnly" displayKey="ReadOnly" visible="true" required="false" />
      <Property value="true" runtimeType="Boolean" key="File_Maximize" displayKey="Maximize" visible="true" required="false" />
      <Property value="false" runtimeType="Boolean" key="File_ExecuteShell" displayKey="Execute Shell" visible="true" required="false" />
      <Property value="60" runtimeType="Integer" key="File_Timeout" displayKey="Timeout" visible="false" required="true" />
      <Property value="false" runtimeType="Boolean" key="File_UsePassword" displayKey="UsePassword" visible="true" required="false" />
      <Property value="&lt;Secure Data&gt;" runtimeType="String" key="File_OpenPassword" displayKey="OpenPassword" visible="false" required="false" />
      <Property value="&lt;Secure Data&gt;" runtimeType="String" key="File_WritePassword" displayKey="WritePassword" visible="false" required="false" />
      <Property value="Comma(,)" runtimeType="String" key="File_TextDelimiter" displayKey="Text Delimiter" visible="true" required="false" />
    </Properties>
  </Step>
  <Step id="S09023ccece104067885f314342ada38b" taskName="P_사용기업_재무_자동화" type="Excel" name="CreateWorkSheet" displayName="CreateWorkSheet" callDepth="1" depth="2" num="199" result="Pass" start="2024-08-13T06:55:12.959" end="2024-08-13T06:55:13.061" displayTime="0.1s">
    <Variables />
    <Properties setIndex="0">
      <Property value="" runtimeType="String" key="Options_OnError" displayKey="On Error" visible="true" required="false" />
      <Property value="" runtimeType="String" key="Key_Description" displayKey="Description" visible="true" required="false" />
      <Property value="Workbook" runtimeType="Any" key="Input_InputExcel" displayKey="Excel" visible="true" required="true" />
      <Property value="'현대자동차_기업정보'" runtimeType="String" key="Sheet_SheetName" displayKey="SheetName" visible="true" required="true" />
      <Property value="0" runtimeType="Integer" key="Sheet_Position" displayKey="Position" visible="true" required="false" />
    </Properties>
  </Step>
  <Step id="Sc1ec9af23c684a7e84cd3209135b60c6" taskName="P_사용기업_재무_자동화" type="Flow" name="EndBlock" displayName="End-Block" callDepth="1" depth="2" num="259" result="Pass" start="2024-08-13T06:55:13.070" end="2024-08-13T06:55:13.074" displayTime="0s">
    <Variables />
    <Properties setIndex="0">
      <Property value="" runtimeType="String" key="Key_Description" displayKey="Description" visible="true" required="false" />
    </Properties>
  </Step>
  <JobInfo>
    <Info name="Bot Version" value="3.1.100.11228" />
    <Info name="Resolution" value="1920 x 1200" />
    <Info name="Language" value="한국어 (대한민국)" />
    <Info name="BotID" value="DESIGNER-HO8M8" />
  </JobInfo>
</Result>