2024-08-13 10:14:27,471 [T1] INFO  EngineStarter
BOT Engine Start - v3.1.100.11228 at 2024-08-13 오전 10:14:27
EngineID: D_20240813_101426_689
PID : 5904
PPID: 8128
Working Directory: C:\Users\2C000013\AppData\Roaming\Brity RPA Designer

2024-08-13 10:14:27,494 [T1] INFO  EngineStarter
System Language: ko-KR
Resolution: 1920 x 1200

2024-08-13 10:14:27,747 [T1] INFO  Config
Initialize Config

2024-08-13 10:14:27,791 [T1] DEBUG Config
Config Loaded

2024-08-13 10:14:27,792 [T1] DEBUG Config
Backup config file.

2024-08-13 10:14:27,802 [T1] INFO  Config
Orchestrator Service => https://bwrpa.samsungsds.com:8777

2024-08-13 10:14:27,806 [T1] INFO  Config
Initialize Resource Config

2024-08-13 10:14:27,831 [T1] DEBUG Config
Refresh Language Information

2024-08-13 10:14:27,919 [T1] INFO  Config
All Config Initialized.

2024-08-13 10:14:27,929 [T1] DEBUG KeyManager
Initialize KeyManager

2024-08-13 10:14:27,933 [T1] DEBUG KeyManager
Load device unique id.

2024-08-13 10:14:27,941 [T1] DEBUG KeyManager
Device ID is initialized.

2024-08-13 10:14:27,985 [T1] INFO  CertLicenseClient
Initialize certificate.

2024-08-13 10:14:27,989 [T1] DEBUG CertLicenseClient
Set Security Protocol: Tls12

2024-08-13 10:14:28,014 [T5] DEBUG JobService
Connect to agent service

2024-08-13 10:14:28,052 [T5] DEBUG JobService
JobService URL : net.tcp://127.0.0.1:59001/rpa/agent

2024-08-13 10:14:28,052 [T5] DEBUG JobService
Open connection

2024-08-13 10:14:28,062 [T1] DEBUG ApplicationInitializer
InitMode: Thread

2024-08-13 10:14:28,066 [T5] DEBUG JobService
Register engine to agent

2024-08-13 10:14:28,071 [T1] INFO  LibraryManager
Load Libraries - Started

2024-08-13 10:14:28,077 [T5] DEBUG JobService
Engine is connected to agent service.

2024-08-13 10:14:28,077 [T5] DEBUG JobService
Owner Process PID: 8128

2024-08-13 10:14:28,080 [T5] INFO  JobService
Start monitoring owner process is terminated.

2024-08-13 10:14:28,085 [T1] DEBUG AddInLoader
Load Assembly : IPA.Lib.Chrome

2024-08-13 10:14:28,353 [T1] DEBUG AddInLoader
Load Assembly : IPA.Lib.Desktop

2024-08-13 10:14:28,531 [T1] DEBUG AddInLoader
Load Assembly : IPA.Lib.Excel

2024-08-13 10:14:28,671 [T1] DEBUG AddInLoader
Load Assembly : IPA.Lib.Flow

2024-08-13 10:14:28,788 [T1] DEBUG AddInLoader
Load Assembly : IPA.Lib.IE

2024-08-13 10:14:28,878 [T1] DEBUG AddInLoader
Load Assembly : IPA.Lib.ImageConverter

2024-08-13 10:14:28,939 [T1] DEBUG AddInLoader
Load Assembly : IPA.Lib.ImageRecognition

2024-08-13 10:14:29,153 [T1] DEBUG AddInLoader
Load Assembly : IPA.Lib.MicrosoftOCR

2024-08-13 10:14:29,221 [T1] DEBUG AddInLoader
Load Assembly : IPA.Lib.Net

2024-08-13 10:14:29,324 [T1] DEBUG AddInLoader
Load Assembly : IPA.Lib.Orchestra

2024-08-13 10:14:29,424 [T1] DEBUG AddInLoader
Load Assembly : IPA.Lib.ProcessFlow

2024-08-13 10:14:29,517 [T1] DEBUG AddInLoader
Load Assembly : IPA.Lib.SAP

2024-08-13 10:14:29,594 [T1] DEBUG AddInLoader
Load Assembly : IPA.Lib.Web

2024-08-13 10:14:29,697 [T1] DEBUG AddInLoader
Load Assembly : IPA.Lib.Win

2024-08-13 10:14:29,819 [T1] INFO  ScreenCapture
Default Screen Capture Bounds: 0,0,1920,1200

2024-08-13 10:14:29,849 [T1] DEBUG AddInLoader
Load Assembly : BrityRPA.AddIn.NativeApp

2024-08-13 10:14:29,956 [T1] DEBUG AddInLoader
Load Assembly : BrityWorks.AddIn.Outlook

2024-08-13 10:14:30,024 [T1] DEBUG AddInLoader
Load Assembly : BrityWorks.AddIn.Pdf

2024-08-13 10:14:30,117 [T1] DEBUG LibraryManager
Load Library - Chrome

2024-08-13 10:14:30,132 [T1] DEBUG LibraryManager
Load Library - Desktop

2024-08-13 10:14:30,148 [T1] DEBUG LibraryManager
Load Library - Excel

2024-08-13 10:14:30,164 [T1] DEBUG LibraryManager
Load Library - Flow

2024-08-13 10:14:30,180 [T1] DEBUG LibraryManager
Load Library - IE

2024-08-13 10:14:30,195 [T1] DEBUG LibraryManager
Load Library - ImageConverter

2024-08-13 10:14:30,210 [T1] DEBUG LibraryManager
Load Library - ImageRecognition

2024-08-13 10:14:30,226 [T1] DEBUG LibraryManager
Load Library - MicrosoftOCR

2024-08-13 10:14:30,242 [T1] DEBUG LibraryManager
Load Library - NativeApp

2024-08-13 10:14:30,257 [T1] DEBUG LibraryManager
Load Library - Net

2024-08-13 10:14:30,273 [T1] DEBUG LibraryManager
Load Library - Orchestra

2024-08-13 10:14:30,289 [T1] DEBUG LibraryManager
Load Library - Outlook

2024-08-13 10:14:30,305 [T1] DEBUG LibraryManager
Load Library - Pdf

2024-08-13 10:14:30,321 [T1] DEBUG LibraryManager
Load Library - SAP

2024-08-13 10:14:30,337 [T1] DEBUG LibraryManager
Load Library - Web

2024-08-13 10:14:30,353 [T1] DEBUG LibraryManager
Load Library - Win

2024-08-13 10:14:30,369 [T1] DEBUG LibraryManager
Load Library - WorkFlow

2024-08-13 10:14:30,373 [T1] DEBUG LibraryManager
Load built-in script libraries

2024-08-13 10:14:30,627 [T1] INFO  LibraryManager
Load Libraries - Completed.

2024-08-13 10:14:30,639 [T1] INFO  App
Launch Arguments: Total: 6 |  -eid D_20240813_101426_689 -runtype ProcRunner -ppid 8128

2024-08-13 10:14:30,640 [T1] DEBUG Config
Refresh Language Information

2024-08-13 10:14:30,641 [T1] DEBUG LibraryManager
LibraryManager Initialized.

2024-08-13 10:16:49,701 [T7] INFO  JobService
Start Job: P_사용기업_재무_자동화 (Foreground)
{
  "JobType": 1,
  "State": 0,
  "IsRunning": false,
  "ResultMessage": null,
  "StartTime": "2024-08-13 10:16:49",
  "EndTime": null,
  "JobId": "Designer_20240813_101649_526",
  "UserAuthentication": null,
  "ProcessPath": "C:\\Users\\2C000013\\Documents\\Brity RPA Projects\\사용기업_재무_자동화1\\P_사용기업_재무_자동화.proc",
  "ProcessId": "6fa0a8cb-38f8-4245-8a47-baa8a7bc7e3b",
  "ProcessVer": "1.0",
  "ProcessArgs": null,
  "RequesterType": 3,
  "RequesterId": "designer",
  "RequesterPID": 8128,
  "OptionsJsonString": null,
  "TimeoutSec": 0,
  "EngineID": "D_20240813_101426_689",
  "EnginePID": 0,
  "EngineRecommededVersion": "",
  "JobWorkDir": "C:\\Users\\2C000013\\Documents\\Brity RPA Projects\\사용기업_재무_자동화1\\Histories\\20240813_101649_P_사용기업_재무_자동화_Designer_20240813_101649_526",
  "JobLogDir": "C:\\Users\\2C000013\\Documents\\Brity RPA Projects\\사용기업_재무_자동화1\\Histories\\20240813_101649_P_사용기업_재무_자동화_Designer_20240813_101649_526\\Log",
  "JobScreenshotDir": "C:\\Users\\2C000013\\Documents\\Brity RPA Projects\\사용기업_재무_자동화1\\Histories\\20240813_101649_P_사용기업_재무_자동화_Designer_20240813_101649_526\\Log\\Screenshot"
}

2024-08-13 10:16:49,850 [T10] DEBUG JobService
Waiting library loading...

2024-08-13 10:16:49,852 [T10] DEBUG Config
Reload User Settings

2024-08-13 10:16:49,855 [T10] INFO  JobService
Config Loading Completed.

2024-08-13 10:16:49,855 [T10] DEBUG JobService
Config Loading Time: 4 ms.

2024-08-13 10:16:49,861 [T10] DEBUG JobService
Check Shared Token

2024-08-13 10:16:49,862 [T10] DEBUG TokenManager
Load connection token

2024-08-13 10:16:49,863 [T10] DEBUG TokenManager
Clear Connection Token - No Shared Token

2024-08-13 10:16:49,948 [T1] DEBUG ServerInformationClient
Request server feature list

2024-08-13 10:16:50,022 [T1] INFO  ServerInformationClient
Server feature update successful

2024-08-13 10:16:50,025 [T1] INFO  ServerInformationClient
It takes 139 milliseconds to try to update the server feature list.

2024-08-13 10:16:50,025 [T1] INFO  Config
Update server features to config.

2024-08-13 10:16:50,045 [T10] INFO  JobService
Shared Token - No Token

2024-08-13 10:16:50,052 [T10] INFO  JobManager
Create JobManager instance for job P_사용기업_재무_자동화(Designer_20240813_101649_526)

2024-08-13 10:16:50,058 [T10] INFO  JobRequest
Job ID : Designer_20240813_101649_526
Project Path  : C:\Users\2C000013\Documents\Brity RPA Projects\사용기업_재무_자동화1\사용기업_재무_자동화1.proj
Process Name  : P_사용기업_재무_자동화
Engine Mode   : Designer
Requester Type: Designer
Requester PID : 8128

2024-08-13 10:16:50,061 [T3] INFO  JobRequest
Start Callback Sender

2024-08-13 10:16:50,061 [T3] DEBUG JobRequest
Step Callback Interval: 500

2024-08-13 10:16:50,107 [T10] DEBUG ProjectManager
Set Project Information

2024-08-13 10:16:50,132 [T10] INFO  PlayOptionManager
PlayOption
- Step Interval : 1
- Disable DrawBounds : False
- Invoke First : False
- Allow Upload of DumpScreen results : False

2024-08-13 10:16:50,133 [T10] INFO  JobRunner
Initialize Script Engine

2024-08-13 10:16:50,147 [T15-ScriptEngine] INFO  JobRequest
##############################################################
### STATE: Initializing
##############################################################


2024-08-13 10:16:50,167 [T3] DEBUG JobRequest
Callback - State: Initializing


2024-08-13 10:16:51,016 [T15-ScriptEngine] INFO  JobRequest
##############################################################
### STATE: Ready
##############################################################


2024-08-13 10:16:51,027 [T10] INFO  JobRunnerHook
HotKey Hook Started

2024-08-13 10:16:51,028 [T10] INFO  JobRequest
##############################################################
### STATE: Starting
##############################################################


2024-08-13 10:16:51,030 [T15-ScriptEngine] INFO  JobRunner
RunProcess start

2024-08-13 10:16:51,031 [T3] DEBUG JobRequest
Callback - State: Ready


2024-08-13 10:16:51,031 [T3] DEBUG JobRequest
Callback - State: Starting


2024-08-13 10:16:51,032 [T15-ScriptEngine] INFO  JobRequest
##############################################################
### STATE: Running
##############################################################


2024-08-13 10:16:51,032 [T15-ScriptEngine] INFO  JobRequest
Last job life cycle state: Running

2024-08-13 10:16:51,047 [T3] DEBUG JobRequest
Callback - State: Running


2024-08-13 10:16:52,139 [T15-ScriptEngine] DEBUG ScreenCapture
DirectX Screen Capture Initialized.

2024-08-13 10:16:52,204 [T15-ScriptEngine] DEBUG JobRunner
DirectX ScreenCapture Checked.

2024-08-13 10:16:52,233 [T15-ScriptEngine] INFO  JobRequest
##############################################################
### STATE: StartProcess - P_사용기업_재무_자동화
##############################################################
6fa0a8cb-38f8-4245-8a47-baa8a7bc7e3b
P_사용기업_재무_자동화


2024-08-13 10:16:52,299 [T15-ScriptEngine] INFO  JobRequest
**************************************************************
*** TASK: P_사용기업_재무_자동화
**************************************************************
 - STEP 1: S99942d1cd2764bb8a36cf044c2490843 (1/8) - (1/7)
 - [1] OpenBrowser


2024-08-13 10:16:52,493 [T15-ScriptEngine] INFO  UiaAppHelper
Open App: C:\Program Files\Internet Explorer\iexplore.exe
Arguments: https://sonw00.github.io/sonw00.jemujepyo.github.io/
Derived App: iexplore

2024-08-13 10:16:52,677 [T15-ScriptEngine] INFO  UiaAppHelper
Process(6656) Started.

2024-08-13 10:16:53,185 [T15-ScriptEngine] WARN  UiaAppHelper
The newly launched process(PID:6656) is immediately terminated.

2024-08-13 10:16:53,710 [T15-ScriptEngine] DEBUG UiaAppHelper
The number of new application windows: 0

2024-08-13 10:16:54,234 [T15-ScriptEngine] DEBUG UiaAppHelper
The number of new application windows: 0

2024-08-13 10:16:54,235 [T15-ScriptEngine] ERROR UiaAppHelper
앱 프로세스가 시작되었으나 실행 상태를 확인할 수 없습니다.
앱 실행을 위한 명령어와 실행인자, 실행 확인을 위한 검사 속성을 확인해주세요.
이미 실행 중인 앱이 명령을 처리하거나 새로 시작된 앱이 즉시 종료되는 경우, 앱의 실행을 검사하지 않도록 'Derived App'을 null로 설정하세요.

 - Command: C:\Program Files\Internet Explorer\iexplore.exe
 - Arguments: https://sonw00.github.io/sonw00.jemujepyo.github.io/
 - Derived App: iexplore
 - WaitTime: 1

2024-08-13 10:16:58,372 [T15-ScriptEngine] WARN  ScriptSupport
[CATCH_STEP_EXCEPTION] Process: P_사용기업_재무_자동화
Step: OpenBrowser (1/8)

Error: 앱 프로세스가 시작되었으나 실행 상태를 확인할 수 없습니다.
앱 실행을 위한 명령어와 실행인자, 실행 확인을 위한 검사 속성을 확인해주세요.
이미 실행 중인 앱이 명령을 처리하거나 새로 시작된 앱이 즉시 종료되는 경우, 앱의 실행을 검사하지 않도록 'Derived App'을 null로 설정하세요.

 - Command: C:\Program Files\Internet Explorer\iexplore.exe
 - Arguments: https://sonw00.github.io/sonw00.jemujepyo.github.io/
 - Derived App: iexplore
 - WaitTime: 1

2024-08-13 10:16:58,377 [T15-ScriptEngine] FINE  JobRunner
RunTask ExceptionOccured. TASK: P_사용기업_재무_자동화 => 앱 프로세스가 시작되었으나 실행 상태를 확인할 수 없습니다.
앱 실행을 위한 명령어와 실행인자, 실행 확인을 위한 검사 속성을 확인해주세요.
이미 실행 중인 앱이 명령을 처리하거나 새로 시작된 앱이 즉시 종료되는 경우, 앱의 실행을 검사하지 않도록 'Derived App'을 null로 설정하세요.

 - Command: C:\Program Files\Internet Explorer\iexplore.exe
 - Arguments: https://sonw00.github.io/sonw00.jemujepyo.github.io/
 - Derived App: iexplore
 - WaitTime: 1

2024-08-13 10:16:58,405 [T15-ScriptEngine] INFO  JobRequest
##############################################################
### STATE: EndProcess - P_사용기업_재무_자동화
##############################################################
6fa0a8cb-38f8-4245-8a47-baa8a7bc7e3b
P_사용기업_재무_자동화


2024-08-13 10:16:58,419 [T15-ScriptEngine] ERROR JobRunner
Process: P_사용기업_재무_자동화
Step: OpenBrowser (1/8)

앱 프로세스가 시작되었으나 실행 상태를 확인할 수 없습니다.
앱 실행을 위한 명령어와 실행인자, 실행 확인을 위한 검사 속성을 확인해주세요.
이미 실행 중인 앱이 명령을 처리하거나 새로 시작된 앱이 즉시 종료되는 경우, 앱의 실행을 검사하지 않도록 'Derived App'을 null로 설정하세요.

 - Command: C:\Program Files\Internet Explorer\iexplore.exe
 - Arguments: https://sonw00.github.io/sonw00.jemujepyo.github.io/
 - Derived App: iexplore
 - WaitTime: 1

[CallStack]
  - P_사용기업_재무_자동화: [1] OpenBrowser

[Global Variables]
  - 경로 = 'C:\\Users\\2C000013\\Desktop\\' (String)
  - RESULT = <null> (Any)

[P_사용기업_재무_자동화 Variables]
  - excel = <undefined> (Undefined)
  - table = <undefined> (Undefined)
  - main = <undefined> (Undefined)

2024-08-13 10:16:58,419 [T15-ScriptEngine] DEBUG JobManager
Set Result State: ExceptionOccured

2024-08-13 10:16:59,865 [T15-ScriptEngine] INFO  JobRunner
Make report.

2024-08-13 10:16:59,901 [T15-ScriptEngine] INFO  JobRunner
Start to clean up resources.

2024-08-13 10:16:59,902 [T10] DEBUG JobRunner
Start timer for checking the job to be completed.

2024-08-13 10:16:59,902 [T15-ScriptEngine] DEBUG JobRunner
OnProcessFailed

2024-08-13 10:16:59,903 [T15-ScriptEngine] INFO  JobRunner
Start to clean up resources.

2024-08-13 10:16:59,905 [T15-ScriptEngine] DEBUG JobRunner
Remove all libraries

2024-08-13 10:16:59,906 [T15-ScriptEngine] DEBUG NetPlayer
WebPlayer OnDispose

2024-08-13 10:16:59,909 [T15-ScriptEngine] DEBUG WebPlayer
WebPlayer OnDispose : Do Nothing

2024-08-13 10:16:59,912 [T15-ScriptEngine] DEBUG UiaAppHelper
WinHelper DisposeAppList Count: 0

2024-08-13 10:16:59,912 [T15-ScriptEngine] INFO  JobRunner
All Resources Clear

2024-08-13 10:16:59,915 [T15-ScriptEngine] DEBUG JobRunner
OnCompleted

2024-08-13 10:16:59,917 [T15-ScriptEngine] DEBUG JobRunner
SendJobResult: ExceptionOccured

2024-08-13 10:16:59,917 [T15-ScriptEngine] INFO  JobRequest
##############################################################
### STATE: ExceptionOccured
##############################################################
Process: P_사용기업_재무_자동화
Step: OpenBrowser (1/8)

앱 프로세스가 시작되었으나 실행 상태를 확인할 수 없습니다.
앱 실행을 위한 명령어와 실행인자, 실행 확인을 위한 검사 속성을 확인해주세요.
이미 실행 중인 앱이 명령을 처리하거나 새로 시작된 앱이 즉시 종료되는 경우, 앱의 실행을 검사하지 않도록 'Derived App'을 null로 설정하세요.

 - Command: C:\Program Files\Internet Explorer\iexplore.exe
 - Arguments: https://sonw00.github.io/sonw00.jemujepyo.github.io/
 - Derived App: iexplore
 - WaitTime: 1

[CallStack]
  - P_사용기업_재무_자동화: [1] OpenBrowser

[Global Variables]
  - 경로 = 'C:\\Users\\2C000013\\Desktop\\' (String)
  - RESULT = <null> (Any)

[P_사용기업_재무_자동화 Variables]
  - excel = <undefined> (Undefined)
  - table = <undefined> (Undefined)
  - main = <undefined> (Undefined)


2024-08-13 10:16:59,917 [T15-ScriptEngine] INFO  JobRequest
Last job life cycle state: ExceptionOccured

2024-08-13 10:16:59,933 [T15-ScriptEngine] INFO  JobRequest
##############################################################
### JOB COMPLETED
##############################################################


2024-08-13 10:16:59,934 [T3] DEBUG JobRequest
Callback - State: ExceptionOccured
Process: P_사용기업_재무_자동화
Step: OpenBrowser (1/8)

앱 프로세스가 시작되었으나 실행 상태를 확인할 수 없습니다.
앱 실행을 위한 명령어와 실행인자, 실행 확인을 위한 검사 속성을 확인해주세요.
이미 실행 중인 앱이 명령을 처리하거나 새로 시작된 앱이 즉시 종료되는 경우, 앱의 실행을 검사하지 않도록 'Derived App'을 null로 설정하세요.

 - Command: C:\Program Files\Internet Explorer\iexplore.exe
 - Arguments: https://sonw00.github.io/sonw00.jemujepyo.github.io/
 - Derived App: iexplore
 - WaitTime: 1

[CallStack]
  - P_사용기업_재무_자동화: [1] OpenBrowser

[Global Variables]
  - 경로 = 'C:\\Users\\2C000013\\Desktop\\' (String)
  - RESULT = <null> (Any)

[P_사용기업_재무_자동화 Variables]
  - excel = <undefined> (Undefined)
  - table = <undefined> (Undefined)
  - main = <undefined> (Undefined)

2024-08-13 10:16:59,938 [T15-ScriptEngine] INFO  JobRunner
RunProcess end

2024-08-13 10:16:59,938 [T1] INFO  JobService
Exit - Shutdown Engine BOT

2024-08-13 10:16:59,952 [T3] INFO  JobRequest
Callback - EngineClosed

2024-08-13 10:16:59,953 [T3] INFO  JobService
Disconnect agent service

2024-08-13 10:16:59,953 [T3] DEBUG JobRequest
End of Callback Sender

