2024-08-13 15:19:53,236 [T1] INFO  EngineStarter
BOT Engine Start - v3.1.100.11228 at 2024-08-13 오후 3:19:53
EngineID: D_20240813_151952_495
PID : 6780
PPID: 5004
Working Directory: C:\Users\2C000013\AppData\Roaming\Brity RPA Designer

2024-08-13 15:19:53,255 [T1] INFO  EngineStarter
System Language: ko-KR
Resolution: 1920 x 1200

2024-08-13 15:19:53,497 [T1] INFO  Config
Initialize Config

2024-08-13 15:19:53,540 [T1] DEBUG Config
Config Loaded

2024-08-13 15:19:53,541 [T1] DEBUG Config
Backup config file.

2024-08-13 15:19:53,550 [T1] INFO  Config
Orchestrator Service => https://bwrpa.samsungsds.com:8777

2024-08-13 15:19:53,556 [T1] INFO  Config
Initialize Resource Config

2024-08-13 15:19:53,580 [T1] DEBUG Config
Refresh Language Information

2024-08-13 15:19:53,656 [T1] INFO  Config
All Config Initialized.

2024-08-13 15:19:53,664 [T1] DEBUG KeyManager
Initialize KeyManager

2024-08-13 15:19:53,667 [T1] DEBUG KeyManager
Load device unique id.

2024-08-13 15:19:53,674 [T1] DEBUG KeyManager
Device ID is initialized.

2024-08-13 15:19:53,714 [T1] INFO  CertLicenseClient
Initialize certificate.

2024-08-13 15:19:53,717 [T1] DEBUG CertLicenseClient
Set Security Protocol: Tls12

2024-08-13 15:19:53,741 [T4] DEBUG JobService
Connect to agent service

2024-08-13 15:19:53,770 [T4] DEBUG JobService
JobService URL : net.tcp://127.0.0.1:59001/rpa/agent

2024-08-13 15:19:53,770 [T4] DEBUG JobService
Open connection

2024-08-13 15:19:53,775 [T1] DEBUG ApplicationInitializer
InitMode: Thread

2024-08-13 15:19:53,784 [T4] DEBUG JobService
Register engine to agent

2024-08-13 15:19:53,784 [T1] INFO  LibraryManager
Load Libraries - Started

2024-08-13 15:19:53,798 [T1] DEBUG AddInLoader
Load Assembly : IPA.Lib.Chrome

2024-08-13 15:19:53,799 [T4] DEBUG JobService
Engine is connected to agent service.

2024-08-13 15:19:53,799 [T4] DEBUG JobService
Owner Process PID: 5004

2024-08-13 15:19:53,802 [T4] INFO  JobService
Start monitoring owner process is terminated.

2024-08-13 15:19:54,064 [T1] DEBUG AddInLoader
Load Assembly : IPA.Lib.Desktop

2024-08-13 15:19:54,242 [T1] DEBUG AddInLoader
Load Assembly : IPA.Lib.Excel

2024-08-13 15:19:54,389 [T1] DEBUG AddInLoader
Load Assembly : IPA.Lib.Flow

2024-08-13 15:19:54,501 [T1] DEBUG AddInLoader
Load Assembly : IPA.Lib.IE

2024-08-13 15:19:54,594 [T1] DEBUG AddInLoader
Load Assembly : IPA.Lib.ImageConverter

2024-08-13 15:19:54,651 [T1] DEBUG AddInLoader
Load Assembly : IPA.Lib.ImageRecognition

2024-08-13 15:19:54,836 [T1] DEBUG AddInLoader
Load Assembly : IPA.Lib.MicrosoftOCR

2024-08-13 15:19:54,893 [T1] DEBUG AddInLoader
Load Assembly : IPA.Lib.Net

2024-08-13 15:19:54,973 [T1] DEBUG AddInLoader
Load Assembly : IPA.Lib.Orchestra

2024-08-13 15:19:55,051 [T1] DEBUG AddInLoader
Load Assembly : IPA.Lib.ProcessFlow

2024-08-13 15:19:55,136 [T1] DEBUG AddInLoader
Load Assembly : IPA.Lib.SAP

2024-08-13 15:19:55,216 [T1] DEBUG AddInLoader
Load Assembly : IPA.Lib.Web

2024-08-13 15:19:55,324 [T1] DEBUG AddInLoader
Load Assembly : IPA.Lib.Win

2024-08-13 15:19:55,451 [T1] INFO  ScreenCapture
Default Screen Capture Bounds: 0,0,1920,1200

2024-08-13 15:19:55,483 [T1] DEBUG AddInLoader
Load Assembly : BrityRPA.AddIn.NativeApp

2024-08-13 15:19:55,589 [T1] DEBUG AddInLoader
Load Assembly : BrityWorks.AddIn.Outlook

2024-08-13 15:19:55,656 [T1] DEBUG AddInLoader
Load Assembly : BrityWorks.AddIn.Pdf

2024-08-13 15:19:55,737 [T1] DEBUG LibraryManager
Load Library - Chrome

2024-08-13 15:19:55,753 [T1] DEBUG LibraryManager
Load Library - Desktop

2024-08-13 15:19:55,769 [T1] DEBUG LibraryManager
Load Library - Excel

2024-08-13 15:19:55,785 [T1] DEBUG LibraryManager
Load Library - Flow

2024-08-13 15:19:55,800 [T1] DEBUG LibraryManager
Load Library - IE

2024-08-13 15:19:55,816 [T1] DEBUG LibraryManager
Load Library - ImageConverter

2024-08-13 15:19:55,832 [T1] DEBUG LibraryManager
Load Library - ImageRecognition

2024-08-13 15:19:55,848 [T1] DEBUG LibraryManager
Load Library - MicrosoftOCR

2024-08-13 15:19:55,864 [T1] DEBUG LibraryManager
Load Library - NativeApp

2024-08-13 15:19:55,880 [T1] DEBUG LibraryManager
Load Library - Net

2024-08-13 15:19:55,896 [T1] DEBUG LibraryManager
Load Library - Orchestra

2024-08-13 15:19:55,912 [T1] DEBUG LibraryManager
Load Library - Outlook

2024-08-13 15:19:55,928 [T1] DEBUG LibraryManager
Load Library - Pdf

2024-08-13 15:19:55,944 [T1] DEBUG LibraryManager
Load Library - SAP

2024-08-13 15:19:55,960 [T1] DEBUG LibraryManager
Load Library - Web

2024-08-13 15:19:55,976 [T1] DEBUG LibraryManager
Load Library - Win

2024-08-13 15:19:55,991 [T1] DEBUG LibraryManager
Load Library - WorkFlow

2024-08-13 15:19:55,996 [T1] DEBUG LibraryManager
Load built-in script libraries

2024-08-13 15:19:56,258 [T1] INFO  LibraryManager
Load Libraries - Completed.

2024-08-13 15:19:56,270 [T1] INFO  App
Launch Arguments: Total: 6 |  -eid D_20240813_151952_495 -runtype ProcRunner -ppid 5004

2024-08-13 15:19:56,271 [T1] DEBUG Config
Refresh Language Information

2024-08-13 15:19:56,272 [T1] DEBUG LibraryManager
LibraryManager Initialized.

2024-08-13 15:21:03,007 [T9] INFO  JobService
Start Job: P_사용기업_재무_자동화 (Foreground)
{
  "JobType": 1,
  "State": 0,
  "IsRunning": false,
  "ResultMessage": null,
  "StartTime": "2024-08-13 15:21:02",
  "EndTime": null,
  "JobId": "Designer_20240813_152102_656",
  "UserAuthentication": null,
  "ProcessPath": "C:\\Users\\2C000013\\Documents\\Brity RPA Projects\\사용기업_재무_자동화1\\P_사용기업_재무_자동화.proc",
  "ProcessId": "6fa0a8cb-38f8-4245-8a47-baa8a7bc7e3b",
  "ProcessVer": "1.0",
  "ProcessArgs": ";S268560cb756c4a6989c5cf9d324a09b3;False",
  "RequesterType": 3,
  "RequesterId": "designer",
  "RequesterPID": 5004,
  "OptionsJsonString": null,
  "TimeoutSec": 0,
  "EngineID": "D_20240813_151952_495",
  "EnginePID": 0,
  "EngineRecommededVersion": "",
  "JobWorkDir": "C:\\Users\\2C000013\\Documents\\Brity RPA Projects\\사용기업_재무_자동화1\\Histories\\20240813_152102_P_사용기업_재무_자동화_Designer_20240813_152102_656",
  "JobLogDir": "C:\\Users\\2C000013\\Documents\\Brity RPA Projects\\사용기업_재무_자동화1\\Histories\\20240813_152102_P_사용기업_재무_자동화_Designer_20240813_152102_656\\Log",
  "JobScreenshotDir": "C:\\Users\\2C000013\\Documents\\Brity RPA Projects\\사용기업_재무_자동화1\\Histories\\20240813_152102_P_사용기업_재무_자동화_Designer_20240813_152102_656\\Log\\Screenshot"
}

2024-08-13 15:21:03,160 [T10] DEBUG JobService
Waiting library loading...

2024-08-13 15:21:03,163 [T10] DEBUG Config
Reload User Settings

2024-08-13 15:21:03,164 [T10] INFO  Config
UserSettings Reloaded =>
 - LastExecution : b9R4ZHJSQfuyHP1UkNxwPDEq7qXaxBTChFQe6aTQ3Qg= -> goGolzRdJnOlhn0ZjsrYluviHfcpDybOfAL97b/hHto=

2024-08-13 15:21:03,164 [T10] INFO  JobService
Config Loading Completed.

2024-08-13 15:21:03,164 [T10] DEBUG JobService
Config Loading Time: 3 ms.

2024-08-13 15:21:03,170 [T10] DEBUG JobService
Check Shared Token

2024-08-13 15:21:03,171 [T10] DEBUG TokenManager
Load connection token

2024-08-13 15:21:03,173 [T10] DEBUG TokenManager
Clear Connection Token - No Shared Token

2024-08-13 15:21:03,199 [T1] DEBUG ServerInformationClient
Request server feature list

2024-08-13 15:21:03,265 [T1] INFO  ServerInformationClient
Server feature update successful

2024-08-13 15:21:03,268 [T1] INFO  ServerInformationClient
It takes 75 milliseconds to try to update the server feature list.

2024-08-13 15:21:03,269 [T1] INFO  Config
Update server features to config.

2024-08-13 15:21:03,288 [T10] INFO  JobService
Shared Token - No Token

2024-08-13 15:21:03,293 [T10] INFO  JobManager
Create JobManager instance for job P_사용기업_재무_자동화(Designer_20240813_152102_656)

2024-08-13 15:21:03,299 [T10] INFO  JobRequest
Job ID : Designer_20240813_152102_656
Project Path  : C:\Users\2C000013\Documents\Brity RPA Projects\사용기업_재무_자동화1\사용기업_재무_자동화1.proj
Process Name  : P_사용기업_재무_자동화
Engine Mode   : Designer
Requester Type: Designer
Requester PID : 5004

2024-08-13 15:21:03,302 [T11] INFO  JobRequest
Start Callback Sender

2024-08-13 15:21:03,302 [T11] DEBUG JobRequest
Step Callback Interval: 500

2024-08-13 15:21:03,343 [T10] DEBUG ProjectManager
Set Project Information

2024-08-13 15:21:03,370 [T10] INFO  PlayOptionManager
PlayOption
- Step Interval : 1
- Disable DrawBounds : False
- Invoke First : False
- Allow Upload of DumpScreen results : False

2024-08-13 15:21:03,372 [T10] INFO  JobRunner
Initialize Script Engine

2024-08-13 15:21:03,388 [T17-ScriptEngine] INFO  JobRequest
##############################################################
### STATE: Initializing
##############################################################


2024-08-13 15:21:03,403 [T11] DEBUG JobRequest
Callback - State: Initializing


2024-08-13 15:21:04,256 [T17-ScriptEngine] INFO  JobRequest
##############################################################
### STATE: Ready
##############################################################


2024-08-13 15:21:04,266 [T11] DEBUG JobRequest
Callback - State: Ready


2024-08-13 15:21:04,267 [T10] INFO  JobRunnerHook
HotKey Hook Started

2024-08-13 15:21:04,268 [T10] INFO  JobRequest
##############################################################
### STATE: Starting
##############################################################


2024-08-13 15:21:04,270 [T17-ScriptEngine] INFO  JobRunner
RunProcess start

2024-08-13 15:21:04,272 [T17-ScriptEngine] INFO  JobRequest
##############################################################
### STATE: Running
##############################################################


2024-08-13 15:21:04,272 [T17-ScriptEngine] INFO  JobRequest
Last job life cycle state: Running

2024-08-13 15:21:04,282 [T11] DEBUG JobRequest
Callback - State: Starting


2024-08-13 15:21:04,282 [T11] DEBUG JobRequest
Callback - State: Running


2024-08-13 15:21:05,424 [T17-ScriptEngine] DEBUG ScreenCapture
DirectX Screen Capture Initialized.

2024-08-13 15:21:05,502 [T17-ScriptEngine] DEBUG JobRunner
DirectX ScreenCapture Checked.

2024-08-13 15:21:05,591 [T17-ScriptEngine] INFO  JobRequest
##############################################################
### STATE: StartProcess - P_사용기업_재무_자동화
##############################################################
6fa0a8cb-38f8-4245-8a47-baa8a7bc7e3b
P_사용기업_재무_자동화


2024-08-13 15:21:05,659 [T17-ScriptEngine] INFO  JobRequest
**************************************************************
*** TASK: P_사용기업_재무_자동화
**************************************************************
 - STEP 1: Safc8695281284b888f082e722993186c (67/257) - (1/5)
 - [67] Block


2024-08-13 15:21:05,760 [T17-ScriptEngine] INFO  JobRequest
 - STEP 2: S8849c4f6441b42c684b2baf48a93bab7 (68/257) - (2/5)
 - [68] OpenExcel


2024-08-13 15:21:07,389 [T17-ScriptEngine] INFO  JobRequest
 - STEP 3: S3162a8119ce74fbdadd8e300603eb564 (69/257) - (3/5)
 - [69] CreateWorkSheet


2024-08-13 15:21:07,485 [T17-ScriptEngine] INFO  JobRequest
 - STEP 4: S268560cb756c4a6989c5cf9d324a09b3 (70/257) - (4/5)
 - [70] RightClick


2024-08-13 15:21:07,640 [T10] INFO  UIAEventHandler
Start UIA event handler

2024-08-13 15:21:08,645 [T10] DEBUG UIAEventHandler
UI Structure Changed Count: 0

2024-08-13 15:21:08,645 [T10] INFO  UIAEventHandler
waiting for 951 msec during the screen structure is changing.

2024-08-13 15:21:08,914 [T10] DEBUG UIAEventHandler
UI Structure Changed Count: 0

2024-08-13 15:21:08,914 [T10] INFO  UIAEventHandler
waiting for 97 msec during the screen structure is changing.

2024-08-13 15:21:09,564 [T17-ScriptEngine] INFO  JobRequest
 - STEP 5: Sf5b75dbc19cc4b5a9892c73ad27e093a (131/257) - (5/5)
 - [131] End-Block


2024-08-13 15:21:09,564 [T17-ScriptEngine] INFO  JobRunner
[PASS] TASK: P_사용기업_재무_자동화

2024-08-13 15:21:09,571 [T17-ScriptEngine] INFO  JobRequest
##############################################################
### STATE: EndProcess - P_사용기업_재무_자동화
##############################################################
6fa0a8cb-38f8-4245-8a47-baa8a7bc7e3b
P_사용기업_재무_자동화


2024-08-13 15:21:09,588 [T17-ScriptEngine] INFO  JobRunner
RunProcess - Job Result: {}

2024-08-13 15:21:09,589 [T17-ScriptEngine] DEBUG JobManager
Set Result State: Completed

2024-08-13 15:21:09,593 [T17-ScriptEngine] INFO  JobRunner
Make report.

2024-08-13 15:21:09,644 [T17-ScriptEngine] INFO  JobRunner
Start to clean up resources.

2024-08-13 15:21:09,645 [T17-ScriptEngine] DEBUG JobRunner
OnProcessCompleted

2024-08-13 15:21:09,645 [T10] DEBUG JobRunner
Start timer for checking the job to be completed.

2024-08-13 15:21:09,648 [T17-ScriptEngine] DEBUG ExcelBase
DisposeExcel

2024-08-13 15:21:09,662 [T17-ScriptEngine] INFO  JobRunner
Start to clean up resources.

2024-08-13 15:21:09,664 [T17-ScriptEngine] DEBUG JobRunner
Remove all libraries

2024-08-13 15:21:09,666 [T17-ScriptEngine] DEBUG NetPlayer
WebPlayer OnDispose

2024-08-13 15:21:09,667 [T17-ScriptEngine] DEBUG WebPlayer
WebPlayer OnDispose : Do Nothing

2024-08-13 15:21:09,668 [T17-ScriptEngine] DEBUG UIAEventHandler
Stop UIA event handler

2024-08-13 15:21:09,678 [T17-ScriptEngine] DEBUG UiaAppHelper
WinHelper DisposeAppList Count: 0

2024-08-13 15:21:09,678 [T17-ScriptEngine] INFO  JobRunner
All Resources Clear

2024-08-13 15:21:09,681 [T17-ScriptEngine] DEBUG JobRunner
OnCompleted

2024-08-13 15:21:09,682 [T17-ScriptEngine] DEBUG JobRunner
SendJobResult: Completed

2024-08-13 15:21:09,682 [T17-ScriptEngine] INFO  JobRequest
##############################################################
### STATE: Completed
##############################################################
{}


2024-08-13 15:21:09,682 [T17-ScriptEngine] INFO  JobRequest
Last job life cycle state: Completed

2024-08-13 15:21:09,682 [T17-ScriptEngine] INFO  JobRequest
Update skipped current step informations.

2024-08-13 15:21:09,690 [T11] DEBUG JobRequest
Callback - State: Completed
{}

2024-08-13 15:21:09,694 [T17-ScriptEngine] INFO  JobRequest
##############################################################
### JOB COMPLETED
##############################################################


2024-08-13 15:21:09,708 [T11] INFO  JobRequest
Callback - EngineClosed

2024-08-13 15:21:09,709 [T11] INFO  JobService
Disconnect agent service

2024-08-13 15:21:09,711 [T11] DEBUG JobRequest
End of Callback Sender

2024-08-13 15:21:09,722 [T17-ScriptEngine] INFO  JobRunner
RunProcess end

2024-08-13 15:21:09,722 [T1] INFO  JobService
Exit - Shutdown Engine BOT

