2024-08-13 10:58:01,897 [T1] INFO  EngineStarter
BOT Engine Start - v3.1.100.11228 at 2024-08-13 오전 10:58:01
EngineID: D_20240813_105801_201
PID : 12180
PPID: 8128
Working Directory: C:\Users\2C000013\AppData\Roaming\Brity RPA Designer

2024-08-13 10:58:01,913 [T1] INFO  EngineStarter
System Language: ko-KR
Resolution: 1920 x 1200

2024-08-13 10:58:02,149 [T1] INFO  Config
Initialize Config

2024-08-13 10:58:02,190 [T1] DEBUG Config
Config Loaded

2024-08-13 10:58:02,191 [T1] DEBUG Config
Backup config file.

2024-08-13 10:58:02,200 [T1] INFO  Config
Orchestrator Service => https://bwrpa.samsungsds.com:8777

2024-08-13 10:58:02,205 [T1] INFO  Config
Initialize Resource Config

2024-08-13 10:58:02,229 [T1] DEBUG Config
Refresh Language Information

2024-08-13 10:58:02,303 [T1] INFO  Config
All Config Initialized.

2024-08-13 10:58:02,310 [T1] DEBUG KeyManager
Initialize KeyManager

2024-08-13 10:58:02,314 [T1] DEBUG KeyManager
Load device unique id.

2024-08-13 10:58:02,321 [T1] DEBUG KeyManager
Device ID is initialized.

2024-08-13 10:58:02,359 [T1] INFO  CertLicenseClient
Initialize certificate.

2024-08-13 10:58:02,362 [T1] DEBUG CertLicenseClient
Set Security Protocol: Tls12

2024-08-13 10:58:02,388 [T4] DEBUG JobService
Connect to agent service

2024-08-13 10:58:02,416 [T4] DEBUG JobService
JobService URL : net.tcp://127.0.0.1:59001/rpa/agent

2024-08-13 10:58:02,416 [T4] DEBUG JobService
Open connection

2024-08-13 10:58:02,425 [T1] DEBUG ApplicationInitializer
InitMode: Thread

2024-08-13 10:58:02,430 [T4] DEBUG JobService
Register engine to agent

2024-08-13 10:58:02,434 [T1] INFO  LibraryManager
Load Libraries - Started

2024-08-13 10:58:02,443 [T4] DEBUG JobService
Engine is connected to agent service.

2024-08-13 10:58:02,443 [T4] DEBUG JobService
Owner Process PID: 8128

2024-08-13 10:58:02,446 [T4] INFO  JobService
Start monitoring owner process is terminated.

2024-08-13 10:58:02,448 [T1] DEBUG AddInLoader
Load Assembly : IPA.Lib.Chrome

2024-08-13 10:58:02,713 [T1] DEBUG AddInLoader
Load Assembly : IPA.Lib.Desktop

2024-08-13 10:58:02,901 [T1] DEBUG AddInLoader
Load Assembly : IPA.Lib.Excel

2024-08-13 10:58:03,057 [T1] DEBUG AddInLoader
Load Assembly : IPA.Lib.Flow

2024-08-13 10:58:03,175 [T1] DEBUG AddInLoader
Load Assembly : IPA.Lib.IE

2024-08-13 10:58:03,273 [T1] DEBUG AddInLoader
Load Assembly : IPA.Lib.ImageConverter

2024-08-13 10:58:03,333 [T1] DEBUG AddInLoader
Load Assembly : IPA.Lib.ImageRecognition

2024-08-13 10:58:03,530 [T1] DEBUG AddInLoader
Load Assembly : IPA.Lib.MicrosoftOCR

2024-08-13 10:58:03,592 [T1] DEBUG AddInLoader
Load Assembly : IPA.Lib.Net

2024-08-13 10:58:03,685 [T1] DEBUG AddInLoader
Load Assembly : IPA.Lib.Orchestra

2024-08-13 10:58:03,775 [T1] DEBUG AddInLoader
Load Assembly : IPA.Lib.ProcessFlow

2024-08-13 10:58:03,870 [T1] DEBUG AddInLoader
Load Assembly : IPA.Lib.SAP

2024-08-13 10:58:03,957 [T1] DEBUG AddInLoader
Load Assembly : IPA.Lib.Web

2024-08-13 10:58:04,072 [T1] DEBUG AddInLoader
Load Assembly : IPA.Lib.Win

2024-08-13 10:58:04,197 [T1] INFO  ScreenCapture
Default Screen Capture Bounds: 0,0,1920,1200

2024-08-13 10:58:04,229 [T1] DEBUG AddInLoader
Load Assembly : BrityRPA.AddIn.NativeApp

2024-08-13 10:58:04,344 [T1] DEBUG AddInLoader
Load Assembly : BrityWorks.AddIn.Outlook

2024-08-13 10:58:04,413 [T1] DEBUG AddInLoader
Load Assembly : BrityWorks.AddIn.Pdf

2024-08-13 10:58:04,492 [T1] DEBUG LibraryManager
Load Library - Chrome

2024-08-13 10:58:04,508 [T1] DEBUG LibraryManager
Load Library - Desktop

2024-08-13 10:58:04,524 [T1] DEBUG LibraryManager
Load Library - Excel

2024-08-13 10:58:04,539 [T1] DEBUG LibraryManager
Load Library - Flow

2024-08-13 10:58:04,555 [T1] DEBUG LibraryManager
Load Library - IE

2024-08-13 10:58:04,571 [T1] DEBUG LibraryManager
Load Library - ImageConverter

2024-08-13 10:58:04,587 [T1] DEBUG LibraryManager
Load Library - ImageRecognition

2024-08-13 10:58:04,603 [T1] DEBUG LibraryManager
Load Library - MicrosoftOCR

2024-08-13 10:58:04,619 [T1] DEBUG LibraryManager
Load Library - NativeApp

2024-08-13 10:58:04,635 [T1] DEBUG LibraryManager
Load Library - Net

2024-08-13 10:58:04,651 [T1] DEBUG LibraryManager
Load Library - Orchestra

2024-08-13 10:58:04,667 [T1] DEBUG LibraryManager
Load Library - Outlook

2024-08-13 10:58:04,683 [T1] DEBUG LibraryManager
Load Library - Pdf

2024-08-13 10:58:04,699 [T1] DEBUG LibraryManager
Load Library - SAP

2024-08-13 10:58:04,715 [T1] DEBUG LibraryManager
Load Library - Web

2024-08-13 10:58:04,731 [T1] DEBUG LibraryManager
Load Library - Win

2024-08-13 10:58:04,747 [T1] DEBUG LibraryManager
Load Library - WorkFlow

2024-08-13 10:58:04,752 [T1] DEBUG LibraryManager
Load built-in script libraries

2024-08-13 10:58:05,011 [T1] INFO  LibraryManager
Load Libraries - Completed.

2024-08-13 10:58:05,023 [T1] INFO  App
Launch Arguments: Total: 6 |  -eid D_20240813_105801_201 -runtype ProcRunner -ppid 8128

2024-08-13 10:58:05,024 [T1] DEBUG Config
Refresh Language Information

2024-08-13 10:58:05,024 [T1] DEBUG LibraryManager
LibraryManager Initialized.

2024-08-13 11:02:55,240 [T9] INFO  JobService
Start Job: P_사용기업_재무_자동화 (Foreground)
{
  "JobType": 1,
  "State": 0,
  "IsRunning": false,
  "ResultMessage": null,
  "StartTime": "2024-08-13 11:02:55",
  "EndTime": null,
  "JobId": "Designer_20240813_110255_046",
  "UserAuthentication": null,
  "ProcessPath": "C:\\Users\\2C000013\\Documents\\Brity RPA Projects\\사용기업_재무_자동화1\\P_사용기업_재무_자동화.proc",
  "ProcessId": "6fa0a8cb-38f8-4245-8a47-baa8a7bc7e3b",
  "ProcessVer": "1.0",
  "ProcessArgs": null,
  "RequesterType": 3,
  "RequesterId": "designer",
  "RequesterPID": 8128,
  "OptionsJsonString": null,
  "TimeoutSec": 0,
  "EngineID": "D_20240813_105801_201",
  "EnginePID": 0,
  "EngineRecommededVersion": "",
  "JobWorkDir": "C:\\Users\\2C000013\\Documents\\Brity RPA Projects\\사용기업_재무_자동화1\\Histories\\20240813_110255_P_사용기업_재무_자동화_Designer_20240813_110255_046",
  "JobLogDir": "C:\\Users\\2C000013\\Documents\\Brity RPA Projects\\사용기업_재무_자동화1\\Histories\\20240813_110255_P_사용기업_재무_자동화_Designer_20240813_110255_046\\Log",
  "JobScreenshotDir": "C:\\Users\\2C000013\\Documents\\Brity RPA Projects\\사용기업_재무_자동화1\\Histories\\20240813_110255_P_사용기업_재무_자동화_Designer_20240813_110255_046\\Log\\Screenshot"
}

2024-08-13 11:02:55,394 [T10] DEBUG JobService
Waiting library loading...

2024-08-13 11:02:55,397 [T10] DEBUG Config
Reload User Settings

2024-08-13 11:02:55,399 [T10] INFO  Config
UserSettings Reloaded =>
 - LastExecution : lU1SIJY5mqKihTFVBhG4HX7n56ZsrqAlxjFs9Tbdp0k= -> Dd5ZlDCKm/BiRqGbq+q8GfYPp+GlzDVS5RG0J56oVck=

2024-08-13 11:02:55,399 [T10] INFO  JobService
Config Loading Completed.

2024-08-13 11:02:55,399 [T10] DEBUG JobService
Config Loading Time: 4 ms.

2024-08-13 11:02:55,406 [T10] DEBUG JobService
Check Shared Token

2024-08-13 11:02:55,407 [T10] DEBUG TokenManager
Load connection token

2024-08-13 11:02:55,408 [T10] DEBUG TokenManager
Clear Connection Token - No Shared Token

2024-08-13 11:02:55,432 [T1] DEBUG ServerInformationClient
Request server feature list

2024-08-13 11:02:55,555 [T1] INFO  ServerInformationClient
Server feature update successful

2024-08-13 11:02:55,558 [T1] INFO  ServerInformationClient
It takes 133 milliseconds to try to update the server feature list.

2024-08-13 11:02:55,558 [T1] INFO  Config
Update server features to config.

2024-08-13 11:02:55,577 [T10] INFO  JobService
Shared Token - No Token

2024-08-13 11:02:55,583 [T10] INFO  JobManager
Create JobManager instance for job P_사용기업_재무_자동화(Designer_20240813_110255_046)

2024-08-13 11:02:55,588 [T10] INFO  JobRequest
Job ID : Designer_20240813_110255_046
Project Path  : C:\Users\2C000013\Documents\Brity RPA Projects\사용기업_재무_자동화1\사용기업_재무_자동화1.proj
Process Name  : P_사용기업_재무_자동화
Engine Mode   : Designer
Requester Type: Designer
Requester PID : 8128

2024-08-13 11:02:55,591 [T12] INFO  JobRequest
Start Callback Sender

2024-08-13 11:02:55,591 [T12] DEBUG JobRequest
Step Callback Interval: 500

2024-08-13 11:02:55,633 [T10] DEBUG ProjectManager
Set Project Information

2024-08-13 11:02:55,657 [T10] INFO  PlayOptionManager
PlayOption
- Step Interval : 1
- Disable DrawBounds : False
- Invoke First : False
- Allow Upload of DumpScreen results : False

2024-08-13 11:02:55,658 [T10] INFO  JobRunner
Initialize Script Engine

2024-08-13 11:02:55,675 [T17-ScriptEngine] INFO  JobRequest
##############################################################
### STATE: Initializing
##############################################################


2024-08-13 11:02:55,689 [T12] DEBUG JobRequest
Callback - State: Initializing


2024-08-13 11:02:56,536 [T17-ScriptEngine] INFO  JobRequest
##############################################################
### STATE: Ready
##############################################################


2024-08-13 11:02:56,546 [T12] DEBUG JobRequest
Callback - State: Ready


2024-08-13 11:02:56,547 [T10] INFO  JobRunnerHook
HotKey Hook Started

2024-08-13 11:02:56,548 [T10] INFO  JobRequest
##############################################################
### STATE: Starting
##############################################################


2024-08-13 11:02:56,550 [T17-ScriptEngine] INFO  JobRunner
RunProcess start

2024-08-13 11:02:56,552 [T17-ScriptEngine] INFO  JobRequest
##############################################################
### STATE: Running
##############################################################


2024-08-13 11:02:56,552 [T17-ScriptEngine] INFO  JobRequest
Last job life cycle state: Running

2024-08-13 11:02:56,562 [T12] DEBUG JobRequest
Callback - State: Starting


2024-08-13 11:02:56,562 [T12] DEBUG JobRequest
Callback - State: Running


2024-08-13 11:02:57,632 [T17-ScriptEngine] DEBUG ScreenCapture
DirectX Screen Capture Initialized.

2024-08-13 11:02:57,711 [T17-ScriptEngine] DEBUG JobRunner
DirectX ScreenCapture Checked.

2024-08-13 11:02:57,744 [T17-ScriptEngine] INFO  JobRequest
##############################################################
### STATE: StartProcess - P_사용기업_재무_자동화
##############################################################
6fa0a8cb-38f8-4245-8a47-baa8a7bc7e3b
P_사용기업_재무_자동화


2024-08-13 11:02:57,806 [T17-ScriptEngine] INFO  JobRequest
**************************************************************
*** TASK: P_사용기업_재무_자동화
**************************************************************
 - STEP 1: Sab6b86d4023440c9b56b11efdc4fa38b (2/24) - (1/22)
 - [2] ChromeOpen


2024-08-13 11:03:00,794 [T17-ScriptEngine] INFO  JobRequest
 - STEP 2: S526b68826c094ed4a851937eeb000d84 (3/24) - (2/22)
 - [3] OpenExcel


2024-08-13 11:03:02,472 [T17-ScriptEngine] INFO  JobRequest
 - STEP 3: S142fbd5d0d6948baa28c008242404313 (4/24) - (3/22)
 - [4] Click


2024-08-13 11:03:02,624 [T10] INFO  UIAEventHandler
Start UIA event handler

2024-08-13 11:03:03,627 [T10] DEBUG UIAEventHandler
UI Structure Changed Count: 0

2024-08-13 11:03:03,627 [T10] INFO  UIAEventHandler
waiting for 910 msec during the screen structure is changing.

2024-08-13 11:03:05,034 [T10] DEBUG UIAEventHandler
UI Structure Changed Count: 1

2024-08-13 11:03:05,146 [T10] INFO  UIAEventHandler
waiting for 228 msec during the screen structure is changing.

2024-08-13 11:03:06,032 [T17-ScriptEngine] INFO  JobRequest
 - STEP 4: S4f6275dd080f4bd8b5dd90c133eca4b1 (5/24) - (4/22)
 - [5] GetGridItems


2024-08-13 11:03:07,008 [T19] DEBUG UIAEventHandler
UI Structure Changed Count: 0

2024-08-13 11:03:07,008 [T19] INFO  UIAEventHandler
waiting for 922 msec during the screen structure is changing.

2024-08-13 11:03:18,412 [T17-ScriptEngine] DEBUG WinFinder
UI Inspection Time: 12 seconds.

2024-08-13 11:03:25,502 [T17-ScriptEngine] WARN  ScriptSupport
[CATCH_STEP_EXCEPTION] Process: P_사용기업_재무_자동화
Step: GetGridItems (5/24)

Error: 지정된 조건에 해당하는 객체를 찾을 수 없습니다.

12초간 3회 검색을 시도하여 2개의 대상 앱 화면에서 총 1356개의 후보 객체를 확인하였으나
대상 객체는 발견되지 않았습니다.

현재 지정된 속성은 아래와 같습니다.

Application: chrome
App Object Type: Pane
Target Type: DataItem
Target Name: 2,138

2024-08-13 11:03:25,505 [T17-ScriptEngine] FINE  JobRunner
RunTask ExceptionOccured. TASK: P_사용기업_재무_자동화 => 지정된 조건에 해당하는 객체를 찾을 수 없습니다.

12초간 3회 검색을 시도하여 2개의 대상 앱 화면에서 총 1356개의 후보 객체를 확인하였으나
대상 객체는 발견되지 않았습니다.

현재 지정된 속성은 아래와 같습니다.

Application: chrome
App Object Type: Pane
Target Type: DataItem
Target Name: 2,138

2024-08-13 11:03:25,517 [T17-ScriptEngine] INFO  JobRequest
##############################################################
### STATE: EndProcess - P_사용기업_재무_자동화
##############################################################
6fa0a8cb-38f8-4245-8a47-baa8a7bc7e3b
P_사용기업_재무_자동화


2024-08-13 11:03:25,530 [T17-ScriptEngine] ERROR JobRunner
Process: P_사용기업_재무_자동화
Step: GetGridItems (5/24)

지정된 조건에 해당하는 객체를 찾을 수 없습니다.

12초간 3회 검색을 시도하여 2개의 대상 앱 화면에서 총 1356개의 후보 객체를 확인하였으나
대상 객체는 발견되지 않았습니다.

현재 지정된 속성은 아래와 같습니다.

Application: chrome
App Object Type: Pane
Target Type: DataItem
Target Name: 2,138

[CallStack]
  - P_사용기업_재무_자동화: [5] GetGridItems

[Global Variables]
  - 경로 = 'C:\\Users\\2C000013\\Desktop\\' (String)
  - RESULT = <null> (Any)

[P_사용기업_재무_자동화 Variables]
  - excel = Workbook (Any)
  - table = <undefined> (Undefined)
  - main = <object:ChromeBrowserObject> (Any)

2024-08-13 11:03:25,530 [T17-ScriptEngine] DEBUG JobManager
Set Result State: ExceptionOccured

2024-08-13 11:03:29,756 [T17-ScriptEngine] INFO  JobRunner
Make report.

2024-08-13 11:03:29,799 [T17-ScriptEngine] INFO  JobRunner
Start to clean up resources.

2024-08-13 11:03:29,800 [T10] DEBUG JobRunner
Start timer for checking the job to be completed.

2024-08-13 11:03:29,800 [T17-ScriptEngine] DEBUG JobRunner
OnProcessFailed

2024-08-13 11:03:29,804 [T17-ScriptEngine] DEBUG ExcelBase
DisposeExcel

2024-08-13 11:03:29,826 [T17-ScriptEngine] INFO  JobRunner
Start to clean up resources.

2024-08-13 11:03:29,829 [T17-ScriptEngine] DEBUG JobRunner
Remove all libraries

2024-08-13 11:03:29,830 [T17-ScriptEngine] DEBUG NetPlayer
WebPlayer OnDispose

2024-08-13 11:03:29,832 [T17-ScriptEngine] DEBUG WebPlayer
WebPlayer OnDispose : Do Nothing

2024-08-13 11:03:29,833 [T17-ScriptEngine] DEBUG UIAEventHandler
Stop UIA event handler

2024-08-13 11:03:29,841 [T17-ScriptEngine] DEBUG UiaAppHelper
WinHelper DisposeAppList Count: 0

2024-08-13 11:03:29,842 [T17-ScriptEngine] INFO  JobRunner
All Resources Clear

2024-08-13 11:03:29,845 [T17-ScriptEngine] DEBUG JobRunner
OnCompleted

2024-08-13 11:03:29,846 [T17-ScriptEngine] DEBUG JobRunner
SendJobResult: ExceptionOccured

2024-08-13 11:03:29,846 [T17-ScriptEngine] INFO  JobRequest
##############################################################
### STATE: ExceptionOccured
##############################################################
Process: P_사용기업_재무_자동화
Step: GetGridItems (5/24)

지정된 조건에 해당하는 객체를 찾을 수 없습니다.

12초간 3회 검색을 시도하여 2개의 대상 앱 화면에서 총 1356개의 후보 객체를 확인하였으나
대상 객체는 발견되지 않았습니다.

현재 지정된 속성은 아래와 같습니다.

Application: chrome
App Object Type: Pane
Target Type: DataItem
Target Name: 2,138

[CallStack]
  - P_사용기업_재무_자동화: [5] GetGridItems

[Global Variables]
  - 경로 = 'C:\\Users\\2C000013\\Desktop\\' (String)
  - RESULT = <null> (Any)

[P_사용기업_재무_자동화 Variables]
  - excel = Workbook (Any)
  - table = <undefined> (Undefined)
  - main = <object:ChromeBrowserObject> (Any)


2024-08-13 11:03:29,846 [T17-ScriptEngine] INFO  JobRequest
Last job life cycle state: ExceptionOccured

2024-08-13 11:03:29,858 [T17-ScriptEngine] INFO  JobRequest
##############################################################
### JOB COMPLETED
##############################################################


2024-08-13 11:03:29,861 [T12] DEBUG JobRequest
Callback - State: ExceptionOccured
Process: P_사용기업_재무_자동화
Step: GetGridItems (5/24)

지정된 조건에 해당하는 객체를 찾을 수 없습니다.

12초간 3회 검색을 시도하여 2개의 대상 앱 화면에서 총 1356개의 후보 객체를 확인하였으나
대상 객체는 발견되지 않았습니다.

현재 지정된 속성은 아래와 같습니다.

Application: chrome
App Object Type: Pane
Target Type: DataItem
Target Name: 2,138

[CallStack]
  - P_사용기업_재무_자동화: [5] GetGridItems

[Global Variables]
  - 경로 = 'C:\\Users\\2C000013\\Desktop\\' (String)
  - RESULT = <null> (Any)

[P_사용기업_재무_자동화 Variables]
  - excel = Workbook (Any)
  - table = <undefined> (Undefined)
  - main = <object:ChromeBrowserObject> (Any)

2024-08-13 11:03:29,864 [T12] INFO  JobRequest
Callback - EngineClosed

2024-08-13 11:03:29,865 [T12] INFO  JobService
Disconnect agent service

2024-08-13 11:03:29,867 [T12] DEBUG JobRequest
End of Callback Sender

