2024-08-13 10:50:58,354 [T1] INFO  EngineStarter
BOT Engine Start - v3.1.100.11228 at 2024-08-13 오전 10:50:58
EngineID: D_20240813_105057_562
PID : 4940
PPID: 8128
Working Directory: C:\Users\2C000013\AppData\Roaming\Brity RPA Designer

2024-08-13 10:50:58,370 [T1] INFO  EngineStarter
System Language: ko-KR
Resolution: 1920 x 1200

2024-08-13 10:50:58,618 [T1] INFO  Config
Initialize Config

2024-08-13 10:50:58,658 [T1] DEBUG Config
Config Loaded

2024-08-13 10:50:58,659 [T1] DEBUG Config
Backup config file.

2024-08-13 10:50:58,668 [T1] INFO  Config
Orchestrator Service => https://bwrpa.samsungsds.com:8777

2024-08-13 10:50:58,672 [T1] INFO  Config
Initialize Resource Config

2024-08-13 10:50:58,697 [T1] DEBUG Config
Refresh Language Information

2024-08-13 10:50:58,773 [T1] INFO  Config
All Config Initialized.

2024-08-13 10:50:58,780 [T1] DEBUG KeyManager
Initialize KeyManager

2024-08-13 10:50:58,783 [T1] DEBUG KeyManager
Load device unique id.

2024-08-13 10:50:58,789 [T1] DEBUG KeyManager
Device ID is initialized.

2024-08-13 10:50:58,827 [T1] INFO  CertLicenseClient
Initialize certificate.

2024-08-13 10:50:58,830 [T1] DEBUG CertLicenseClient
Set Security Protocol: Tls12

2024-08-13 10:50:58,856 [T5] DEBUG JobService
Connect to agent service

2024-08-13 10:50:58,885 [T5] DEBUG JobService
JobService URL : net.tcp://127.0.0.1:59001/rpa/agent

2024-08-13 10:50:58,886 [T5] DEBUG JobService
Open connection

2024-08-13 10:50:58,894 [T1] DEBUG ApplicationInitializer
InitMode: Thread

2024-08-13 10:50:58,900 [T5] DEBUG JobService
Register engine to agent

2024-08-13 10:50:58,904 [T1] INFO  LibraryManager
Load Libraries - Started

2024-08-13 10:50:58,912 [T5] DEBUG JobService
Engine is connected to agent service.

2024-08-13 10:50:58,912 [T5] DEBUG JobService
Owner Process PID: 8128

2024-08-13 10:50:58,915 [T5] INFO  JobService
Start monitoring owner process is terminated.

2024-08-13 10:50:58,920 [T1] DEBUG AddInLoader
Load Assembly : IPA.Lib.Chrome

2024-08-13 10:50:59,203 [T1] DEBUG AddInLoader
Load Assembly : IPA.Lib.Desktop

2024-08-13 10:50:59,458 [T1] DEBUG AddInLoader
Load Assembly : IPA.Lib.Excel

2024-08-13 10:50:59,620 [T1] DEBUG AddInLoader
Load Assembly : IPA.Lib.Flow

2024-08-13 10:50:59,741 [T1] DEBUG AddInLoader
Load Assembly : IPA.Lib.IE

2024-08-13 10:50:59,835 [T1] DEBUG AddInLoader
Load Assembly : IPA.Lib.ImageConverter

2024-08-13 10:50:59,892 [T1] DEBUG AddInLoader
Load Assembly : IPA.Lib.ImageRecognition

2024-08-13 10:51:00,115 [T1] DEBUG AddInLoader
Load Assembly : IPA.Lib.MicrosoftOCR

2024-08-13 10:51:00,183 [T1] DEBUG AddInLoader
Load Assembly : IPA.Lib.Net

2024-08-13 10:51:00,295 [T1] DEBUG AddInLoader
Load Assembly : IPA.Lib.Orchestra

2024-08-13 10:51:00,407 [T1] DEBUG AddInLoader
Load Assembly : IPA.Lib.ProcessFlow

2024-08-13 10:51:00,514 [T1] DEBUG AddInLoader
Load Assembly : IPA.Lib.SAP

2024-08-13 10:51:00,594 [T1] DEBUG AddInLoader
Load Assembly : IPA.Lib.Web

2024-08-13 10:51:00,697 [T1] DEBUG AddInLoader
Load Assembly : IPA.Lib.Win

2024-08-13 10:51:00,819 [T1] INFO  ScreenCapture
Default Screen Capture Bounds: 0,0,1920,1200

2024-08-13 10:51:00,849 [T1] DEBUG AddInLoader
Load Assembly : BrityRPA.AddIn.NativeApp

2024-08-13 10:51:00,995 [T1] DEBUG AddInLoader
Load Assembly : BrityWorks.AddIn.Outlook

2024-08-13 10:51:01,135 [T1] DEBUG AddInLoader
Load Assembly : BrityWorks.AddIn.Pdf

2024-08-13 10:51:01,241 [T1] DEBUG LibraryManager
Load Library - Chrome

2024-08-13 10:51:01,257 [T1] DEBUG LibraryManager
Load Library - Desktop

2024-08-13 10:51:01,273 [T1] DEBUG LibraryManager
Load Library - Excel

2024-08-13 10:51:01,289 [T1] DEBUG LibraryManager
Load Library - Flow

2024-08-13 10:51:01,305 [T1] DEBUG LibraryManager
Load Library - IE

2024-08-13 10:51:01,321 [T1] DEBUG LibraryManager
Load Library - ImageConverter

2024-08-13 10:51:01,337 [T1] DEBUG LibraryManager
Load Library - ImageRecognition

2024-08-13 10:51:01,353 [T1] DEBUG LibraryManager
Load Library - MicrosoftOCR

2024-08-13 10:51:01,368 [T1] DEBUG LibraryManager
Load Library - NativeApp

2024-08-13 10:51:01,384 [T1] DEBUG LibraryManager
Load Library - Net

2024-08-13 10:51:01,400 [T1] DEBUG LibraryManager
Load Library - Orchestra

2024-08-13 10:51:01,416 [T1] DEBUG LibraryManager
Load Library - Outlook

2024-08-13 10:51:01,432 [T1] DEBUG LibraryManager
Load Library - Pdf

2024-08-13 10:51:01,448 [T1] DEBUG LibraryManager
Load Library - SAP

2024-08-13 10:51:01,464 [T1] DEBUG LibraryManager
Load Library - Web

2024-08-13 10:51:01,480 [T1] DEBUG LibraryManager
Load Library - Win

2024-08-13 10:51:01,496 [T1] DEBUG LibraryManager
Load Library - WorkFlow

2024-08-13 10:51:01,501 [T1] DEBUG LibraryManager
Load built-in script libraries

2024-08-13 10:51:01,751 [T1] INFO  LibraryManager
Load Libraries - Completed.

2024-08-13 10:51:01,763 [T1] INFO  App
Launch Arguments: Total: 6 |  -eid D_20240813_105057_562 -runtype ProcRunner -ppid 8128

2024-08-13 10:51:01,764 [T1] DEBUG Config
Refresh Language Information

2024-08-13 10:51:01,764 [T1] DEBUG LibraryManager
LibraryManager Initialized.

2024-08-13 10:51:02,394 [T6] INFO  JobService
Start Job: P_사용기업_재무_자동화 (Foreground)
{
  "JobType": 1,
  "State": 0,
  "IsRunning": false,
  "ResultMessage": null,
  "StartTime": "2024-08-13 10:51:02",
  "EndTime": null,
  "JobId": "Designer_20240813_105102_204",
  "UserAuthentication": null,
  "ProcessPath": "C:\\Users\\2C000013\\Documents\\Brity RPA Projects\\사용기업_재무_자동화1\\P_사용기업_재무_자동화.proc",
  "ProcessId": "6fa0a8cb-38f8-4245-8a47-baa8a7bc7e3b",
  "ProcessVer": "1.0",
  "ProcessArgs": null,
  "RequesterType": 3,
  "RequesterId": "designer",
  "RequesterPID": 8128,
  "OptionsJsonString": null,
  "TimeoutSec": 0,
  "EngineID": "D_20240813_105057_562",
  "EnginePID": 0,
  "EngineRecommededVersion": "",
  "JobWorkDir": "C:\\Users\\2C000013\\Documents\\Brity RPA Projects\\사용기업_재무_자동화1\\Histories\\20240813_105102_P_사용기업_재무_자동화_Designer_20240813_105102_204",
  "JobLogDir": "C:\\Users\\2C000013\\Documents\\Brity RPA Projects\\사용기업_재무_자동화1\\Histories\\20240813_105102_P_사용기업_재무_자동화_Designer_20240813_105102_204\\Log",
  "JobScreenshotDir": "C:\\Users\\2C000013\\Documents\\Brity RPA Projects\\사용기업_재무_자동화1\\Histories\\20240813_105102_P_사용기업_재무_자동화_Designer_20240813_105102_204\\Log\\Screenshot"
}

2024-08-13 10:51:02,539 [T4] DEBUG JobService
Waiting library loading...

2024-08-13 10:51:02,541 [T4] DEBUG Config
Reload User Settings

2024-08-13 10:51:02,542 [T4] INFO  JobService
Config Loading Completed.

2024-08-13 10:51:02,542 [T4] DEBUG JobService
Config Loading Time: 2 ms.

2024-08-13 10:51:02,547 [T4] DEBUG JobService
Check Shared Token

2024-08-13 10:51:02,548 [T4] DEBUG TokenManager
Load connection token

2024-08-13 10:51:02,549 [T4] DEBUG TokenManager
Clear Connection Token - No Shared Token

2024-08-13 10:51:02,581 [T1] DEBUG ServerInformationClient
Request server feature list

2024-08-13 10:51:02,651 [T1] INFO  ServerInformationClient
Server feature update successful

2024-08-13 10:51:02,654 [T1] INFO  ServerInformationClient
It takes 87 milliseconds to try to update the server feature list.

2024-08-13 10:51:02,654 [T1] INFO  Config
Update server features to config.

2024-08-13 10:51:02,674 [T4] INFO  JobService
Shared Token - No Token

2024-08-13 10:51:02,679 [T4] INFO  JobManager
Create JobManager instance for job P_사용기업_재무_자동화(Designer_20240813_105102_204)

2024-08-13 10:51:02,685 [T4] INFO  JobRequest
Job ID : Designer_20240813_105102_204
Project Path  : C:\Users\2C000013\Documents\Brity RPA Projects\사용기업_재무_자동화1\사용기업_재무_자동화1.proj
Process Name  : P_사용기업_재무_자동화
Engine Mode   : Designer
Requester Type: Designer
Requester PID : 8128

2024-08-13 10:51:02,688 [T8] INFO  JobRequest
Start Callback Sender

2024-08-13 10:51:02,688 [T8] DEBUG JobRequest
Step Callback Interval: 500

2024-08-13 10:51:02,731 [T4] DEBUG ProjectManager
Set Project Information

2024-08-13 10:51:02,759 [T4] INFO  PlayOptionManager
PlayOption
- Step Interval : 1
- Disable DrawBounds : False
- Invoke First : False
- Allow Upload of DumpScreen results : False

2024-08-13 10:51:02,760 [T4] INFO  JobRunner
Initialize Script Engine

2024-08-13 10:51:02,776 [T15-ScriptEngine] INFO  JobRequest
##############################################################
### STATE: Initializing
##############################################################


2024-08-13 10:51:02,799 [T8] DEBUG JobRequest
Callback - State: Initializing


2024-08-13 10:51:03,680 [T15-ScriptEngine] INFO  JobRequest
##############################################################
### STATE: Ready
##############################################################


2024-08-13 10:51:03,681 [T8] DEBUG JobRequest
Callback - State: Ready


2024-08-13 10:51:03,695 [T4] INFO  JobRunnerHook
HotKey Hook Started

2024-08-13 10:51:03,724 [T4] INFO  JobRequest
##############################################################
### STATE: Starting
##############################################################


2024-08-13 10:51:03,727 [T15-ScriptEngine] INFO  JobRunner
RunProcess start

2024-08-13 10:51:03,729 [T15-ScriptEngine] INFO  JobRequest
##############################################################
### STATE: Running
##############################################################


2024-08-13 10:51:03,729 [T15-ScriptEngine] INFO  JobRequest
Last job life cycle state: Running

2024-08-13 10:51:03,729 [T8] DEBUG JobRequest
Callback - State: Starting


2024-08-13 10:51:03,743 [T8] DEBUG JobRequest
Callback - State: Running


2024-08-13 10:51:04,850 [T15-ScriptEngine] DEBUG ScreenCapture
DirectX Screen Capture Initialized.

2024-08-13 10:51:04,928 [T15-ScriptEngine] DEBUG JobRunner
DirectX ScreenCapture Checked.

2024-08-13 10:51:04,961 [T15-ScriptEngine] INFO  JobRequest
##############################################################
### STATE: StartProcess - P_사용기업_재무_자동화
##############################################################
6fa0a8cb-38f8-4245-8a47-baa8a7bc7e3b
P_사용기업_재무_자동화


2024-08-13 10:51:05,023 [T15-ScriptEngine] INFO  JobRequest
**************************************************************
*** TASK: P_사용기업_재무_자동화
**************************************************************
 - STEP 1: Sab6b86d4023440c9b56b11efdc4fa38b (2/23) - (1/22)
 - [2] ChromeOpen


2024-08-13 10:51:07,322 [T4] DEBUG ChromeRemoteConnect
GetRemoteBrowserUsingEndPoint Fail : 하나 이상의 오류가 발생했습니다.

2024-08-13 10:51:09,874 [T15-ScriptEngine] INFO  JobRequest
 - STEP 2: S526b68826c094ed4a851937eeb000d84 (3/23) - (2/22)
 - [3] OpenExcel


2024-08-13 10:51:11,507 [T15-ScriptEngine] INFO  JobRequest
 - STEP 3: S142fbd5d0d6948baa28c008242404313 (4/23) - (3/22)
 - [4] Click


2024-08-13 10:51:11,649 [T9] INFO  UIAEventHandler
Start UIA event handler

2024-08-13 10:51:12,662 [T9] DEBUG UIAEventHandler
UI Structure Changed Count: 0

2024-08-13 10:51:12,662 [T9] INFO  UIAEventHandler
waiting for 944 msec during the screen structure is changing.

2024-08-13 10:51:13,327 [T9] DEBUG UIAEventHandler
UI Structure Changed Count: 1

2024-08-13 10:51:13,438 [T9] INFO  UIAEventHandler
waiting for 225 msec during the screen structure is changing.

2024-08-13 10:51:14,323 [T15-ScriptEngine] INFO  JobRequest
 - STEP 4: S4f6275dd080f4bd8b5dd90c133eca4b1 (5/23) - (4/22)
 - [5] GetGridItems


2024-08-13 10:51:15,223 [T9] DEBUG UIAEventHandler
UI Structure Changed Count: 0

2024-08-13 10:51:15,223 [T9] INFO  UIAEventHandler
waiting for 85 msec during the screen structure is changing.

2024-08-13 10:51:15,747 [T15-ScriptEngine] INFO  JobRequest
 - STEP 5: S748d553946e0402a8004f08f87f8647f (6/23) - (5/22)
 - [6] CreateWorkSheet


2024-08-13 10:51:15,843 [T15-ScriptEngine] INFO  JobRequest
 - STEP 6: S835d66903fba47979f1a4c9f4bbdd97f (7/23) - (6/22)
 - [7] WriteRange


2024-08-13 10:51:15,969 [T15-ScriptEngine] INFO  JobRequest
 - STEP 7: S78e450ccef0c4a1f8e20c426fc6a1794 (8/23) - (7/22)
 - [8] KeyInput


2024-08-13 10:51:18,141 [T15-ScriptEngine] INFO  JobRequest
 - STEP 8: S5e17407a4a2247398b23e9faadf837dd (9/23) - (8/22)
 - [9] Click


2024-08-13 10:51:18,584 [T9] DEBUG UIAEventHandler
UI Structure Changed Count: 0

2024-08-13 10:51:18,584 [T9] INFO  UIAEventHandler
waiting for 100 msec during the screen structure is changing.

2024-08-13 10:51:19,406 [T15-ScriptEngine] INFO  JobRequest
 - STEP 9: S6714fc674ff54c0f988c76dc0470558c (10/23) - (9/22)
 - [10] GetGridItems


2024-08-13 10:51:19,486 [T18] DEBUG UIAEventHandler
UI Structure Changed Count: 0

2024-08-13 10:51:19,486 [T18] INFO  UIAEventHandler
waiting for 48 msec during the screen structure is changing.

2024-08-13 10:51:42,397 [T15-ScriptEngine] WARN  ScriptSupport
[CATCH_STEP_EXCEPTION] Process: P_사용기업_재무_자동화
Step: GetGridItems (10/23)

Error: 지정된 조건에 해당하는 객체를 찾을 수 없습니다.

10초간 10회 검색을 시도하여 1개의 대상 앱 화면에서 총 1671개의 후보 객체를 확인하였으나
대상 객체는 발견되지 않았습니다.

현재 지정된 속성은 아래와 같습니다.

Application: chrome
App Object Type: Pane
Target Type: DataItem
Target Name: 2,138

2024-08-13 10:51:42,400 [T15-ScriptEngine] FINE  JobRunner
RunTask ExceptionOccured. TASK: P_사용기업_재무_자동화 => 지정된 조건에 해당하는 객체를 찾을 수 없습니다.

10초간 10회 검색을 시도하여 1개의 대상 앱 화면에서 총 1671개의 후보 객체를 확인하였으나
대상 객체는 발견되지 않았습니다.

현재 지정된 속성은 아래와 같습니다.

Application: chrome
App Object Type: Pane
Target Type: DataItem
Target Name: 2,138

2024-08-13 10:51:42,412 [T15-ScriptEngine] INFO  JobRequest
##############################################################
### STATE: EndProcess - P_사용기업_재무_자동화
##############################################################
6fa0a8cb-38f8-4245-8a47-baa8a7bc7e3b
P_사용기업_재무_자동화


2024-08-13 10:51:42,424 [T15-ScriptEngine] ERROR JobRunner
Process: P_사용기업_재무_자동화
Step: GetGridItems (10/23)

지정된 조건에 해당하는 객체를 찾을 수 없습니다.

10초간 10회 검색을 시도하여 1개의 대상 앱 화면에서 총 1671개의 후보 객체를 확인하였으나
대상 객체는 발견되지 않았습니다.

현재 지정된 속성은 아래와 같습니다.

Application: chrome
App Object Type: Pane
Target Type: DataItem
Target Name: 2,138

[CallStack]
  - P_사용기업_재무_자동화: [10] GetGridItems

[Global Variables]
  - 경로 = 'C:\\Users\\2C000013\\Desktop\\' (String)
  - RESULT = <null> (Any)

[P_사용기업_재무_자동화 Variables]
  - excel = Workbook (Any)
  - table = <Too Long> [["IFRS(연결)","2021/12","2022/12","2023/12","2024/03","전년동기","전년동기(%)"],["매출액","2,796,048","3,022,314 ... 1232 more (Array2D)
  - main = <object:ChromeBrowserObject> (Any)

2024-08-13 10:51:42,425 [T15-ScriptEngine] DEBUG JobManager
Set Result State: ExceptionOccured

2024-08-13 10:51:43,613 [T15-ScriptEngine] INFO  JobRunner
Make report.

2024-08-13 10:51:43,651 [T15-ScriptEngine] INFO  JobRunner
Start to clean up resources.

2024-08-13 10:51:43,652 [T9] DEBUG JobRunner
Start timer for checking the job to be completed.

2024-08-13 10:51:43,654 [T15-ScriptEngine] DEBUG JobRunner
OnProcessFailed

2024-08-13 10:51:43,660 [T15-ScriptEngine] DEBUG ExcelBase
DisposeExcel

2024-08-13 10:51:43,685 [T15-ScriptEngine] INFO  JobRunner
Start to clean up resources.

2024-08-13 10:51:43,687 [T15-ScriptEngine] DEBUG JobRunner
Remove all libraries

2024-08-13 10:51:43,689 [T15-ScriptEngine] DEBUG NetPlayer
WebPlayer OnDispose

2024-08-13 10:51:43,691 [T15-ScriptEngine] DEBUG WebPlayer
WebPlayer OnDispose : Do Nothing

2024-08-13 10:51:43,692 [T15-ScriptEngine] DEBUG UIAEventHandler
Stop UIA event handler

2024-08-13 10:51:43,704 [T15-ScriptEngine] DEBUG UiaAppHelper
WinHelper DisposeAppList Count: 0

2024-08-13 10:51:43,704 [T15-ScriptEngine] INFO  JobRunner
All Resources Clear

2024-08-13 10:51:43,707 [T15-ScriptEngine] DEBUG JobRunner
OnCompleted

2024-08-13 10:51:43,708 [T15-ScriptEngine] DEBUG JobRunner
SendJobResult: ExceptionOccured

2024-08-13 10:51:43,708 [T15-ScriptEngine] INFO  JobRequest
##############################################################
### STATE: ExceptionOccured
##############################################################
Process: P_사용기업_재무_자동화
Step: GetGridItems (10/23)

지정된 조건에 해당하는 객체를 찾을 수 없습니다.

10초간 10회 검색을 시도하여 1개의 대상 앱 화면에서 총 1671개의 후보 객체를 확인하였으나
대상 객체는 발견되지 않았습니다.

현재 지정된 속성은 아래와 같습니다.

Application: chrome
App Object Type: Pane
Target Type: DataItem
Target Name: 2,138

[CallStack]
  - P_사용기업_재무_자동화: [10] GetGridItems

[Global Variables]
  - 경로 = 'C:\\Users\\2C000013\\Desktop\\' (String)
  - RESULT = <null> (Any)

[P_사용기업_재무_자동화 Variables]
  - excel = Workbook (Any)
  - table = <Too Long> [["IFRS(연결)","2021/12","2022/12","2023/12","2024/03","전년동기","전년동기(%)"],["매출액","2,796,048","3,022,314 ... 1232 more (Array2D)
  - main = <object:ChromeBrowserObject> (Any)


2024-08-13 10:51:43,708 [T15-ScriptEngine] INFO  JobRequest
Last job life cycle state: ExceptionOccured

2024-08-13 10:51:43,720 [T15-ScriptEngine] INFO  JobRequest
##############################################################
### JOB COMPLETED
##############################################################


2024-08-13 10:51:43,722 [T8] DEBUG JobRequest
Callback - State: ExceptionOccured
Process: P_사용기업_재무_자동화
Step: GetGridItems (10/23)

지정된 조건에 해당하는 객체를 찾을 수 없습니다.

10초간 10회 검색을 시도하여 1개의 대상 앱 화면에서 총 1671개의 후보 객체를 확인하였으나
대상 객체는 발견되지 않았습니다.

현재 지정된 속성은 아래와 같습니다.

Application: chrome
App Object Type: Pane
Target Type: DataItem
Target Name: 2,138

[CallStack]
  - P_사용기업_재무_자동화: [10] GetGridItems

[Global Variables]
  - 경로 = 'C:\\Users\\2C000013\\Desktop\\' (String)
  - RESULT = <null> (Any)

[P_사용기업_재무_자동화 Variables]
  - excel = Workbook (Any)
  - table = <Too Long> [["IFRS(연결)","2021/12","2022/12","2023/12","2024/03","전년동기","전년동기(%)"],["매출액","2,796,048","3,022,314 ... 1232 more (Array2D)
  - main = <object:ChromeBrowserObject> (Any)

2024-08-13 10:51:43,723 [T8] INFO  JobRequest
Callback - EngineClosed

2024-08-13 10:51:43,724 [T8] INFO  JobService
Disconnect agent service

2024-08-13 10:51:43,726 [T8] DEBUG JobRequest
End of Callback Sender

