2024-08-13 10:09:02,551 [T1] INFO  EngineStarter
BOT Engine Start - v3.1.100.11228 at 2024-08-13 오전 10:09:02
EngineID: D_20240813_100901_473
PID : 9760
PPID: 8128
Working Directory: C:\Users\2C000013\AppData\Roaming\Brity RPA Designer

2024-08-13 10:09:02,569 [T1] INFO  EngineStarter
System Language: ko-KR
Resolution: 1920 x 1200

2024-08-13 10:09:02,843 [T1] INFO  Config
Initialize Config

2024-08-13 10:09:02,887 [T1] DEBUG Config
Config Loaded

2024-08-13 10:09:02,888 [T1] DEBUG Config
Backup config file.

2024-08-13 10:09:02,897 [T1] INFO  Config
Orchestrator Service => https://bwrpa.samsungsds.com:8777

2024-08-13 10:09:02,901 [T1] INFO  Config
Initialize Resource Config

2024-08-13 10:09:02,925 [T1] DEBUG Config
Refresh Language Information

2024-08-13 10:09:03,012 [T1] INFO  Config
All Config Initialized.

2024-08-13 10:09:03,019 [T1] DEBUG KeyManager
Initialize KeyManager

2024-08-13 10:09:03,022 [T1] DEBUG KeyManager
Load device unique id.

2024-08-13 10:09:03,029 [T1] DEBUG KeyManager
Device ID is initialized.

2024-08-13 10:09:03,069 [T1] INFO  CertLicenseClient
Initialize certificate.

2024-08-13 10:09:03,073 [T1] DEBUG CertLicenseClient
Set Security Protocol: Tls12

2024-08-13 10:09:03,100 [T5] DEBUG JobService
Connect to agent service

2024-08-13 10:09:03,129 [T5] DEBUG JobService
JobService URL : net.tcp://127.0.0.1:59001/rpa/agent

2024-08-13 10:09:03,129 [T5] DEBUG JobService
Open connection

2024-08-13 10:09:03,136 [T1] DEBUG ApplicationInitializer
InitMode: Thread

2024-08-13 10:09:03,142 [T5] DEBUG JobService
Register engine to agent

2024-08-13 10:09:03,144 [T1] INFO  LibraryManager
Load Libraries - Started

2024-08-13 10:09:03,155 [T5] DEBUG JobService
Engine is connected to agent service.

2024-08-13 10:09:03,155 [T5] DEBUG JobService
Owner Process PID: 8128

2024-08-13 10:09:03,158 [T5] INFO  JobService
Start monitoring owner process is terminated.

2024-08-13 10:09:03,159 [T1] DEBUG AddInLoader
Load Assembly : IPA.Lib.Chrome

2024-08-13 10:09:03,441 [T1] DEBUG AddInLoader
Load Assembly : IPA.Lib.Desktop

2024-08-13 10:09:03,657 [T1] DEBUG AddInLoader
Load Assembly : IPA.Lib.Excel

2024-08-13 10:09:03,807 [T1] DEBUG AddInLoader
Load Assembly : IPA.Lib.Flow

2024-08-13 10:09:03,928 [T1] DEBUG AddInLoader
Load Assembly : IPA.Lib.IE

2024-08-13 10:09:04,019 [T1] DEBUG AddInLoader
Load Assembly : IPA.Lib.ImageConverter

2024-08-13 10:09:04,075 [T1] DEBUG AddInLoader
Load Assembly : IPA.Lib.ImageRecognition

2024-08-13 10:09:04,305 [T1] DEBUG AddInLoader
Load Assembly : IPA.Lib.MicrosoftOCR

2024-08-13 10:09:04,374 [T1] DEBUG AddInLoader
Load Assembly : IPA.Lib.Net

2024-08-13 10:09:04,478 [T1] DEBUG AddInLoader
Load Assembly : IPA.Lib.Orchestra

2024-08-13 10:09:04,586 [T1] DEBUG AddInLoader
Load Assembly : IPA.Lib.ProcessFlow

2024-08-13 10:09:04,699 [T1] DEBUG AddInLoader
Load Assembly : IPA.Lib.SAP

2024-08-13 10:09:04,778 [T1] DEBUG AddInLoader
Load Assembly : IPA.Lib.Web

2024-08-13 10:09:04,881 [T1] DEBUG AddInLoader
Load Assembly : IPA.Lib.Win

2024-08-13 10:09:05,008 [T1] INFO  ScreenCapture
Default Screen Capture Bounds: 0,0,1920,1200

2024-08-13 10:09:05,038 [T1] DEBUG AddInLoader
Load Assembly : BrityRPA.AddIn.NativeApp

2024-08-13 10:09:05,149 [T1] DEBUG AddInLoader
Load Assembly : BrityWorks.AddIn.Outlook

2024-08-13 10:09:05,219 [T1] DEBUG AddInLoader
Load Assembly : BrityWorks.AddIn.Pdf

2024-08-13 10:09:05,303 [T1] DEBUG LibraryManager
Load Library - Chrome

2024-08-13 10:09:05,319 [T1] DEBUG LibraryManager
Load Library - Desktop

2024-08-13 10:09:05,335 [T1] DEBUG LibraryManager
Load Library - Excel

2024-08-13 10:09:05,351 [T1] DEBUG LibraryManager
Load Library - Flow

2024-08-13 10:09:05,367 [T1] DEBUG LibraryManager
Load Library - IE

2024-08-13 10:09:05,382 [T1] DEBUG LibraryManager
Load Library - ImageConverter

2024-08-13 10:09:05,397 [T1] DEBUG LibraryManager
Load Library - ImageRecognition

2024-08-13 10:09:05,413 [T1] DEBUG LibraryManager
Load Library - MicrosoftOCR

2024-08-13 10:09:05,428 [T1] DEBUG LibraryManager
Load Library - NativeApp

2024-08-13 10:09:05,444 [T1] DEBUG LibraryManager
Load Library - Net

2024-08-13 10:09:05,460 [T1] DEBUG LibraryManager
Load Library - Orchestra

2024-08-13 10:09:05,476 [T1] DEBUG LibraryManager
Load Library - Outlook

2024-08-13 10:09:05,492 [T1] DEBUG LibraryManager
Load Library - Pdf

2024-08-13 10:09:05,508 [T1] DEBUG LibraryManager
Load Library - SAP

2024-08-13 10:09:05,524 [T1] DEBUG LibraryManager
Load Library - Web

2024-08-13 10:09:05,540 [T1] DEBUG LibraryManager
Load Library - Win

2024-08-13 10:09:05,556 [T1] DEBUG LibraryManager
Load Library - WorkFlow

2024-08-13 10:09:05,561 [T1] DEBUG LibraryManager
Load built-in script libraries

2024-08-13 10:09:05,828 [T1] INFO  LibraryManager
Load Libraries - Completed.

2024-08-13 10:09:05,844 [T1] INFO  App
Launch Arguments: Total: 6 |  -eid D_20240813_100901_473 -runtype ProcRunner -ppid 8128

2024-08-13 10:09:05,844 [T1] DEBUG Config
Refresh Language Information

2024-08-13 10:09:05,845 [T1] DEBUG LibraryManager
LibraryManager Initialized.

2024-08-13 10:10:48,553 [T7] INFO  JobService
Start Job: P_사용기업_재무_자동화 (Foreground)
{
  "JobType": 1,
  "State": 0,
  "IsRunning": false,
  "ResultMessage": null,
  "StartTime": "2024-08-13 10:10:48",
  "EndTime": null,
  "JobId": "Designer_20240813_101048_374",
  "UserAuthentication": null,
  "ProcessPath": "C:\\Users\\2C000013\\Documents\\Brity RPA Projects\\사용기업_재무_자동화1\\P_사용기업_재무_자동화.proc",
  "ProcessId": "6fa0a8cb-38f8-4245-8a47-baa8a7bc7e3b",
  "ProcessVer": "1.0",
  "ProcessArgs": null,
  "RequesterType": 3,
  "RequesterId": "designer",
  "RequesterPID": 8128,
  "OptionsJsonString": null,
  "TimeoutSec": 0,
  "EngineID": "D_20240813_100901_473",
  "EnginePID": 0,
  "EngineRecommededVersion": "",
  "JobWorkDir": "C:\\Users\\2C000013\\Documents\\Brity RPA Projects\\사용기업_재무_자동화1\\Histories\\20240813_101048_P_사용기업_재무_자동화_Designer_20240813_101048_374",
  "JobLogDir": "C:\\Users\\2C000013\\Documents\\Brity RPA Projects\\사용기업_재무_자동화1\\Histories\\20240813_101048_P_사용기업_재무_자동화_Designer_20240813_101048_374\\Log",
  "JobScreenshotDir": "C:\\Users\\2C000013\\Documents\\Brity RPA Projects\\사용기업_재무_자동화1\\Histories\\20240813_101048_P_사용기업_재무_자동화_Designer_20240813_101048_374\\Log\\Screenshot"
}

2024-08-13 10:10:48,703 [T10] DEBUG JobService
Waiting library loading...

2024-08-13 10:10:48,706 [T10] DEBUG Config
Reload User Settings

2024-08-13 10:10:48,707 [T10] INFO  JobService
Config Loading Completed.

2024-08-13 10:10:48,707 [T10] DEBUG JobService
Config Loading Time: 4 ms.

2024-08-13 10:10:48,712 [T10] DEBUG JobService
Check Shared Token

2024-08-13 10:10:48,713 [T10] DEBUG TokenManager
Load connection token

2024-08-13 10:10:48,714 [T10] DEBUG TokenManager
Clear Connection Token - No Shared Token

2024-08-13 10:10:48,796 [T1] DEBUG ServerInformationClient
Request server feature list

2024-08-13 10:10:48,873 [T1] INFO  ServerInformationClient
Server feature update successful

2024-08-13 10:10:48,876 [T1] INFO  ServerInformationClient
It takes 140 milliseconds to try to update the server feature list.

2024-08-13 10:10:48,877 [T1] INFO  Config
Update server features to config.

2024-08-13 10:10:48,902 [T10] INFO  JobService
Shared Token - No Token

2024-08-13 10:10:48,908 [T10] INFO  JobManager
Create JobManager instance for job P_사용기업_재무_자동화(Designer_20240813_101048_374)

2024-08-13 10:10:48,914 [T10] INFO  JobRequest
Job ID : Designer_20240813_101048_374
Project Path  : C:\Users\2C000013\Documents\Brity RPA Projects\사용기업_재무_자동화1\사용기업_재무_자동화1.proj
Process Name  : P_사용기업_재무_자동화
Engine Mode   : Designer
Requester Type: Designer
Requester PID : 8128

2024-08-13 10:10:48,917 [T9] INFO  JobRequest
Start Callback Sender

2024-08-13 10:10:48,917 [T9] DEBUG JobRequest
Step Callback Interval: 500

2024-08-13 10:10:48,967 [T10] DEBUG ProjectManager
Set Project Information

2024-08-13 10:10:48,995 [T10] INFO  PlayOptionManager
PlayOption
- Step Interval : 1
- Disable DrawBounds : False
- Invoke First : False
- Allow Upload of DumpScreen results : False

2024-08-13 10:10:48,996 [T10] INFO  JobRunner
Initialize Script Engine

2024-08-13 10:10:49,013 [T16-ScriptEngine] INFO  JobRequest
##############################################################
### STATE: Initializing
##############################################################


2024-08-13 10:10:49,032 [T9] DEBUG JobRequest
Callback - State: Initializing


2024-08-13 10:10:49,879 [T16-ScriptEngine] INFO  JobRequest
##############################################################
### STATE: Ready
##############################################################


2024-08-13 10:10:49,890 [T10] INFO  JobRunnerHook
HotKey Hook Started

2024-08-13 10:10:49,891 [T10] INFO  JobRequest
##############################################################
### STATE: Starting
##############################################################


2024-08-13 10:10:49,893 [T16-ScriptEngine] INFO  JobRunner
RunProcess start

2024-08-13 10:10:49,895 [T16-ScriptEngine] INFO  JobRequest
##############################################################
### STATE: Running
##############################################################


2024-08-13 10:10:49,895 [T9] DEBUG JobRequest
Callback - State: Ready


2024-08-13 10:10:49,895 [T16-ScriptEngine] INFO  JobRequest
Last job life cycle state: Running

2024-08-13 10:10:49,897 [T9] DEBUG JobRequest
Callback - State: Starting


2024-08-13 10:10:49,911 [T9] DEBUG JobRequest
Callback - State: Running


2024-08-13 10:10:50,977 [T16-ScriptEngine] DEBUG ScreenCapture
DirectX Screen Capture Initialized.

2024-08-13 10:10:50,999 [T16-ScriptEngine] DEBUG JobRunner
DirectX ScreenCapture Checked.

2024-08-13 10:10:51,027 [T16-ScriptEngine] INFO  JobRequest
##############################################################
### STATE: StartProcess - P_사용기업_재무_자동화
##############################################################
6fa0a8cb-38f8-4245-8a47-baa8a7bc7e3b
P_사용기업_재무_자동화


2024-08-13 10:10:51,086 [T16-ScriptEngine] INFO  JobRequest
**************************************************************
*** TASK: P_사용기업_재무_자동화
**************************************************************
 - STEP 1: S99942d1cd2764bb8a36cf044c2490843 (1/8) - (1/7)
 - [1] OpenBrowser


2024-08-13 10:10:51,264 [T16-ScriptEngine] INFO  UiaAppHelper
Open App: C:\Program Files\Internet Explorer\iexplore.exe
Arguments: https://sonw00.github.io/
Derived App: iexplore

2024-08-13 10:10:51,446 [T16-ScriptEngine] INFO  UiaAppHelper
Process(11564) Started.

2024-08-13 10:10:51,956 [T16-ScriptEngine] WARN  UiaAppHelper
The newly launched process(PID:11564) is immediately terminated.

2024-08-13 10:10:52,480 [T16-ScriptEngine] DEBUG UiaAppHelper
The number of new application windows: 0

2024-08-13 10:10:53,004 [T16-ScriptEngine] DEBUG UiaAppHelper
The number of new application windows: 0

2024-08-13 10:10:53,005 [T16-ScriptEngine] ERROR UiaAppHelper
앱 프로세스가 시작되었으나 실행 상태를 확인할 수 없습니다.
앱 실행을 위한 명령어와 실행인자, 실행 확인을 위한 검사 속성을 확인해주세요.
이미 실행 중인 앱이 명령을 처리하거나 새로 시작된 앱이 즉시 종료되는 경우, 앱의 실행을 검사하지 않도록 'Derived App'을 null로 설정하세요.

 - Command: C:\Program Files\Internet Explorer\iexplore.exe
 - Arguments: https://sonw00.github.io/
 - Derived App: iexplore
 - WaitTime: 1

2024-08-13 10:10:55,139 [T16-ScriptEngine] WARN  ScriptSupport
[CATCH_STEP_EXCEPTION] Process: P_사용기업_재무_자동화
Step: OpenBrowser (1/8)

Error: 앱 프로세스가 시작되었으나 실행 상태를 확인할 수 없습니다.
앱 실행을 위한 명령어와 실행인자, 실행 확인을 위한 검사 속성을 확인해주세요.
이미 실행 중인 앱이 명령을 처리하거나 새로 시작된 앱이 즉시 종료되는 경우, 앱의 실행을 검사하지 않도록 'Derived App'을 null로 설정하세요.

 - Command: C:\Program Files\Internet Explorer\iexplore.exe
 - Arguments: https://sonw00.github.io/
 - Derived App: iexplore
 - WaitTime: 1

2024-08-13 10:10:55,144 [T16-ScriptEngine] FINE  JobRunner
RunTask ExceptionOccured. TASK: P_사용기업_재무_자동화 => 앱 프로세스가 시작되었으나 실행 상태를 확인할 수 없습니다.
앱 실행을 위한 명령어와 실행인자, 실행 확인을 위한 검사 속성을 확인해주세요.
이미 실행 중인 앱이 명령을 처리하거나 새로 시작된 앱이 즉시 종료되는 경우, 앱의 실행을 검사하지 않도록 'Derived App'을 null로 설정하세요.

 - Command: C:\Program Files\Internet Explorer\iexplore.exe
 - Arguments: https://sonw00.github.io/
 - Derived App: iexplore
 - WaitTime: 1

2024-08-13 10:10:55,171 [T16-ScriptEngine] INFO  JobRequest
##############################################################
### STATE: EndProcess - P_사용기업_재무_자동화
##############################################################
6fa0a8cb-38f8-4245-8a47-baa8a7bc7e3b
P_사용기업_재무_자동화


2024-08-13 10:10:55,184 [T16-ScriptEngine] ERROR JobRunner
Process: P_사용기업_재무_자동화
Step: OpenBrowser (1/8)

앱 프로세스가 시작되었으나 실행 상태를 확인할 수 없습니다.
앱 실행을 위한 명령어와 실행인자, 실행 확인을 위한 검사 속성을 확인해주세요.
이미 실행 중인 앱이 명령을 처리하거나 새로 시작된 앱이 즉시 종료되는 경우, 앱의 실행을 검사하지 않도록 'Derived App'을 null로 설정하세요.

 - Command: C:\Program Files\Internet Explorer\iexplore.exe
 - Arguments: https://sonw00.github.io/
 - Derived App: iexplore
 - WaitTime: 1

[CallStack]
  - P_사용기업_재무_자동화: [1] OpenBrowser

[Global Variables]
  - 경로 = 'C:\\Users\\2C000013\\Desktop\\' (String)
  - RESULT = <null> (Any)

[P_사용기업_재무_자동화 Variables]
  - excel = <undefined> (Undefined)
  - table = <undefined> (Undefined)
  - main = <undefined> (Undefined)

2024-08-13 10:10:55,185 [T16-ScriptEngine] DEBUG JobManager
Set Result State: ExceptionOccured

2024-08-13 10:11:03,209 [T16-ScriptEngine] INFO  JobRunner
Make report.

2024-08-13 10:11:03,251 [T16-ScriptEngine] INFO  JobRunner
Start to clean up resources.

2024-08-13 10:11:03,252 [T16-ScriptEngine] DEBUG JobRunner
OnProcessFailed

2024-08-13 10:11:03,252 [T11] DEBUG JobRunner
Start timer for checking the job to be completed.

2024-08-13 10:11:03,252 [T16-ScriptEngine] INFO  JobRunner
Start to clean up resources.

2024-08-13 10:11:03,255 [T16-ScriptEngine] DEBUG JobRunner
Remove all libraries

2024-08-13 10:11:03,256 [T16-ScriptEngine] DEBUG NetPlayer
WebPlayer OnDispose

2024-08-13 10:11:03,258 [T16-ScriptEngine] DEBUG WebPlayer
WebPlayer OnDispose : Do Nothing

2024-08-13 10:11:03,260 [T16-ScriptEngine] DEBUG UiaAppHelper
WinHelper DisposeAppList Count: 0

2024-08-13 10:11:03,261 [T16-ScriptEngine] INFO  JobRunner
All Resources Clear

2024-08-13 10:11:03,264 [T16-ScriptEngine] DEBUG JobRunner
OnCompleted

2024-08-13 10:11:03,265 [T16-ScriptEngine] DEBUG JobRunner
SendJobResult: ExceptionOccured

2024-08-13 10:11:03,265 [T16-ScriptEngine] INFO  JobRequest
##############################################################
### STATE: ExceptionOccured
##############################################################
Process: P_사용기업_재무_자동화
Step: OpenBrowser (1/8)

앱 프로세스가 시작되었으나 실행 상태를 확인할 수 없습니다.
앱 실행을 위한 명령어와 실행인자, 실행 확인을 위한 검사 속성을 확인해주세요.
이미 실행 중인 앱이 명령을 처리하거나 새로 시작된 앱이 즉시 종료되는 경우, 앱의 실행을 검사하지 않도록 'Derived App'을 null로 설정하세요.

 - Command: C:\Program Files\Internet Explorer\iexplore.exe
 - Arguments: https://sonw00.github.io/
 - Derived App: iexplore
 - WaitTime: 1

[CallStack]
  - P_사용기업_재무_자동화: [1] OpenBrowser

[Global Variables]
  - 경로 = 'C:\\Users\\2C000013\\Desktop\\' (String)
  - RESULT = <null> (Any)

[P_사용기업_재무_자동화 Variables]
  - excel = <undefined> (Undefined)
  - table = <undefined> (Undefined)
  - main = <undefined> (Undefined)


2024-08-13 10:11:03,265 [T16-ScriptEngine] INFO  JobRequest
Last job life cycle state: ExceptionOccured

2024-08-13 10:11:03,277 [T16-ScriptEngine] INFO  JobRequest
##############################################################
### JOB COMPLETED
##############################################################


2024-08-13 10:11:03,294 [T9] DEBUG JobRequest
Callback - State: ExceptionOccured
Process: P_사용기업_재무_자동화
Step: OpenBrowser (1/8)

앱 프로세스가 시작되었으나 실행 상태를 확인할 수 없습니다.
앱 실행을 위한 명령어와 실행인자, 실행 확인을 위한 검사 속성을 확인해주세요.
이미 실행 중인 앱이 명령을 처리하거나 새로 시작된 앱이 즉시 종료되는 경우, 앱의 실행을 검사하지 않도록 'Derived App'을 null로 설정하세요.

 - Command: C:\Program Files\Internet Explorer\iexplore.exe
 - Arguments: https://sonw00.github.io/
 - Derived App: iexplore
 - WaitTime: 1

[CallStack]
  - P_사용기업_재무_자동화: [1] OpenBrowser

[Global Variables]
  - 경로 = 'C:\\Users\\2C000013\\Desktop\\' (String)
  - RESULT = <null> (Any)

[P_사용기업_재무_자동화 Variables]
  - excel = <undefined> (Undefined)
  - table = <undefined> (Undefined)
  - main = <undefined> (Undefined)

2024-08-13 10:11:03,295 [T9] INFO  JobRequest
Callback - EngineClosed

2024-08-13 10:11:03,295 [T9] INFO  JobService
Disconnect agent service

2024-08-13 10:11:03,297 [T9] DEBUG JobRequest
End of Callback Sender

