2024-08-13 09:53:12,332 [T1] INFO  EngineStarter
BOT Engine Start - v3.1.100.11228 at 2024-08-13 오전 9:53:12
EngineID: D_20240813_095311_627
PID : 14972
PPID: 8128
Working Directory: C:\Users\2C000013\AppData\Roaming\Brity RPA Designer

2024-08-13 09:53:12,349 [T1] INFO  EngineStarter
System Language: ko-KR
Resolution: 1920 x 1200

2024-08-13 09:53:12,593 [T1] INFO  Config
Initialize Config

2024-08-13 09:53:12,635 [T1] DEBUG Config
Config Loaded

2024-08-13 09:53:12,636 [T1] DEBUG Config
Backup config file.

2024-08-13 09:53:12,645 [T1] INFO  Config
Orchestrator Service => https://bwrpa.samsungsds.com:8777

2024-08-13 09:53:12,650 [T1] INFO  Config
Initialize Resource Config

2024-08-13 09:53:12,676 [T1] DEBUG Config
Refresh Language Information

2024-08-13 09:53:12,761 [T1] INFO  Config
All Config Initialized.

2024-08-13 09:53:12,768 [T1] DEBUG KeyManager
Initialize KeyManager

2024-08-13 09:53:12,771 [T1] DEBUG KeyManager
Load device unique id.

2024-08-13 09:53:12,778 [T1] DEBUG KeyManager
Device ID is initialized.

2024-08-13 09:53:12,814 [T1] INFO  CertLicenseClient
Initialize certificate.

2024-08-13 09:53:12,818 [T1] DEBUG CertLicenseClient
Set Security Protocol: Tls12

2024-08-13 09:53:12,862 [T5] DEBUG JobService
Connect to agent service

2024-08-13 09:53:12,892 [T5] DEBUG JobService
JobService URL : net.tcp://127.0.0.1:59001/rpa/agent

2024-08-13 09:53:12,892 [T5] DEBUG JobService
Open connection

2024-08-13 09:53:12,898 [T1] DEBUG ApplicationInitializer
InitMode: Thread

2024-08-13 09:53:12,906 [T5] DEBUG JobService
Register engine to agent

2024-08-13 09:53:12,907 [T1] INFO  LibraryManager
Load Libraries - Started

2024-08-13 09:53:12,918 [T5] DEBUG JobService
Engine is connected to agent service.

2024-08-13 09:53:12,918 [T5] DEBUG JobService
Owner Process PID: 8128

2024-08-13 09:53:12,921 [T5] INFO  JobService
Start monitoring owner process is terminated.

2024-08-13 09:53:12,921 [T1] DEBUG AddInLoader
Load Assembly : IPA.Lib.Chrome

2024-08-13 09:53:13,189 [T1] DEBUG AddInLoader
Load Assembly : IPA.Lib.Desktop

2024-08-13 09:53:13,391 [T1] DEBUG AddInLoader
Load Assembly : IPA.Lib.Excel

2024-08-13 09:53:13,541 [T1] DEBUG AddInLoader
Load Assembly : IPA.Lib.Flow

2024-08-13 09:53:13,664 [T1] DEBUG AddInLoader
Load Assembly : IPA.Lib.IE

2024-08-13 09:53:13,753 [T1] DEBUG AddInLoader
Load Assembly : IPA.Lib.ImageConverter

2024-08-13 09:53:13,811 [T1] DEBUG AddInLoader
Load Assembly : IPA.Lib.ImageRecognition

2024-08-13 09:53:13,999 [T1] DEBUG AddInLoader
Load Assembly : IPA.Lib.MicrosoftOCR

2024-08-13 09:53:14,069 [T1] DEBUG AddInLoader
Load Assembly : IPA.Lib.Net

2024-08-13 09:53:14,172 [T1] DEBUG AddInLoader
Load Assembly : IPA.Lib.Orchestra

2024-08-13 09:53:14,272 [T1] DEBUG AddInLoader
Load Assembly : IPA.Lib.ProcessFlow

2024-08-13 09:53:14,379 [T1] DEBUG AddInLoader
Load Assembly : IPA.Lib.SAP

2024-08-13 09:53:14,462 [T1] DEBUG AddInLoader
Load Assembly : IPA.Lib.Web

2024-08-13 09:53:14,575 [T1] DEBUG AddInLoader
Load Assembly : IPA.Lib.Win

2024-08-13 09:53:14,701 [T1] INFO  ScreenCapture
Default Screen Capture Bounds: 0,0,1920,1200

2024-08-13 09:53:14,732 [T1] DEBUG AddInLoader
Load Assembly : BrityRPA.AddIn.NativeApp

2024-08-13 09:53:14,837 [T1] DEBUG AddInLoader
Load Assembly : BrityWorks.AddIn.Outlook

2024-08-13 09:53:14,905 [T1] DEBUG AddInLoader
Load Assembly : BrityWorks.AddIn.Pdf

2024-08-13 09:53:14,989 [T1] DEBUG LibraryManager
Load Library - Chrome

2024-08-13 09:53:15,005 [T1] DEBUG LibraryManager
Load Library - Desktop

2024-08-13 09:53:15,020 [T1] DEBUG LibraryManager
Load Library - Excel

2024-08-13 09:53:15,035 [T1] DEBUG LibraryManager
Load Library - Flow

2024-08-13 09:53:15,050 [T1] DEBUG LibraryManager
Load Library - IE

2024-08-13 09:53:15,065 [T1] DEBUG LibraryManager
Load Library - ImageConverter

2024-08-13 09:53:15,081 [T1] DEBUG LibraryManager
Load Library - ImageRecognition

2024-08-13 09:53:15,097 [T1] DEBUG LibraryManager
Load Library - MicrosoftOCR

2024-08-13 09:53:15,113 [T1] DEBUG LibraryManager
Load Library - NativeApp

2024-08-13 09:53:15,129 [T1] DEBUG LibraryManager
Load Library - Net

2024-08-13 09:53:15,145 [T1] DEBUG LibraryManager
Load Library - Orchestra

2024-08-13 09:53:15,161 [T1] DEBUG LibraryManager
Load Library - Outlook

2024-08-13 09:53:15,177 [T1] DEBUG LibraryManager
Load Library - Pdf

2024-08-13 09:53:15,193 [T1] DEBUG LibraryManager
Load Library - SAP

2024-08-13 09:53:15,208 [T1] DEBUG LibraryManager
Load Library - Web

2024-08-13 09:53:15,224 [T1] DEBUG LibraryManager
Load Library - Win

2024-08-13 09:53:15,240 [T1] DEBUG LibraryManager
Load Library - WorkFlow

2024-08-13 09:53:15,245 [T1] DEBUG LibraryManager
Load built-in script libraries

2024-08-13 09:53:15,531 [T1] INFO  LibraryManager
Load Libraries - Completed.

2024-08-13 09:53:15,545 [T1] INFO  App
Launch Arguments: Total: 6 |  -eid D_20240813_095311_627 -runtype ProcRunner -ppid 8128

2024-08-13 09:53:15,546 [T1] DEBUG Config
Refresh Language Information

2024-08-13 09:53:15,547 [T1] DEBUG LibraryManager
LibraryManager Initialized.

2024-08-13 09:53:16,813 [T6] INFO  JobService
Start Job: P_사용기업_재무_자동화 (Foreground)
{
  "JobType": 1,
  "State": 0,
  "IsRunning": false,
  "ResultMessage": null,
  "StartTime": "2024-08-13 09:53:16",
  "EndTime": null,
  "JobId": "Designer_20240813_095316_644",
  "UserAuthentication": null,
  "ProcessPath": "C:\\Users\\2C000013\\Documents\\Brity RPA Projects\\사용기업_재무_자동화\\P_사용기업_재무_자동화.proc",
  "ProcessId": "9ca48709-f79f-4144-b101-e11e36eb5fac",
  "ProcessVer": "",
  "ProcessArgs": null,
  "RequesterType": 3,
  "RequesterId": "designer",
  "RequesterPID": 8128,
  "OptionsJsonString": null,
  "TimeoutSec": 0,
  "EngineID": "D_20240813_095311_627",
  "EnginePID": 0,
  "EngineRecommededVersion": "",
  "JobWorkDir": "C:\\Users\\2C000013\\Documents\\Brity RPA Projects\\사용기업_재무_자동화\\Histories\\20240813_095316_P_사용기업_재무_자동화_Designer_20240813_095316_644",
  "JobLogDir": "C:\\Users\\2C000013\\Documents\\Brity RPA Projects\\사용기업_재무_자동화\\Histories\\20240813_095316_P_사용기업_재무_자동화_Designer_20240813_095316_644\\Log",
  "JobScreenshotDir": "C:\\Users\\2C000013\\Documents\\Brity RPA Projects\\사용기업_재무_자동화\\Histories\\20240813_095316_P_사용기업_재무_자동화_Designer_20240813_095316_644\\Log\\Screenshot"
}

2024-08-13 09:53:16,958 [T8] DEBUG JobService
Waiting library loading...

2024-08-13 09:53:16,961 [T8] DEBUG Config
Reload User Settings

2024-08-13 09:53:16,962 [T8] INFO  JobService
Config Loading Completed.

2024-08-13 09:53:16,962 [T8] DEBUG JobService
Config Loading Time: 3 ms.

2024-08-13 09:53:16,975 [T8] DEBUG JobService
Check Shared Token

2024-08-13 09:53:16,976 [T8] DEBUG TokenManager
Load connection token

2024-08-13 09:53:16,977 [T8] DEBUG TokenManager
Clear Connection Token - No Shared Token

2024-08-13 09:53:17,001 [T1] DEBUG ServerInformationClient
Request server feature list

2024-08-13 09:53:17,073 [T1] INFO  ServerInformationClient
Server feature update successful

2024-08-13 09:53:17,076 [T1] INFO  ServerInformationClient
It takes 82 milliseconds to try to update the server feature list.

2024-08-13 09:53:17,076 [T1] INFO  Config
Update server features to config.

2024-08-13 09:53:17,097 [T8] INFO  JobService
Shared Token - No Token

2024-08-13 09:53:17,104 [T8] INFO  JobManager
Create JobManager instance for job P_사용기업_재무_자동화(Designer_20240813_095316_644)

2024-08-13 09:53:17,112 [T8] INFO  JobRequest
Job ID : Designer_20240813_095316_644
Project Path  : C:\Users\2C000013\Documents\Brity RPA Projects\사용기업_재무_자동화\사용기업_재무_자동화.proj
Process Name  : P_사용기업_재무_자동화
Engine Mode   : Designer
Requester Type: Designer
Requester PID : 8128

2024-08-13 09:53:17,116 [T4] INFO  JobRequest
Start Callback Sender

2024-08-13 09:53:17,116 [T4] DEBUG JobRequest
Step Callback Interval: 500

2024-08-13 09:53:17,173 [T8] DEBUG ProjectManager
Set Project Information

2024-08-13 09:53:17,203 [T8] INFO  PlayOptionManager
PlayOption
- Step Interval : 1
- Disable DrawBounds : False
- Invoke First : False
- Allow Upload of DumpScreen results : False

2024-08-13 09:53:17,204 [T8] INFO  JobRunner
Initialize Script Engine

2024-08-13 09:53:17,221 [T15-ScriptEngine] INFO  JobRequest
##############################################################
### STATE: Initializing
##############################################################


2024-08-13 09:53:17,247 [T4] DEBUG JobRequest
Callback - State: Initializing


2024-08-13 09:53:18,109 [T15-ScriptEngine] INFO  JobRequest
##############################################################
### STATE: Ready
##############################################################


2024-08-13 09:53:18,112 [T4] DEBUG JobRequest
Callback - State: Ready


2024-08-13 09:53:18,121 [T8] INFO  JobRunnerHook
HotKey Hook Started

2024-08-13 09:53:18,122 [T8] INFO  JobRequest
##############################################################
### STATE: Starting
##############################################################


2024-08-13 09:53:18,124 [T15-ScriptEngine] INFO  JobRunner
RunProcess start

2024-08-13 09:53:18,126 [T15-ScriptEngine] INFO  JobRequest
##############################################################
### STATE: Running
##############################################################


2024-08-13 09:53:18,126 [T15-ScriptEngine] INFO  JobRequest
Last job life cycle state: Running

2024-08-13 09:53:18,128 [T4] DEBUG JobRequest
Callback - State: Starting


2024-08-13 09:53:18,144 [T4] DEBUG JobRequest
Callback - State: Running


2024-08-13 09:53:19,188 [T15-ScriptEngine] DEBUG ScreenCapture
DirectX Screen Capture Initialized.

2024-08-13 09:53:19,267 [T15-ScriptEngine] DEBUG JobRunner
DirectX ScreenCapture Checked.

2024-08-13 09:53:19,295 [T15-ScriptEngine] INFO  JobRequest
##############################################################
### STATE: StartProcess - P_사용기업_재무_자동화
##############################################################
9ca48709-f79f-4144-b101-e11e36eb5fac
P_사용기업_재무_자동화


2024-08-13 09:53:19,347 [T15-ScriptEngine] INFO  JobRequest
**************************************************************
*** TASK: P_사용기업_재무_자동화
**************************************************************
 - STEP 1: S99942d1cd2764bb8a36cf044c2490843 (1/8) - (1/7)
 - [1] OpenBrowser


2024-08-13 09:53:19,531 [T15-ScriptEngine] INFO  UiaAppHelper
Open App: C:\Program Files\Internet Explorer\iexplore.exe
Arguments: file:///C://rpa//main.html
Derived App: iexplore

2024-08-13 09:53:19,690 [T15-ScriptEngine] INFO  UiaAppHelper
Process(14816) Started.

2024-08-13 09:53:20,218 [T15-ScriptEngine] WARN  UiaAppHelper
The newly launched process(PID:14816) is immediately terminated.

2024-08-13 09:53:20,743 [T15-ScriptEngine] DEBUG UiaAppHelper
The number of new application windows: 0

2024-08-13 09:53:21,263 [T15-ScriptEngine] DEBUG UiaAppHelper
The number of new application windows: 0

2024-08-13 09:53:21,779 [T15-ScriptEngine] DEBUG UiaAppHelper
The number of new application windows: 0

2024-08-13 09:53:22,307 [T15-ScriptEngine] DEBUG UiaAppHelper
The number of new application windows: 0

2024-08-13 09:53:22,835 [T15-ScriptEngine] DEBUG UiaAppHelper
The number of new application windows: 0

2024-08-13 09:53:23,353 [T15-ScriptEngine] DEBUG UiaAppHelper
The number of new application windows: 0

2024-08-13 09:53:23,871 [T15-ScriptEngine] DEBUG UiaAppHelper
The number of new application windows: 0

2024-08-13 09:53:24,397 [T15-ScriptEngine] DEBUG UiaAppHelper
The number of new application windows: 0

2024-08-13 09:53:24,918 [T15-ScriptEngine] DEBUG UiaAppHelper
The number of new application windows: 0

2024-08-13 09:53:25,447 [T15-ScriptEngine] DEBUG UiaAppHelper
The number of new application windows: 0

2024-08-13 09:53:25,966 [T15-ScriptEngine] DEBUG UiaAppHelper
The number of new application windows: 0

2024-08-13 09:53:26,484 [T15-ScriptEngine] DEBUG UiaAppHelper
The number of new application windows: 0

2024-08-13 09:53:27,007 [T15-ScriptEngine] DEBUG UiaAppHelper
The number of new application windows: 0

2024-08-13 09:53:27,524 [T15-ScriptEngine] DEBUG UiaAppHelper
The number of new application windows: 0

2024-08-13 09:53:28,041 [T15-ScriptEngine] DEBUG UiaAppHelper
The number of new application windows: 0

2024-08-13 09:53:28,564 [T15-ScriptEngine] DEBUG UiaAppHelper
The number of new application windows: 0

2024-08-13 09:53:29,082 [T15-ScriptEngine] DEBUG UiaAppHelper
The number of new application windows: 0

2024-08-13 09:53:29,609 [T15-ScriptEngine] DEBUG UiaAppHelper
The number of new application windows: 0

2024-08-13 09:53:30,131 [T15-ScriptEngine] DEBUG UiaAppHelper
The number of new application windows: 0

2024-08-13 09:53:30,677 [T15-ScriptEngine] DEBUG UiaAppHelper
The number of new application windows: 0

2024-08-13 09:53:30,679 [T15-ScriptEngine] ERROR UiaAppHelper
앱 프로세스가 시작되었으나 실행 상태를 확인할 수 없습니다.
앱 실행을 위한 명령어와 실행인자, 실행 확인을 위한 검사 속성을 확인해주세요.
이미 실행 중인 앱이 명령을 처리하거나 새로 시작된 앱이 즉시 종료되는 경우, 앱의 실행을 검사하지 않도록 'Derived App'을 null로 설정하세요.

 - Command: C:\Program Files\Internet Explorer\iexplore.exe
 - Arguments: file:///C://rpa//main.html
 - Derived App: iexplore
 - WaitTime: 10

2024-08-13 09:53:33,862 [T15-ScriptEngine] WARN  ScriptSupport
[CATCH_STEP_EXCEPTION] Process: P_사용기업_재무_자동화
Step: OpenBrowser (1/8)

Error: 앱 프로세스가 시작되었으나 실행 상태를 확인할 수 없습니다.
앱 실행을 위한 명령어와 실행인자, 실행 확인을 위한 검사 속성을 확인해주세요.
이미 실행 중인 앱이 명령을 처리하거나 새로 시작된 앱이 즉시 종료되는 경우, 앱의 실행을 검사하지 않도록 'Derived App'을 null로 설정하세요.

 - Command: C:\Program Files\Internet Explorer\iexplore.exe
 - Arguments: file:///C://rpa//main.html
 - Derived App: iexplore
 - WaitTime: 10

2024-08-13 09:53:33,868 [T15-ScriptEngine] FINE  JobRunner
RunTask ExceptionOccured. TASK: P_사용기업_재무_자동화 => 앱 프로세스가 시작되었으나 실행 상태를 확인할 수 없습니다.
앱 실행을 위한 명령어와 실행인자, 실행 확인을 위한 검사 속성을 확인해주세요.
이미 실행 중인 앱이 명령을 처리하거나 새로 시작된 앱이 즉시 종료되는 경우, 앱의 실행을 검사하지 않도록 'Derived App'을 null로 설정하세요.

 - Command: C:\Program Files\Internet Explorer\iexplore.exe
 - Arguments: file:///C://rpa//main.html
 - Derived App: iexplore
 - WaitTime: 10

2024-08-13 09:53:33,889 [T15-ScriptEngine] INFO  JobRequest
##############################################################
### STATE: EndProcess - P_사용기업_재무_자동화
##############################################################
9ca48709-f79f-4144-b101-e11e36eb5fac
P_사용기업_재무_자동화


2024-08-13 09:53:33,903 [T15-ScriptEngine] ERROR JobRunner
Process: P_사용기업_재무_자동화
Step: OpenBrowser (1/8)

앱 프로세스가 시작되었으나 실행 상태를 확인할 수 없습니다.
앱 실행을 위한 명령어와 실행인자, 실행 확인을 위한 검사 속성을 확인해주세요.
이미 실행 중인 앱이 명령을 처리하거나 새로 시작된 앱이 즉시 종료되는 경우, 앱의 실행을 검사하지 않도록 'Derived App'을 null로 설정하세요.

 - Command: C:\Program Files\Internet Explorer\iexplore.exe
 - Arguments: file:///C://rpa//main.html
 - Derived App: iexplore
 - WaitTime: 10

[CallStack]
  - P_사용기업_재무_자동화: [1] OpenBrowser

[Global Variables]
  - 경로 = 'C:\\Users\\2C000013\\Desktop\\' (String)
  - RESULT = <null> (Any)

[P_사용기업_재무_자동화 Variables]
  - excel = <undefined> (Undefined)
  - table = <undefined> (Undefined)
  - main = <undefined> (Undefined)

2024-08-13 09:53:33,904 [T15-ScriptEngine] DEBUG JobManager
Set Result State: ExceptionOccured

2024-08-13 09:53:35,058 [T15-ScriptEngine] INFO  JobRunner
Make report.

2024-08-13 09:53:35,119 [T15-ScriptEngine] INFO  JobRunner
Start to clean up resources.

2024-08-13 09:53:35,120 [T10] DEBUG JobRunner
Start timer for checking the job to be completed.

2024-08-13 09:53:35,120 [T15-ScriptEngine] DEBUG JobRunner
OnProcessFailed

2024-08-13 09:53:35,121 [T15-ScriptEngine] INFO  JobRunner
Start to clean up resources.

2024-08-13 09:53:35,123 [T15-ScriptEngine] DEBUG JobRunner
Remove all libraries

2024-08-13 09:53:35,124 [T15-ScriptEngine] DEBUG NetPlayer
WebPlayer OnDispose

2024-08-13 09:53:35,125 [T15-ScriptEngine] DEBUG WebPlayer
WebPlayer OnDispose : Do Nothing

2024-08-13 09:53:35,128 [T15-ScriptEngine] DEBUG UiaAppHelper
WinHelper DisposeAppList Count: 0

2024-08-13 09:53:35,129 [T15-ScriptEngine] INFO  JobRunner
All Resources Clear

2024-08-13 09:53:35,133 [T15-ScriptEngine] DEBUG JobRunner
OnCompleted

2024-08-13 09:53:35,134 [T15-ScriptEngine] DEBUG JobRunner
SendJobResult: ExceptionOccured

2024-08-13 09:53:35,134 [T15-ScriptEngine] INFO  JobRequest
##############################################################
### STATE: ExceptionOccured
##############################################################
Process: P_사용기업_재무_자동화
Step: OpenBrowser (1/8)

앱 프로세스가 시작되었으나 실행 상태를 확인할 수 없습니다.
앱 실행을 위한 명령어와 실행인자, 실행 확인을 위한 검사 속성을 확인해주세요.
이미 실행 중인 앱이 명령을 처리하거나 새로 시작된 앱이 즉시 종료되는 경우, 앱의 실행을 검사하지 않도록 'Derived App'을 null로 설정하세요.

 - Command: C:\Program Files\Internet Explorer\iexplore.exe
 - Arguments: file:///C://rpa//main.html
 - Derived App: iexplore
 - WaitTime: 10

[CallStack]
  - P_사용기업_재무_자동화: [1] OpenBrowser

[Global Variables]
  - 경로 = 'C:\\Users\\2C000013\\Desktop\\' (String)
  - RESULT = <null> (Any)

[P_사용기업_재무_자동화 Variables]
  - excel = <undefined> (Undefined)
  - table = <undefined> (Undefined)
  - main = <undefined> (Undefined)


2024-08-13 09:53:35,134 [T15-ScriptEngine] INFO  JobRequest
Last job life cycle state: ExceptionOccured

2024-08-13 09:53:35,147 [T15-ScriptEngine] INFO  JobRequest
##############################################################
### JOB COMPLETED
##############################################################


2024-08-13 09:53:35,149 [T4] DEBUG JobRequest
Callback - State: ExceptionOccured
Process: P_사용기업_재무_자동화
Step: OpenBrowser (1/8)

앱 프로세스가 시작되었으나 실행 상태를 확인할 수 없습니다.
앱 실행을 위한 명령어와 실행인자, 실행 확인을 위한 검사 속성을 확인해주세요.
이미 실행 중인 앱이 명령을 처리하거나 새로 시작된 앱이 즉시 종료되는 경우, 앱의 실행을 검사하지 않도록 'Derived App'을 null로 설정하세요.

 - Command: C:\Program Files\Internet Explorer\iexplore.exe
 - Arguments: file:///C://rpa//main.html
 - Derived App: iexplore
 - WaitTime: 10

[CallStack]
  - P_사용기업_재무_자동화: [1] OpenBrowser

[Global Variables]
  - 경로 = 'C:\\Users\\2C000013\\Desktop\\' (String)
  - RESULT = <null> (Any)

[P_사용기업_재무_자동화 Variables]
  - excel = <undefined> (Undefined)
  - table = <undefined> (Undefined)
  - main = <undefined> (Undefined)

2024-08-13 09:53:35,150 [T4] INFO  JobRequest
Callback - EngineClosed

2024-08-13 09:53:35,151 [T4] INFO  JobService
Disconnect agent service

2024-08-13 09:53:35,154 [T4] DEBUG JobRequest
End of Callback Sender

