2024-08-13 09:45:31,223 [T1] INFO  EngineStarter
BOT Engine Start - v3.1.100.11228 at 2024-08-13 오전 9:45:31
EngineID: D_20240813_094530_135
PID : 14488
PPID: 8128
Working Directory: C:\Users\2C000013\AppData\Roaming\Brity RPA Designer

2024-08-13 09:45:31,240 [T1] INFO  EngineStarter
System Language: ko-KR
Resolution: 1920 x 1200

2024-08-13 09:45:31,494 [T1] INFO  Config
Initialize Config

2024-08-13 09:45:31,543 [T1] DEBUG Config
Config Loaded

2024-08-13 09:45:31,544 [T1] DEBUG Config
Backup config file.

2024-08-13 09:45:31,556 [T1] INFO  Config
Orchestrator Service => https://bwrpa.samsungsds.com:8777

2024-08-13 09:45:31,561 [T1] INFO  Config
Initialize Resource Config

2024-08-13 09:45:31,588 [T1] DEBUG Config
Refresh Language Information

2024-08-13 09:45:31,685 [T1] INFO  Config
All Config Initialized.

2024-08-13 09:45:31,700 [T1] DEBUG KeyManager
Initialize KeyManager

2024-08-13 09:45:31,704 [T1] DEBUG KeyManager
Load device unique id.

2024-08-13 09:45:31,716 [T1] DEBUG KeyManager
Device ID is initialized.

2024-08-13 09:45:31,777 [T1] INFO  CertLicenseClient
Initialize certificate.

2024-08-13 09:45:31,785 [T1] DEBUG CertLicenseClient
Set Security Protocol: Tls12

2024-08-13 09:45:31,926 [T4] DEBUG JobService
Connect to agent service

2024-08-13 09:45:31,991 [T1] DEBUG ApplicationInitializer
InitMode: Thread

2024-08-13 09:45:31,999 [T1] INFO  LibraryManager
Load Libraries - Started

2024-08-13 09:45:32,015 [T4] DEBUG JobService
JobService URL : net.tcp://127.0.0.1:59001/rpa/agent

2024-08-13 09:45:32,015 [T4] DEBUG JobService
Open connection

2024-08-13 09:45:32,029 [T4] DEBUG JobService
Register engine to agent

2024-08-13 09:45:32,050 [T1] DEBUG AddInLoader
Load Assembly : IPA.Lib.Chrome

2024-08-13 09:45:32,089 [T4] DEBUG JobService
Engine is connected to agent service.

2024-08-13 09:45:32,089 [T4] DEBUG JobService
Owner Process PID: 8128

2024-08-13 09:45:32,097 [T4] INFO  JobService
Start monitoring owner process is terminated.

2024-08-13 09:45:32,523 [T1] DEBUG AddInLoader
Load Assembly : IPA.Lib.Desktop

2024-08-13 09:45:32,741 [T1] DEBUG AddInLoader
Load Assembly : IPA.Lib.Excel

2024-08-13 09:45:32,916 [T1] DEBUG AddInLoader
Load Assembly : IPA.Lib.Flow

2024-08-13 09:45:33,044 [T1] DEBUG AddInLoader
Load Assembly : IPA.Lib.IE

2024-08-13 09:45:33,146 [T1] DEBUG AddInLoader
Load Assembly : IPA.Lib.ImageConverter

2024-08-13 09:45:33,212 [T1] DEBUG AddInLoader
Load Assembly : IPA.Lib.ImageRecognition

2024-08-13 09:45:33,431 [T1] DEBUG AddInLoader
Load Assembly : IPA.Lib.MicrosoftOCR

2024-08-13 09:45:33,500 [T1] DEBUG AddInLoader
Load Assembly : IPA.Lib.Net

2024-08-13 09:45:33,597 [T1] DEBUG AddInLoader
Load Assembly : IPA.Lib.Orchestra

2024-08-13 09:45:33,694 [T1] DEBUG AddInLoader
Load Assembly : IPA.Lib.ProcessFlow

2024-08-13 09:45:33,781 [T1] DEBUG AddInLoader
Load Assembly : IPA.Lib.SAP

2024-08-13 09:45:33,859 [T1] DEBUG AddInLoader
Load Assembly : IPA.Lib.Web

2024-08-13 09:45:33,961 [T1] DEBUG AddInLoader
Load Assembly : IPA.Lib.Win

2024-08-13 09:45:34,085 [T1] INFO  ScreenCapture
Default Screen Capture Bounds: 0,0,1920,1200

2024-08-13 09:45:34,115 [T1] DEBUG AddInLoader
Load Assembly : BrityRPA.AddIn.NativeApp

2024-08-13 09:45:34,219 [T1] DEBUG AddInLoader
Load Assembly : BrityWorks.AddIn.Outlook

2024-08-13 09:45:34,285 [T1] DEBUG AddInLoader
Load Assembly : BrityWorks.AddIn.Pdf

2024-08-13 09:45:34,377 [T1] DEBUG LibraryManager
Load Library - Chrome

2024-08-13 09:45:34,392 [T1] DEBUG LibraryManager
Load Library - Desktop

2024-08-13 09:45:34,408 [T1] DEBUG LibraryManager
Load Library - Excel

2024-08-13 09:45:34,424 [T1] DEBUG LibraryManager
Load Library - Flow

2024-08-13 09:45:34,440 [T1] DEBUG LibraryManager
Load Library - IE

2024-08-13 09:45:34,456 [T1] DEBUG LibraryManager
Load Library - ImageConverter

2024-08-13 09:45:34,472 [T1] DEBUG LibraryManager
Load Library - ImageRecognition

2024-08-13 09:45:34,488 [T1] DEBUG LibraryManager
Load Library - MicrosoftOCR

2024-08-13 09:45:34,503 [T1] DEBUG LibraryManager
Load Library - NativeApp

2024-08-13 09:45:34,519 [T1] DEBUG LibraryManager
Load Library - Net

2024-08-13 09:45:34,535 [T1] DEBUG LibraryManager
Load Library - Orchestra

2024-08-13 09:45:34,551 [T1] DEBUG LibraryManager
Load Library - Outlook

2024-08-13 09:45:34,567 [T1] DEBUG LibraryManager
Load Library - Pdf

2024-08-13 09:45:34,583 [T1] DEBUG LibraryManager
Load Library - SAP

2024-08-13 09:45:34,599 [T1] DEBUG LibraryManager
Load Library - Web

2024-08-13 09:45:34,615 [T1] DEBUG LibraryManager
Load Library - Win

2024-08-13 09:45:34,631 [T1] DEBUG LibraryManager
Load Library - WorkFlow

2024-08-13 09:45:34,635 [T1] DEBUG LibraryManager
Load built-in script libraries

2024-08-13 09:45:34,874 [T1] INFO  LibraryManager
Load Libraries - Completed.

2024-08-13 09:45:34,887 [T1] INFO  App
Launch Arguments: Total: 6 |  -eid D_20240813_094530_135 -runtype ProcRunner -ppid 8128

2024-08-13 09:45:34,887 [T1] DEBUG Config
Refresh Language Information

2024-08-13 09:45:34,888 [T1] DEBUG LibraryManager
LibraryManager Initialized.

2024-08-13 09:51:53,560 [T7] INFO  JobService
Start Job: P_사용기업_재무_자동화 (Foreground)
{
  "JobType": 1,
  "State": 0,
  "IsRunning": false,
  "ResultMessage": null,
  "StartTime": "2024-08-13 09:51:53",
  "EndTime": null,
  "JobId": "Designer_20240813_095153_393",
  "UserAuthentication": null,
  "ProcessPath": "C:\\Users\\2C000013\\Documents\\Brity RPA Projects\\사용기업_재무_자동화\\P_사용기업_재무_자동화.proc",
  "ProcessId": "9ca48709-f79f-4144-b101-e11e36eb5fac",
  "ProcessVer": "",
  "ProcessArgs": null,
  "RequesterType": 3,
  "RequesterId": "designer",
  "RequesterPID": 8128,
  "OptionsJsonString": null,
  "TimeoutSec": 0,
  "EngineID": "D_20240813_094530_135",
  "EnginePID": 0,
  "EngineRecommededVersion": "",
  "JobWorkDir": "C:\\Users\\2C000013\\Documents\\Brity RPA Projects\\사용기업_재무_자동화\\Histories\\20240813_095153_P_사용기업_재무_자동화_Designer_20240813_095153_393",
  "JobLogDir": "C:\\Users\\2C000013\\Documents\\Brity RPA Projects\\사용기업_재무_자동화\\Histories\\20240813_095153_P_사용기업_재무_자동화_Designer_20240813_095153_393\\Log",
  "JobScreenshotDir": "C:\\Users\\2C000013\\Documents\\Brity RPA Projects\\사용기업_재무_자동화\\Histories\\20240813_095153_P_사용기업_재무_자동화_Designer_20240813_095153_393\\Log\\Screenshot"
}

2024-08-13 09:51:53,707 [T11] DEBUG JobService
Waiting library loading...

2024-08-13 09:51:53,710 [T11] DEBUG Config
Reload User Settings

2024-08-13 09:51:53,711 [T11] INFO  JobService
Config Loading Completed.

2024-08-13 09:51:53,711 [T11] DEBUG JobService
Config Loading Time: 3 ms.

2024-08-13 09:51:53,716 [T11] DEBUG JobService
Check Shared Token

2024-08-13 09:51:53,717 [T11] DEBUG TokenManager
Load connection token

2024-08-13 09:51:53,719 [T11] DEBUG TokenManager
Clear Connection Token - No Shared Token

2024-08-13 09:51:53,746 [T1] DEBUG ServerInformationClient
Request server feature list

2024-08-13 09:51:53,822 [T1] INFO  ServerInformationClient
Server feature update successful

2024-08-13 09:51:53,825 [T1] INFO  ServerInformationClient
It takes 88 milliseconds to try to update the server feature list.

2024-08-13 09:51:53,826 [T1] INFO  Config
Update server features to config.

2024-08-13 09:51:53,844 [T11] INFO  JobService
Shared Token - No Token

2024-08-13 09:51:53,850 [T11] INFO  JobManager
Create JobManager instance for job P_사용기업_재무_자동화(Designer_20240813_095153_393)

2024-08-13 09:51:53,856 [T11] INFO  JobRequest
Job ID : Designer_20240813_095153_393
Project Path  : C:\Users\2C000013\Documents\Brity RPA Projects\사용기업_재무_자동화\사용기업_재무_자동화.proj
Process Name  : P_사용기업_재무_자동화
Engine Mode   : Designer
Requester Type: Designer
Requester PID : 8128

2024-08-13 09:51:53,860 [T10] INFO  JobRequest
Start Callback Sender

2024-08-13 09:51:53,861 [T10] DEBUG JobRequest
Step Callback Interval: 500

2024-08-13 09:51:53,905 [T11] DEBUG ProjectManager
Set Project Information

2024-08-13 09:51:53,930 [T11] INFO  PlayOptionManager
PlayOption
- Step Interval : 1
- Disable DrawBounds : False
- Invoke First : False
- Allow Upload of DumpScreen results : False

2024-08-13 09:51:53,931 [T11] INFO  JobRunner
Initialize Script Engine

2024-08-13 09:51:53,947 [T16-ScriptEngine] INFO  JobRequest
##############################################################
### STATE: Initializing
##############################################################


2024-08-13 09:51:53,966 [T10] DEBUG JobRequest
Callback - State: Initializing


2024-08-13 09:51:54,850 [T16-ScriptEngine] INFO  JobRequest
##############################################################
### STATE: Ready
##############################################################


2024-08-13 09:51:54,861 [T11] INFO  JobRunnerHook
HotKey Hook Started

2024-08-13 09:51:54,862 [T10] DEBUG JobRequest
Callback - State: Ready


2024-08-13 09:51:54,862 [T11] INFO  JobRequest
##############################################################
### STATE: Starting
##############################################################


2024-08-13 09:51:54,864 [T16-ScriptEngine] INFO  JobRunner
RunProcess start

2024-08-13 09:51:54,866 [T16-ScriptEngine] INFO  JobRequest
##############################################################
### STATE: Running
##############################################################


2024-08-13 09:51:54,866 [T16-ScriptEngine] INFO  JobRequest
Last job life cycle state: Running

2024-08-13 09:51:54,878 [T10] DEBUG JobRequest
Callback - State: Starting


2024-08-13 09:51:54,878 [T10] DEBUG JobRequest
Callback - State: Running


2024-08-13 09:51:55,918 [T16-ScriptEngine] DEBUG ScreenCapture
DirectX Screen Capture Initialized.

2024-08-13 09:51:55,987 [T16-ScriptEngine] DEBUG JobRunner
DirectX ScreenCapture Checked.

2024-08-13 09:51:56,015 [T16-ScriptEngine] INFO  JobRequest
##############################################################
### STATE: StartProcess - P_사용기업_재무_자동화
##############################################################
9ca48709-f79f-4144-b101-e11e36eb5fac
P_사용기업_재무_자동화


2024-08-13 09:51:56,067 [T16-ScriptEngine] INFO  JobRequest
**************************************************************
*** TASK: P_사용기업_재무_자동화
**************************************************************
 - STEP 1: S99942d1cd2764bb8a36cf044c2490843 (1/8) - (1/7)
 - [1] OpenBrowser


2024-08-13 09:51:56,246 [T16-ScriptEngine] INFO  UiaAppHelper
Open App: C:\Program Files\Internet Explorer\iexplore.exe
Arguments: file:///C:/rpa/main.html
Derived App: iexplore

2024-08-13 09:51:56,410 [T16-ScriptEngine] INFO  UiaAppHelper
Process(9520) Started.

2024-08-13 09:51:56,927 [T16-ScriptEngine] WARN  UiaAppHelper
The newly launched process(PID:9520) is immediately terminated.

2024-08-13 09:51:57,457 [T16-ScriptEngine] DEBUG UiaAppHelper
The number of new application windows: 0

2024-08-13 09:51:57,974 [T16-ScriptEngine] DEBUG UiaAppHelper
The number of new application windows: 0

2024-08-13 09:51:58,505 [T16-ScriptEngine] DEBUG UiaAppHelper
The number of new application windows: 0

2024-08-13 09:51:59,023 [T16-ScriptEngine] DEBUG UiaAppHelper
The number of new application windows: 0

2024-08-13 09:51:59,550 [T16-ScriptEngine] DEBUG UiaAppHelper
The number of new application windows: 0

2024-08-13 09:52:00,077 [T16-ScriptEngine] DEBUG UiaAppHelper
The number of new application windows: 0

2024-08-13 09:52:00,595 [T16-ScriptEngine] DEBUG UiaAppHelper
The number of new application windows: 0

2024-08-13 09:52:01,128 [T16-ScriptEngine] DEBUG UiaAppHelper
The number of new application windows: 0

2024-08-13 09:52:01,657 [T16-ScriptEngine] DEBUG UiaAppHelper
The number of new application windows: 0

2024-08-13 09:52:02,181 [T16-ScriptEngine] DEBUG UiaAppHelper
The number of new application windows: 0

2024-08-13 09:52:02,712 [T16-ScriptEngine] DEBUG UiaAppHelper
The number of new application windows: 0

2024-08-13 09:52:03,240 [T16-ScriptEngine] DEBUG UiaAppHelper
The number of new application windows: 0

2024-08-13 09:52:03,757 [T16-ScriptEngine] DEBUG UiaAppHelper
The number of new application windows: 0

2024-08-13 09:52:04,278 [T16-ScriptEngine] DEBUG UiaAppHelper
The number of new application windows: 0

2024-08-13 09:52:04,803 [T16-ScriptEngine] DEBUG UiaAppHelper
The number of new application windows: 0

2024-08-13 09:52:05,329 [T16-ScriptEngine] DEBUG UiaAppHelper
The number of new application windows: 0

2024-08-13 09:52:05,856 [T16-ScriptEngine] DEBUG UiaAppHelper
The number of new application windows: 0

2024-08-13 09:52:06,381 [T16-ScriptEngine] DEBUG UiaAppHelper
The number of new application windows: 0

2024-08-13 09:52:06,903 [T16-ScriptEngine] DEBUG UiaAppHelper
The number of new application windows: 0

2024-08-13 09:52:07,161 [T3] INFO  JobService
PauseJob

2024-08-13 09:52:07,162 [T3] INFO  JobRunner
Try Pause

2024-08-13 09:52:07,162 [T3] INFO  JobRequest
##############################################################
### STATE: Paused
##############################################################


2024-08-13 09:52:07,162 [T3] INFO  JobRequest
Last job life cycle state: Paused

2024-08-13 09:52:07,178 [T10] DEBUG JobRequest
Callback - State: Paused


2024-08-13 09:52:07,428 [T16-ScriptEngine] DEBUG UiaAppHelper
The number of new application windows: 0

2024-08-13 09:52:07,429 [T16-ScriptEngine] ERROR UiaAppHelper
앱 프로세스가 시작되었으나 실행 상태를 확인할 수 없습니다.
앱 실행을 위한 명령어와 실행인자, 실행 확인을 위한 검사 속성을 확인해주세요.
이미 실행 중인 앱이 명령을 처리하거나 새로 시작된 앱이 즉시 종료되는 경우, 앱의 실행을 검사하지 않도록 'Derived App'을 null로 설정하세요.

 - Command: C:\Program Files\Internet Explorer\iexplore.exe
 - Arguments: file:///C:/rpa/main.html
 - Derived App: iexplore
 - WaitTime: 10

2024-08-13 09:52:09,891 [T16-ScriptEngine] WARN  ScriptSupport
[CATCH_STEP_EXCEPTION] Process: P_사용기업_재무_자동화
Step: OpenBrowser (1/8)

Error: 앱 프로세스가 시작되었으나 실행 상태를 확인할 수 없습니다.
앱 실행을 위한 명령어와 실행인자, 실행 확인을 위한 검사 속성을 확인해주세요.
이미 실행 중인 앱이 명령을 처리하거나 새로 시작된 앱이 즉시 종료되는 경우, 앱의 실행을 검사하지 않도록 'Derived App'을 null로 설정하세요.

 - Command: C:\Program Files\Internet Explorer\iexplore.exe
 - Arguments: file:///C:/rpa/main.html
 - Derived App: iexplore
 - WaitTime: 10

2024-08-13 09:52:09,897 [T16-ScriptEngine] FINE  JobRunner
RunTask ExceptionOccured. TASK: P_사용기업_재무_자동화 => 앱 프로세스가 시작되었으나 실행 상태를 확인할 수 없습니다.
앱 실행을 위한 명령어와 실행인자, 실행 확인을 위한 검사 속성을 확인해주세요.
이미 실행 중인 앱이 명령을 처리하거나 새로 시작된 앱이 즉시 종료되는 경우, 앱의 실행을 검사하지 않도록 'Derived App'을 null로 설정하세요.

 - Command: C:\Program Files\Internet Explorer\iexplore.exe
 - Arguments: file:///C:/rpa/main.html
 - Derived App: iexplore
 - WaitTime: 10

2024-08-13 09:52:09,927 [T16-ScriptEngine] INFO  JobRequest
##############################################################
### STATE: EndProcess - P_사용기업_재무_자동화
##############################################################
9ca48709-f79f-4144-b101-e11e36eb5fac
P_사용기업_재무_자동화


2024-08-13 09:52:09,942 [T16-ScriptEngine] ERROR JobRunner
Process: P_사용기업_재무_자동화
Step: OpenBrowser (1/8)

앱 프로세스가 시작되었으나 실행 상태를 확인할 수 없습니다.
앱 실행을 위한 명령어와 실행인자, 실행 확인을 위한 검사 속성을 확인해주세요.
이미 실행 중인 앱이 명령을 처리하거나 새로 시작된 앱이 즉시 종료되는 경우, 앱의 실행을 검사하지 않도록 'Derived App'을 null로 설정하세요.

 - Command: C:\Program Files\Internet Explorer\iexplore.exe
 - Arguments: file:///C:/rpa/main.html
 - Derived App: iexplore
 - WaitTime: 10

[CallStack]
  - P_사용기업_재무_자동화: [1] OpenBrowser

[Global Variables]
  - 경로 = 'C:\\Users\\2C000013\\Desktop\\' (String)
  - RESULT = <null> (Any)

[P_사용기업_재무_자동화 Variables]
  - excel = <undefined> (Undefined)
  - table = <undefined> (Undefined)
  - main = <undefined> (Undefined)

2024-08-13 09:52:09,943 [T16-ScriptEngine] DEBUG JobManager
Set Result State: ExceptionOccured

2024-08-13 09:52:24,036 [T16-ScriptEngine] INFO  JobRunner
Make report.

2024-08-13 09:52:24,075 [T16-ScriptEngine] INFO  JobRunner
Start to clean up resources.

2024-08-13 09:52:24,076 [T12] DEBUG JobRunner
Start timer for checking the job to be completed.

2024-08-13 09:52:24,077 [T16-ScriptEngine] DEBUG JobRunner
OnProcessFailed

2024-08-13 09:52:24,078 [T16-ScriptEngine] INFO  JobRunner
Start to clean up resources.

2024-08-13 09:52:24,080 [T16-ScriptEngine] DEBUG JobRunner
Remove all libraries

2024-08-13 09:52:24,081 [T16-ScriptEngine] DEBUG NetPlayer
WebPlayer OnDispose

2024-08-13 09:52:24,082 [T16-ScriptEngine] DEBUG WebPlayer
WebPlayer OnDispose : Do Nothing

2024-08-13 09:52:24,085 [T16-ScriptEngine] DEBUG UiaAppHelper
WinHelper DisposeAppList Count: 0

2024-08-13 09:52:24,085 [T16-ScriptEngine] INFO  JobRunner
All Resources Clear

2024-08-13 09:52:24,088 [T16-ScriptEngine] DEBUG JobRunner
OnCompleted

2024-08-13 09:52:24,089 [T16-ScriptEngine] DEBUG JobRunner
SendJobResult: ExceptionOccured

2024-08-13 09:52:24,089 [T16-ScriptEngine] INFO  JobRequest
##############################################################
### STATE: ExceptionOccured
##############################################################
Process: P_사용기업_재무_자동화
Step: OpenBrowser (1/8)

앱 프로세스가 시작되었으나 실행 상태를 확인할 수 없습니다.
앱 실행을 위한 명령어와 실행인자, 실행 확인을 위한 검사 속성을 확인해주세요.
이미 실행 중인 앱이 명령을 처리하거나 새로 시작된 앱이 즉시 종료되는 경우, 앱의 실행을 검사하지 않도록 'Derived App'을 null로 설정하세요.

 - Command: C:\Program Files\Internet Explorer\iexplore.exe
 - Arguments: file:///C:/rpa/main.html
 - Derived App: iexplore
 - WaitTime: 10

[CallStack]
  - P_사용기업_재무_자동화: [1] OpenBrowser

[Global Variables]
  - 경로 = 'C:\\Users\\2C000013\\Desktop\\' (String)
  - RESULT = <null> (Any)

[P_사용기업_재무_자동화 Variables]
  - excel = <undefined> (Undefined)
  - table = <undefined> (Undefined)
  - main = <undefined> (Undefined)


2024-08-13 09:52:24,089 [T16-ScriptEngine] INFO  JobRequest
Last job life cycle state: ExceptionOccured

2024-08-13 09:52:24,102 [T16-ScriptEngine] INFO  JobRequest
##############################################################
### JOB COMPLETED
##############################################################


2024-08-13 09:52:24,114 [T10] DEBUG JobRequest
Callback - State: ExceptionOccured
Process: P_사용기업_재무_자동화
Step: OpenBrowser (1/8)

앱 프로세스가 시작되었으나 실행 상태를 확인할 수 없습니다.
앱 실행을 위한 명령어와 실행인자, 실행 확인을 위한 검사 속성을 확인해주세요.
이미 실행 중인 앱이 명령을 처리하거나 새로 시작된 앱이 즉시 종료되는 경우, 앱의 실행을 검사하지 않도록 'Derived App'을 null로 설정하세요.

 - Command: C:\Program Files\Internet Explorer\iexplore.exe
 - Arguments: file:///C:/rpa/main.html
 - Derived App: iexplore
 - WaitTime: 10

[CallStack]
  - P_사용기업_재무_자동화: [1] OpenBrowser

[Global Variables]
  - 경로 = 'C:\\Users\\2C000013\\Desktop\\' (String)
  - RESULT = <null> (Any)

[P_사용기업_재무_자동화 Variables]
  - excel = <undefined> (Undefined)
  - table = <undefined> (Undefined)
  - main = <undefined> (Undefined)

2024-08-13 09:52:24,116 [T10] INFO  JobRequest
Callback - EngineClosed

2024-08-13 09:52:24,117 [T10] INFO  JobService
Disconnect agent service

2024-08-13 09:52:24,119 [T10] DEBUG JobRequest
End of Callback Sender

