2024-08-13 09:52:24,855 [T1] INFO  EngineStarter
BOT Engine Start - v3.1.100.11228 at 2024-08-13 오전 9:52:24
EngineID: D_20240813_095224_122
PID : 12540
PPID: 8128
Working Directory: C:\Users\2C000013\AppData\Roaming\Brity RPA Designer

2024-08-13 09:52:24,872 [T1] INFO  EngineStarter
System Language: ko-KR
Resolution: 1920 x 1200

2024-08-13 09:52:25,128 [T1] INFO  Config
Initialize Config

2024-08-13 09:52:25,170 [T1] DEBUG Config
Config Loaded

2024-08-13 09:52:25,171 [T1] DEBUG Config
Backup config file.

2024-08-13 09:52:25,180 [T1] INFO  Config
Orchestrator Service => https://bwrpa.samsungsds.com:8777

2024-08-13 09:52:25,184 [T1] INFO  Config
Initialize Resource Config

2024-08-13 09:52:25,211 [T1] DEBUG Config
Refresh Language Information

2024-08-13 09:52:25,292 [T1] INFO  Config
All Config Initialized.

2024-08-13 09:52:25,299 [T1] DEBUG KeyManager
Initialize KeyManager

2024-08-13 09:52:25,302 [T1] DEBUG KeyManager
Load device unique id.

2024-08-13 09:52:25,309 [T1] DEBUG KeyManager
Device ID is initialized.

2024-08-13 09:52:25,344 [T1] INFO  CertLicenseClient
Initialize certificate.

2024-08-13 09:52:25,348 [T1] DEBUG CertLicenseClient
Set Security Protocol: Tls12

2024-08-13 09:52:25,373 [T5] DEBUG JobService
Connect to agent service

2024-08-13 09:52:25,404 [T5] DEBUG JobService
JobService URL : net.tcp://127.0.0.1:59001/rpa/agent

2024-08-13 09:52:25,404 [T5] DEBUG JobService
Open connection

2024-08-13 09:52:25,414 [T1] DEBUG ApplicationInitializer
InitMode: Thread

2024-08-13 09:52:25,419 [T5] DEBUG JobService
Register engine to agent

2024-08-13 09:52:25,433 [T1] INFO  LibraryManager
Load Libraries - Started

2024-08-13 09:52:25,433 [T5] DEBUG JobService
Engine is connected to agent service.

2024-08-13 09:52:25,433 [T5] DEBUG JobService
Owner Process PID: 8128

2024-08-13 09:52:25,438 [T5] INFO  JobService
Start monitoring owner process is terminated.

2024-08-13 09:52:25,449 [T1] DEBUG AddInLoader
Load Assembly : IPA.Lib.Chrome

2024-08-13 09:52:25,740 [T1] DEBUG AddInLoader
Load Assembly : IPA.Lib.Desktop

2024-08-13 09:52:25,925 [T1] DEBUG AddInLoader
Load Assembly : IPA.Lib.Excel

2024-08-13 09:52:26,097 [T1] DEBUG AddInLoader
Load Assembly : IPA.Lib.Flow

2024-08-13 09:52:26,212 [T1] DEBUG AddInLoader
Load Assembly : IPA.Lib.IE

2024-08-13 09:52:26,305 [T1] DEBUG AddInLoader
Load Assembly : IPA.Lib.ImageConverter

2024-08-13 09:52:26,365 [T1] DEBUG AddInLoader
Load Assembly : IPA.Lib.ImageRecognition

2024-08-13 09:52:26,591 [T1] DEBUG AddInLoader
Load Assembly : IPA.Lib.MicrosoftOCR

2024-08-13 09:52:26,667 [T1] DEBUG AddInLoader
Load Assembly : IPA.Lib.Net

2024-08-13 09:52:26,773 [T1] DEBUG AddInLoader
Load Assembly : IPA.Lib.Orchestra

2024-08-13 09:52:26,876 [T1] DEBUG AddInLoader
Load Assembly : IPA.Lib.ProcessFlow

2024-08-13 09:52:26,979 [T1] DEBUG AddInLoader
Load Assembly : IPA.Lib.SAP

2024-08-13 09:52:27,057 [T1] DEBUG AddInLoader
Load Assembly : IPA.Lib.Web

2024-08-13 09:52:27,168 [T1] DEBUG AddInLoader
Load Assembly : IPA.Lib.Win

2024-08-13 09:52:27,293 [T1] INFO  ScreenCapture
Default Screen Capture Bounds: 0,0,1920,1200

2024-08-13 09:52:27,323 [T1] DEBUG AddInLoader
Load Assembly : BrityRPA.AddIn.NativeApp

2024-08-13 09:52:27,433 [T1] DEBUG AddInLoader
Load Assembly : BrityWorks.AddIn.Outlook

2024-08-13 09:52:27,503 [T1] DEBUG AddInLoader
Load Assembly : BrityWorks.AddIn.Pdf

2024-08-13 09:52:27,591 [T1] DEBUG LibraryManager
Load Library - Chrome

2024-08-13 09:52:27,607 [T1] DEBUG LibraryManager
Load Library - Desktop

2024-08-13 09:52:27,623 [T1] DEBUG LibraryManager
Load Library - Excel

2024-08-13 09:52:27,639 [T1] DEBUG LibraryManager
Load Library - Flow

2024-08-13 09:52:27,655 [T1] DEBUG LibraryManager
Load Library - IE

2024-08-13 09:52:27,671 [T1] DEBUG LibraryManager
Load Library - ImageConverter

2024-08-13 09:52:27,687 [T1] DEBUG LibraryManager
Load Library - ImageRecognition

2024-08-13 09:52:27,703 [T1] DEBUG LibraryManager
Load Library - MicrosoftOCR

2024-08-13 09:52:27,719 [T1] DEBUG LibraryManager
Load Library - NativeApp

2024-08-13 09:52:27,735 [T1] DEBUG LibraryManager
Load Library - Net

2024-08-13 09:52:27,751 [T1] DEBUG LibraryManager
Load Library - Orchestra

2024-08-13 09:52:27,767 [T1] DEBUG LibraryManager
Load Library - Outlook

2024-08-13 09:52:27,782 [T1] DEBUG LibraryManager
Load Library - Pdf

2024-08-13 09:52:27,798 [T1] DEBUG LibraryManager
Load Library - SAP

2024-08-13 09:52:27,814 [T1] DEBUG LibraryManager
Load Library - Web

2024-08-13 09:52:27,830 [T1] DEBUG LibraryManager
Load Library - Win

2024-08-13 09:52:27,846 [T1] DEBUG LibraryManager
Load Library - WorkFlow

2024-08-13 09:52:27,855 [T1] DEBUG LibraryManager
Load built-in script libraries

2024-08-13 09:52:28,166 [T1] INFO  LibraryManager
Load Libraries - Completed.

2024-08-13 09:52:28,183 [T1] INFO  App
Launch Arguments: Total: 6 |  -eid D_20240813_095224_122 -runtype ProcRunner -ppid 8128

2024-08-13 09:52:28,183 [T1] DEBUG Config
Refresh Language Information

2024-08-13 09:52:28,184 [T1] DEBUG LibraryManager
LibraryManager Initialized.

2024-08-13 09:53:01,222 [T7] INFO  JobService
Start Job: P_사용기업_재무_자동화 (Foreground)
{
  "JobType": 1,
  "State": 0,
  "IsRunning": false,
  "ResultMessage": null,
  "StartTime": "2024-08-13 09:53:01",
  "EndTime": null,
  "JobId": "Designer_20240813_095301_054",
  "UserAuthentication": null,
  "ProcessPath": "C:\\Users\\2C000013\\Documents\\Brity RPA Projects\\사용기업_재무_자동화\\P_사용기업_재무_자동화.proc",
  "ProcessId": "9ca48709-f79f-4144-b101-e11e36eb5fac",
  "ProcessVer": "",
  "ProcessArgs": null,
  "RequesterType": 3,
  "RequesterId": "designer",
  "RequesterPID": 8128,
  "OptionsJsonString": null,
  "TimeoutSec": 0,
  "EngineID": "D_20240813_095224_122",
  "EnginePID": 0,
  "EngineRecommededVersion": "",
  "JobWorkDir": "C:\\Users\\2C000013\\Documents\\Brity RPA Projects\\사용기업_재무_자동화\\Histories\\20240813_095301_P_사용기업_재무_자동화_Designer_20240813_095301_054",
  "JobLogDir": "C:\\Users\\2C000013\\Documents\\Brity RPA Projects\\사용기업_재무_자동화\\Histories\\20240813_095301_P_사용기업_재무_자동화_Designer_20240813_095301_054\\Log",
  "JobScreenshotDir": "C:\\Users\\2C000013\\Documents\\Brity RPA Projects\\사용기업_재무_자동화\\Histories\\20240813_095301_P_사용기업_재무_자동화_Designer_20240813_095301_054\\Log\\Screenshot"
}

2024-08-13 09:53:01,370 [T10] DEBUG JobService
Waiting library loading...

2024-08-13 09:53:01,373 [T10] DEBUG Config
Reload User Settings

2024-08-13 09:53:01,374 [T10] INFO  JobService
Config Loading Completed.

2024-08-13 09:53:01,374 [T10] DEBUG JobService
Config Loading Time: 3 ms.

2024-08-13 09:53:01,380 [T10] DEBUG JobService
Check Shared Token

2024-08-13 09:53:01,381 [T10] DEBUG TokenManager
Load connection token

2024-08-13 09:53:01,384 [T10] DEBUG TokenManager
Clear Connection Token - No Shared Token

2024-08-13 09:53:01,414 [T1] DEBUG ServerInformationClient
Request server feature list

2024-08-13 09:53:01,477 [T1] INFO  ServerInformationClient
Server feature update successful

2024-08-13 09:53:01,480 [T1] INFO  ServerInformationClient
It takes 72 milliseconds to try to update the server feature list.

2024-08-13 09:53:01,481 [T1] INFO  Config
Update server features to config.

2024-08-13 09:53:01,500 [T10] INFO  JobService
Shared Token - No Token

2024-08-13 09:53:01,505 [T10] INFO  JobManager
Create JobManager instance for job P_사용기업_재무_자동화(Designer_20240813_095301_054)

2024-08-13 09:53:01,511 [T10] INFO  JobRequest
Job ID : Designer_20240813_095301_054
Project Path  : C:\Users\2C000013\Documents\Brity RPA Projects\사용기업_재무_자동화\사용기업_재무_자동화.proj
Process Name  : P_사용기업_재무_자동화
Engine Mode   : Designer
Requester Type: Designer
Requester PID : 8128

2024-08-13 09:53:01,513 [T9] INFO  JobRequest
Start Callback Sender

2024-08-13 09:53:01,513 [T9] DEBUG JobRequest
Step Callback Interval: 500

2024-08-13 09:53:01,557 [T10] DEBUG ProjectManager
Set Project Information

2024-08-13 09:53:01,583 [T10] INFO  PlayOptionManager
PlayOption
- Step Interval : 1
- Disable DrawBounds : False
- Invoke First : False
- Allow Upload of DumpScreen results : False

2024-08-13 09:53:01,583 [T10] INFO  JobRunner
Initialize Script Engine

2024-08-13 09:53:01,600 [T16-ScriptEngine] INFO  JobRequest
##############################################################
### STATE: Initializing
##############################################################


2024-08-13 09:53:01,617 [T9] DEBUG JobRequest
Callback - State: Initializing


2024-08-13 09:53:02,536 [T16-ScriptEngine] INFO  JobRequest
##############################################################
### STATE: Ready
##############################################################


2024-08-13 09:53:02,537 [T9] DEBUG JobRequest
Callback - State: Ready


2024-08-13 09:53:02,548 [T10] INFO  JobRunnerHook
HotKey Hook Started

2024-08-13 09:53:02,548 [T10] INFO  JobRequest
##############################################################
### STATE: Starting
##############################################################


2024-08-13 09:53:02,550 [T16-ScriptEngine] INFO  JobRunner
RunProcess start

2024-08-13 09:53:02,552 [T16-ScriptEngine] INFO  JobRequest
##############################################################
### STATE: Running
##############################################################


2024-08-13 09:53:02,552 [T16-ScriptEngine] INFO  JobRequest
Last job life cycle state: Running

2024-08-13 09:53:02,553 [T9] DEBUG JobRequest
Callback - State: Starting


2024-08-13 09:53:02,569 [T9] DEBUG JobRequest
Callback - State: Running


2024-08-13 09:53:03,695 [T16-ScriptEngine] DEBUG ScreenCapture
DirectX Screen Capture Initialized.

2024-08-13 09:53:04,064 [T16-ScriptEngine] DEBUG JobRunner
DirectX ScreenCapture Checked.

2024-08-13 09:53:04,093 [T16-ScriptEngine] INFO  JobRequest
##############################################################
### STATE: StartProcess - P_사용기업_재무_자동화
##############################################################
9ca48709-f79f-4144-b101-e11e36eb5fac
P_사용기업_재무_자동화


2024-08-13 09:53:04,147 [T16-ScriptEngine] INFO  JobRequest
**************************************************************
*** TASK: P_사용기업_재무_자동화
**************************************************************
 - STEP 1: S99942d1cd2764bb8a36cf044c2490843 (1/8) - (1/7)
 - [1] OpenBrowser


2024-08-13 09:53:04,343 [T16-ScriptEngine] INFO  UiaAppHelper
Open App: C:\Program Files\Internet Explorer\iexplore.exe
Arguments: file:///C://rpa//main.html
Derived App: iexplore

2024-08-13 09:53:04,490 [T16-ScriptEngine] INFO  UiaAppHelper
Process(1912) Started.

2024-08-13 09:53:04,995 [T16-ScriptEngine] WARN  UiaAppHelper
The newly launched process(PID:1912) is immediately terminated.

2024-08-13 09:53:05,515 [T16-ScriptEngine] DEBUG UiaAppHelper
The number of new application windows: 0

2024-08-13 09:53:06,083 [T16-ScriptEngine] DEBUG UiaAppHelper
The number of new application windows: 0

2024-08-13 09:53:06,686 [T16-ScriptEngine] DEBUG UiaAppHelper
The number of new application windows: 0

2024-08-13 09:53:07,216 [T16-ScriptEngine] DEBUG UiaAppHelper
The number of new application windows: 0

2024-08-13 09:53:07,748 [T16-ScriptEngine] DEBUG UiaAppHelper
The number of new application windows: 0

2024-08-13 09:53:08,285 [T16-ScriptEngine] DEBUG UiaAppHelper
The number of new application windows: 0

2024-08-13 09:53:08,815 [T16-ScriptEngine] DEBUG UiaAppHelper
The number of new application windows: 0

2024-08-13 09:53:09,336 [T16-ScriptEngine] DEBUG UiaAppHelper
The number of new application windows: 0

2024-08-13 09:53:09,867 [T16-ScriptEngine] DEBUG UiaAppHelper
The number of new application windows: 0

2024-08-13 09:53:10,126 [T7] INFO  JobService
PauseJob

2024-08-13 09:53:10,127 [T7] INFO  JobRunner
Try Pause

2024-08-13 09:53:10,127 [T7] INFO  JobRequest
##############################################################
### STATE: Paused
##############################################################


2024-08-13 09:53:10,127 [T7] INFO  JobRequest
Last job life cycle state: Paused

2024-08-13 09:53:10,139 [T9] DEBUG JobRequest
Callback - State: Paused


2024-08-13 09:53:10,389 [T16-ScriptEngine] DEBUG UiaAppHelper
The number of new application windows: 0

2024-08-13 09:53:10,913 [T16-ScriptEngine] DEBUG UiaAppHelper
The number of new application windows: 0

2024-08-13 09:53:11,435 [T16-ScriptEngine] DEBUG UiaAppHelper
The number of new application windows: 0

2024-08-13 09:53:11,501 [T7] INFO  JobService
Stop Job

2024-08-13 09:53:11,503 [T7] INFO  JobRunner
Stop Job Runner - Cause: LocalUser / Message: stop by user

2024-08-13 09:53:11,503 [T7] INFO  JobRequest
##############################################################
### STATE: Stopping
##############################################################
stop by user


2024-08-13 09:53:11,514 [T9] DEBUG JobRequest
Callback - State: Stopping
stop by user

2024-08-13 09:53:11,514 [T16-ScriptEngine] DEBUG JobRunner
RunTask Interrupted. TASK: P_사용기업_재무_자동화 => Script execution interrupted by host

2024-08-13 09:53:11,541 [T16-ScriptEngine] DEBUG JobManager
Set Result State: Stopped

2024-08-13 09:53:11,548 [T16-ScriptEngine] INFO  JobRunner
Make report.

2024-08-13 09:53:11,576 [T16-ScriptEngine] INFO  JobRunner
Start to clean up resources.

2024-08-13 09:53:11,578 [T10] DEBUG JobRunner
Start timer for checking the job to be completed.

2024-08-13 09:53:11,578 [T16-ScriptEngine] DEBUG JobRunner
OnProcessCompleted

2024-08-13 09:53:11,578 [T16-ScriptEngine] INFO  JobRunner
Start to clean up resources.

2024-08-13 09:53:11,579 [T16-ScriptEngine] DEBUG JobRunner
Remove all Process Stack: 1

2024-08-13 09:53:11,593 [T16-ScriptEngine] INFO  JobRequest
##############################################################
### STATE: EndProcess - P_사용기업_재무_자동화
##############################################################
9ca48709-f79f-4144-b101-e11e36eb5fac
P_사용기업_재무_자동화


2024-08-13 09:53:11,594 [T16-ScriptEngine] DEBUG JobRunner
Remove all libraries

2024-08-13 09:53:11,595 [T16-ScriptEngine] DEBUG NetPlayer
WebPlayer OnDispose

2024-08-13 09:53:11,596 [T16-ScriptEngine] DEBUG WebPlayer
WebPlayer OnDispose : Do Nothing

2024-08-13 09:53:11,599 [T16-ScriptEngine] DEBUG UiaAppHelper
WinHelper DisposeAppList Count: 0

2024-08-13 09:53:11,599 [T16-ScriptEngine] INFO  JobRunner
All Resources Clear

2024-08-13 09:53:11,602 [T16-ScriptEngine] DEBUG JobRunner
OnCompleted

2024-08-13 09:53:11,603 [T16-ScriptEngine] DEBUG JobRunner
SendJobResult: Stopped

2024-08-13 09:53:11,603 [T16-ScriptEngine] INFO  JobRequest
##############################################################
### STATE: Stopped
##############################################################
Process: P_사용기업_재무_자동화
Step: OpenBrowser (1/8)

Stopped by User


2024-08-13 09:53:11,603 [T16-ScriptEngine] INFO  JobRequest
Last job life cycle state: Stopped

2024-08-13 09:53:11,612 [T9] DEBUG JobRequest
Callback - State: Stopped
Process: P_사용기업_재무_자동화
Step: OpenBrowser (1/8)

Stopped by User

2024-08-13 09:53:11,612 [T16-ScriptEngine] INFO  JobRequest
##############################################################
### JOB COMPLETED
##############################################################


2024-08-13 09:53:11,626 [T9] INFO  JobRequest
Callback - EngineClosed

2024-08-13 09:53:11,626 [T9] INFO  JobService
Disconnect agent service

2024-08-13 09:53:11,630 [T9] DEBUG JobRequest
End of Callback Sender

