<?xml version="1.0" encoding="utf-8"?>
<Result id="6fa0a8cb-38f8-4245-8a47-baa8a7bc7e3b" name="P_사용기업_재무_자동화" result="Pass" detail="{}" start="2024-08-13T06:19:49.031" end="2024-08-13T06:19:50.959" jobId="Designer_20240813_151946_002">
  <Step id="Safc8695281284b888f082e722993186c" taskName="P_사용기업_재무_자동화" type="Flow" name="Block" displayName="Block" callDepth="1" depth="1" num="67" result="Pass" start="2024-08-13T06:19:49.094" end="2024-08-13T06:19:49.185" displayTime="0.1s">
    <Variables />
    <Properties setIndex="0">
      <Property value="" runtimeType="String" key="Key_Description" displayKey="Description" visible="true" required="false" />
      <Property value="전자기업" runtimeType="String" key="Conditions_Title" displayKey="Title" visible="true" required="false" />
    </Properties>
  </Step>
  <Step id="S8849c4f6441b42c684b2baf48a93bab7" taskName="P_사용기업_재무_자동화" type="Excel" name="OpenExcel" displayName="OpenExcel" callDepth="1" depth="2" num="68" result="Pass" start="2024-08-13T06:19:49.195" end="2024-08-13T06:19:50.838" displayTime="1.6s">
    <Variables>
      <Variable name="경로" scope="Global" declareType="Any" isChanged="false" isChangable="false" runtimeType="String" value="'C:\\Users\\2C000013\\Desktop\\'" />
      <Variable name="electronic_excel" scope="Normal" owner="P_사용기업_재무_자동화" declareType="Any" isChanged="false" isChangable="true" runtimeType="Undefined" value="&lt;undefined&gt;" />
    </Variables>
    <Properties setIndex="0">
      <Property value="" runtimeType="String" key="Options_OnError" displayKey="On Error" visible="true" required="false" />
      <Property value="" runtimeType="String" key="Key_Description" displayKey="Description" visible="true" required="false" />
      <Property value="this.electronic_excel : Workbook" runtimeType="Any" key="Output_OutputExcel" displayKey="Excel" visible="true" required="true" />
      <Property value="'C:\\Users\\2C000013\\Desktop\\전자기업_재무제표.xlsx'" runtimeType="String" key="File_Path" displayKey="Path" visible="true" required="true" />
      <Property value="false" runtimeType="Boolean" key="File_Invisible" displayKey="Invisible" visible="true" required="false" />
      <Property value="false" runtimeType="Boolean" key="File_ReadOnly" displayKey="ReadOnly" visible="true" required="false" />
      <Property value="true" runtimeType="Boolean" key="File_Maximize" displayKey="Maximize" visible="true" required="false" />
      <Property value="false" runtimeType="Boolean" key="File_ExecuteShell" displayKey="Execute Shell" visible="true" required="false" />
      <Property value="60" runtimeType="Integer" key="File_Timeout" displayKey="Timeout" visible="false" required="true" />
      <Property value="false" runtimeType="Boolean" key="File_UsePassword" displayKey="UsePassword" visible="true" required="false" />
      <Property value="&lt;Secure Data&gt;" runtimeType="String" key="File_OpenPassword" displayKey="OpenPassword" visible="false" required="false" />
      <Property value="&lt;Secure Data&gt;" runtimeType="String" key="File_WritePassword" displayKey="WritePassword" visible="false" required="false" />
      <Property value="Comma(,)" runtimeType="String" key="File_TextDelimiter" displayKey="Text Delimiter" visible="true" required="false" />
    </Properties>
  </Step>
  <Step id="S3162a8119ce74fbdadd8e300603eb564" taskName="P_사용기업_재무_자동화" type="Excel" name="CreateWorkSheet" displayName="CreateWorkSheet" callDepth="1" depth="2" num="69" result="Pass" start="2024-08-13T06:19:50.858" end="2024-08-13T06:19:50.939" displayTime="0.1s">
    <Variables>
      <Variable name="electronic_excel" scope="Normal" owner="P_사용기업_재무_자동화" declareType="Any" isChanged="false" isChangable="true" runtimeType="Any" value="Workbook" />
    </Variables>
    <Properties setIndex="0">
      <Property value="" runtimeType="String" key="Options_OnError" displayKey="On Error" visible="true" required="false" />
      <Property value="" runtimeType="String" key="Key_Description" displayKey="Description" visible="true" required="false" />
      <Property value="Workbook" runtimeType="Any" key="Input_InputExcel" displayKey="Excel" visible="true" required="true" />
      <Property value="'LG전자_기업정보'" runtimeType="String" key="Sheet_SheetName" displayKey="SheetName" visible="true" required="true" />
      <Property value="0" runtimeType="Integer" key="Sheet_Position" displayKey="Position" visible="true" required="false" />
    </Properties>
  </Step>
  <Step id="Sf5b75dbc19cc4b5a9892c73ad27e093a" taskName="P_사용기업_재무_자동화" type="Flow" name="EndBlock" displayName="End-Block" callDepth="1" depth="2" num="129" result="Pass" start="2024-08-13T06:19:50.952" end="2024-08-13T06:19:50.958" displayTime="0s">
    <Variables />
    <Properties setIndex="0">
      <Property value="" runtimeType="String" key="Key_Description" displayKey="Description" visible="true" required="false" />
    </Properties>
  </Step>
  <JobInfo>
    <Info name="Bot Version" value="3.1.100.11228" />
    <Info name="Resolution" value="1920 x 1200" />
    <Info name="Language" value="한국어 (대한민국)" />
    <Info name="BotID" value="DESIGNER-HO8M8" />
  </JobInfo>
</Result>